yuv [info]: 176x144p 0:0 @ 25/1 fps (cfr)
x264 [warning]: --psnr used with psy on: results will be invalid!
x264 [warning]: --tune psnr should be used if attempting to benchmark psnr!
x264 [debug]: using mv_range_thread = 24
x264 [info]: using cpu capabilities: MMX2 SSE2Fast SSSE3 FastShuffle SSE4.2 AVX
x264 [info]: profile High, level 1.1
x264 [debug]: frame=   0 QP=2.00 NAL=3 Slice:I Poc:0   I:99   P:0    SKIP:0    size=17580 bytes PSNR Y:61.29 U:67.95 V:67.23
x264 [debug]: frame=   1 QP=5.00 NAL=2 Slice:P Poc:2   I:0    P:55   SKIP:44   size=2519 bytes PSNR Y:57.84 U:58.64 V:59.16
x264 [debug]: frame=   2 QP=5.00 NAL=2 Slice:P Poc:4   I:0    P:52   SKIP:47   size=2459 bytes PSNR Y:57.87 U:58.55 V:59.45
x264 [debug]: frame=   3 QP=5.00 NAL=2 Slice:P Poc:6   I:0    P:52   SKIP:47   size=2426 bytes PSNR Y:57.98 U:58.58 V:59.12
x264 [debug]: frame=   4 QP=5.00 NAL=2 Slice:P Poc:8   I:0    P:55   SKIP:44   size=2608 bytes PSNR Y:57.98 U:58.57 V:59.27
x264 [debug]: frame=   5 QP=5.00 NAL=2 Slice:P Poc:10  I:0    P:56   SKIP:43   size=2639 bytes PSNR Y:57.91 U:58.73 V:59.34
x264 [debug]: frame=   6 QP=5.00 NAL=2 Slice:P Poc:12  I:0    P:56   SKIP:43   size=2588 bytes PSNR Y:57.98 U:58.52 V:58.90
x264 [debug]: frame=   7 QP=5.00 NAL=2 Slice:P Poc:14  I:0    P:55   SKIP:44   size=2603 bytes PSNR Y:57.97 U:58.52 V:59.30
x264 [debug]: frame=   8 QP=5.00 NAL=2 Slice:P Poc:16  I:0    P:54   SKIP:45   size=2690 bytes PSNR Y:58.01 U:58.58 V:59.37
x264 [debug]: frame=   9 QP=5.00 NAL=2 Slice:P Poc:18  I:0    P:59   SKIP:40   size=2754 bytes PSNR Y:57.82 U:58.48 V:59.01
x264 [debug]: frame=  10 QP=5.00 NAL=2 Slice:P Poc:20  I:0    P:57   SKIP:42   size=2777 bytes PSNR Y:57.93 U:58.84 V:59.37
x264 [debug]: frame=  11 QP=5.00 NAL=2 Slice:P Poc:22  I:0    P:56   SKIP:43   size=2823 bytes PSNR Y:57.85 U:58.20 V:59.26
x264 [debug]: frame=  12 QP=5.00 NAL=2 Slice:P Poc:24  I:0    P:58   SKIP:41   size=2971 bytes PSNR Y:57.84 U:58.65 V:58.71
x264 [debug]: frame=  13 QP=5.00 NAL=2 Slice:P Poc:26  I:0    P:59   SKIP:40   size=2962 bytes PSNR Y:57.89 U:58.67 V:59.06
x264 [debug]: frame=  14 QP=5.00 NAL=2 Slice:P Poc:28  I:0    P:58   SKIP:41   size=3215 bytes PSNR Y:57.91 U:58.55 V:59.16
x264 [debug]: frame=  15 QP=5.00 NAL=2 Slice:P Poc:30  I:0    P:58   SKIP:41   size=3568 bytes PSNR Y:57.96 U:58.60 V:59.08
x264 [debug]: frame=  16 QP=5.00 NAL=2 Slice:P Poc:32  I:0    P:55   SKIP:44   size=3778 bytes PSNR Y:57.96 U:58.32 V:58.94
x264 [debug]: frame=  17 QP=5.00 NAL=2 Slice:P Poc:34  I:0    P:55   SKIP:44   size=3952 bytes PSNR Y:57.97 U:58.78 V:59.01
x264 [debug]: frame=  18 QP=5.00 NAL=2 Slice:P Poc:36  I:0    P:61   SKIP:38   size=4032 bytes PSNR Y:58.01 U:58.44 V:59.14
x264 [debug]: frame=  19 QP=5.00 NAL=2 Slice:P Poc:38  I:0    P:59   SKIP:40   size=3968 bytes PSNR Y:58.01 U:58.69 V:59.00
x264 [debug]: frame=  20 QP=5.00 NAL=2 Slice:P Poc:40  I:0    P:61   SKIP:38   size=3899 bytes PSNR Y:57.84 U:58.87 V:59.17
x264 [debug]: frame=  21 QP=5.00 NAL=2 Slice:P Poc:42  I:0    P:62   SKIP:37   size=3700 bytes PSNR Y:57.90 U:58.69 V:59.03
x264 [debug]: frame=  22 QP=5.00 NAL=2 Slice:P Poc:44  I:0    P:56   SKIP:43   size=3395 bytes PSNR Y:57.94 U:58.40 V:58.96
x264 [debug]: frame=  23 QP=5.00 NAL=2 Slice:P Poc:46  I:0    P:56   SKIP:43   size=3360 bytes PSNR Y:57.77 U:58.35 V:58.89
x264 [debug]: frame=  24 QP=5.00 NAL=2 Slice:P Poc:48  I:0    P:57   SKIP:42   size=3397 bytes PSNR Y:57.80 U:58.43 V:59.13
x264 [debug]: frame=  25 QP=5.00 NAL=2 Slice:P Poc:50  I:0    P:64   SKIP:35   size=3436 bytes PSNR Y:57.75 U:58.75 V:59.26
x264 [debug]: frame=  26 QP=5.00 NAL=2 Slice:P Poc:52  I:0    P:58   SKIP:41   size=3421 bytes PSNR Y:57.84 U:58.73 V:58.72
x264 [debug]: frame=  27 QP=5.00 NAL=2 Slice:P Poc:54  I:0    P:55   SKIP:44   size=3691 bytes PSNR Y:58.16 U:58.56 V:58.77
x264 [debug]: frame=  28 QP=5.00 NAL=2 Slice:P Poc:56  I:0    P:58   SKIP:41   size=3808 bytes PSNR Y:57.90 U:58.47 V:59.27
x264 [debug]: frame=  29 QP=5.00 NAL=2 Slice:P Poc:58  I:0    P:57   SKIP:42   size=3866 bytes PSNR Y:57.92 U:58.58 V:59.01
x264 [debug]: frame=  30 QP=5.00 NAL=2 Slice:P Poc:60  I:0    P:54   SKIP:45   size=3886 bytes PSNR Y:57.80 U:58.78 V:59.10
x264 [debug]: frame=  31 QP=5.00 NAL=2 Slice:P Poc:62  I:0    P:57   SKIP:42   size=3754 bytes PSNR Y:57.88 U:58.52 V:59.26
x264 [debug]: frame=  32 QP=5.00 NAL=2 Slice:P Poc:64  I:0    P:55   SKIP:44   size=3462 bytes PSNR Y:57.81 U:58.40 V:58.94
x264 [debug]: frame=  33 QP=5.00 NAL=2 Slice:P Poc:66  I:0    P:57   SKIP:42   size=3440 bytes PSNR Y:58.00 U:58.88 V:59.19
x264 [debug]: frame=  34 QP=5.00 NAL=2 Slice:P Poc:68  I:0    P:59   SKIP:40   size=3521 bytes PSNR Y:57.82 U:58.54 V:59.34
x264 [debug]: frame=  35 QP=5.00 NAL=2 Slice:P Poc:70  I:0    P:61   SKIP:38   size=3626 bytes PSNR Y:58.04 U:58.56 V:59.29
x264 [debug]: frame=  36 QP=5.00 NAL=2 Slice:P Poc:72  I:0    P:57   SKIP:42   size=3714 bytes PSNR Y:57.88 U:58.63 V:59.37
x264 [debug]: frame=  37 QP=5.00 NAL=2 Slice:P Poc:74  I:0    P:57   SKIP:42   size=3844 bytes PSNR Y:57.90 U:58.63 V:59.22
x264 [debug]: frame=  38 QP=5.00 NAL=2 Slice:P Poc:76  I:0    P:54   SKIP:45   size=3831 bytes PSNR Y:57.90 U:58.44 V:59.26
x264 [debug]: frame=  39 QP=5.00 NAL=2 Slice:P Poc:78  I:0    P:52   SKIP:47   size=3762 bytes PSNR Y:57.90 U:58.55 V:58.92
x264 [debug]: frame=  40 QP=5.00 NAL=2 Slice:P Poc:80  I:0    P:55   SKIP:44   size=3613 bytes PSNR Y:58.02 U:58.46 V:59.06
x264 [debug]: frame=  41 QP=5.00 NAL=2 Slice:P Poc:82  I:0    P:54   SKIP:45   size=3344 bytes PSNR Y:57.82 U:58.42 V:59.19
x264 [debug]: frame=  42 QP=5.00 NAL=2 Slice:P Poc:84  I:0    P:55   SKIP:44   size=3159 bytes PSNR Y:57.96 U:58.42 V:59.31
x264 [debug]: frame=  43 QP=5.00 NAL=2 Slice:P Poc:86  I:0    P:54   SKIP:45   size=3006 bytes PSNR Y:57.95 U:58.56 V:59.20
x264 [debug]: frame=  44 QP=5.00 NAL=2 Slice:P Poc:88  I:0    P:52   SKIP:47   size=3119 bytes PSNR Y:57.90 U:58.52 V:59.26
x264 [debug]: frame=  45 QP=5.00 NAL=2 Slice:P Poc:90  I:0    P:55   SKIP:44   size=3176 bytes PSNR Y:57.88 U:58.35 V:59.07
x264 [debug]: frame=  46 QP=5.00 NAL=2 Slice:P Poc:92  I:0    P:55   SKIP:44   size=3340 bytes PSNR Y:57.76 U:58.51 V:59.35
x264 [debug]: frame=  47 QP=5.00 NAL=2 Slice:P Poc:94  I:0    P:52   SKIP:47   size=3454 bytes PSNR Y:57.91 U:58.69 V:59.08
x264 [debug]: frame=  48 QP=5.00 NAL=2 Slice:P Poc:96  I:0    P:59   SKIP:40   size=3386 bytes PSNR Y:57.80 U:58.64 V:59.12
x264 [debug]: frame=  49 QP=5.00 NAL=2 Slice:P Poc:98  I:0    P:57   SKIP:42   size=3033 bytes PSNR Y:57.83 U:58.54 V:59.07
x264 [debug]: frame=  50 QP=5.00 NAL=2 Slice:P Poc:100 I:0    P:60   SKIP:39   size=2704 bytes PSNR Y:57.78 U:58.57 V:59.10
x264 [debug]: frame=  51 QP=5.00 NAL=2 Slice:P Poc:102 I:0    P:57   SKIP:42   size=2674 bytes PSNR Y:57.82 U:58.62 V:58.78
x264 [debug]: frame=  52 QP=5.00 NAL=2 Slice:P Poc:104 I:0    P:54   SKIP:45   size=2869 bytes PSNR Y:57.82 U:58.50 V:59.21
x264 [debug]: frame=  53 QP=5.00 NAL=2 Slice:P Poc:106 I:0    P:55   SKIP:44   size=3064 bytes PSNR Y:57.79 U:58.66 V:58.96
x264 [debug]: frame=  54 QP=5.00 NAL=2 Slice:P Poc:108 I:0    P:57   SKIP:42   size=3170 bytes PSNR Y:57.88 U:58.35 V:59.26
x264 [debug]: frame=  55 QP=5.00 NAL=2 Slice:P Poc:110 I:0    P:54   SKIP:45   size=3167 bytes PSNR Y:57.76 U:58.96 V:59.04
x264 [debug]: frame=  56 QP=5.00 NAL=2 Slice:P Poc:112 I:0    P:53   SKIP:46   size=3236 bytes PSNR Y:57.99 U:58.54 V:59.06
x264 [debug]: frame=  57 QP=5.00 NAL=2 Slice:P Poc:114 I:0    P:55   SKIP:44   size=2965 bytes PSNR Y:58.01 U:58.60 V:59.19
x264 [debug]: frame=  58 QP=5.00 NAL=2 Slice:P Poc:116 I:0    P:57   SKIP:42   size=3243 bytes PSNR Y:57.84 U:58.37 V:59.05
x264 [debug]: frame=  59 QP=5.00 NAL=2 Slice:P Poc:118 I:0    P:57   SKIP:42   size=3395 bytes PSNR Y:57.97 U:58.40 V:58.92
x264 [debug]: frame=  60 QP=5.00 NAL=2 Slice:P Poc:120 I:0    P:58   SKIP:41   size=3577 bytes PSNR Y:57.96 U:58.64 V:59.45
x264 [debug]: frame=  61 QP=5.00 NAL=2 Slice:P Poc:122 I:0    P:56   SKIP:43   size=3551 bytes PSNR Y:57.97 U:58.53 V:59.01
x264 [debug]: frame=  62 QP=5.00 NAL=2 Slice:P Poc:124 I:0    P:57   SKIP:42   size=3400 bytes PSNR Y:57.90 U:58.51 V:59.24
x264 [debug]: frame=  63 QP=5.00 NAL=2 Slice:P Poc:126 I:0    P:57   SKIP:42   size=3389 bytes PSNR Y:57.96 U:58.74 V:59.46
x264 [debug]: frame=  64 QP=5.00 NAL=2 Slice:P Poc:128 I:0    P:59   SKIP:40   size=3330 bytes PSNR Y:57.45 U:58.16 V:58.69
x264 [debug]: frame=  65 QP=5.00 NAL=2 Slice:P Poc:130 I:0    P:57   SKIP:42   size=3296 bytes PSNR Y:57.85 U:58.67 V:59.11
x264 [debug]: frame=  66 QP=5.00 NAL=2 Slice:P Poc:132 I:0    P:55   SKIP:44   size=3456 bytes PSNR Y:57.82 U:58.73 V:59.19
x264 [debug]: frame=  67 QP=5.00 NAL=2 Slice:P Poc:134 I:0    P:60   SKIP:39   size=3457 bytes PSNR Y:57.87 U:58.70 V:59.09
x264 [debug]: frame=  68 QP=5.00 NAL=2 Slice:P Poc:136 I:0    P:59   SKIP:40   size=3667 bytes PSNR Y:57.95 U:58.60 V:59.23
x264 [debug]: frame=  69 QP=5.00 NAL=2 Slice:P Poc:138 I:0    P:52   SKIP:47   size=3790 bytes PSNR Y:57.89 U:58.66 V:59.06
x264 [debug]: frame=  70 QP=5.00 NAL=2 Slice:P Poc:140 I:0    P:56   SKIP:43   size=3855 bytes PSNR Y:57.88 U:58.52 V:59.22
x264 [debug]: frame=  71 QP=5.00 NAL=2 Slice:P Poc:142 I:0    P:53   SKIP:46   size=3882 bytes PSNR Y:57.91 U:58.59 V:59.28
x264 [debug]: frame=  72 QP=5.00 NAL=2 Slice:P Poc:144 I:0    P:56   SKIP:43   size=3795 bytes PSNR Y:57.93 U:58.78 V:59.43
x264 [debug]: frame=  73 QP=5.00 NAL=2 Slice:P Poc:146 I:0    P:56   SKIP:43   size=3567 bytes PSNR Y:57.92 U:58.45 V:59.12
x264 [debug]: frame=  74 QP=5.00 NAL=2 Slice:P Poc:148 I:0    P:60   SKIP:39   size=3186 bytes PSNR Y:57.84 U:58.48 V:59.11
x264 [debug]: frame=  75 QP=5.00 NAL=2 Slice:P Poc:150 I:0    P:56   SKIP:43   size=3174 bytes PSNR Y:57.77 U:58.45 V:59.48
x264 [debug]: frame=  76 QP=5.00 NAL=2 Slice:P Poc:152 I:0    P:56   SKIP:43   size=3520 bytes PSNR Y:57.90 U:58.67 V:59.46
x264 [debug]: frame=  77 QP=5.00 NAL=2 Slice:P Poc:154 I:0    P:52   SKIP:47   size=3628 bytes PSNR Y:57.82 U:58.82 V:59.06
x264 [debug]: frame=  78 QP=5.00 NAL=2 Slice:P Poc:156 I:0    P:57   SKIP:42   size=3854 bytes PSNR Y:58.00 U:58.64 V:59.32
x264 [debug]: frame=  79 QP=5.00 NAL=2 Slice:P Poc:158 I:0    P:57   SKIP:42   size=3909 bytes PSNR Y:57.85 U:58.43 V:59.37
x264 [debug]: frame=  80 QP=5.00 NAL=2 Slice:P Poc:160 I:0    P:54   SKIP:45   size=3806 bytes PSNR Y:57.79 U:58.52 V:59.27
x264 [debug]: frame=  81 QP=5.00 NAL=2 Slice:P Poc:162 I:0    P:56   SKIP:43   size=3618 bytes PSNR Y:57.75 U:58.48 V:59.29
x264 [debug]: frame=  82 QP=5.00 NAL=2 Slice:P Poc:164 I:0    P:57   SKIP:42   size=3433 bytes PSNR Y:57.87 U:58.51 V:59.01
x264 [debug]: frame=  83 QP=5.00 NAL=2 Slice:P Poc:166 I:0    P:53   SKIP:46   size=3452 bytes PSNR Y:57.82 U:58.69 V:59.43
x264 [debug]: frame=  84 QP=5.00 NAL=2 Slice:P Poc:168 I:0    P:55   SKIP:44   size=3447 bytes PSNR Y:57.77 U:58.57 V:58.87
x264 [debug]: frame=  85 QP=5.00 NAL=2 Slice:P Poc:170 I:0    P:57   SKIP:42   size=3682 bytes PSNR Y:57.72 U:58.51 V:59.23
x264 [debug]: frame=  86 QP=5.00 NAL=2 Slice:P Poc:172 I:0    P:54   SKIP:45   size=3781 bytes PSNR Y:57.86 U:58.46 V:59.07
x264 [debug]: frame=  87 QP=5.00 NAL=2 Slice:P Poc:174 I:0    P:56   SKIP:43   size=3669 bytes PSNR Y:57.80 U:58.64 V:59.25
x264 [debug]: frame=  88 QP=5.00 NAL=2 Slice:P Poc:176 I:0    P:56   SKIP:43   size=3550 bytes PSNR Y:57.76 U:58.46 V:59.07
x264 [debug]: frame=  89 QP=5.00 NAL=2 Slice:P Poc:178 I:0    P:57   SKIP:42   size=3515 bytes PSNR Y:57.74 U:58.58 V:58.64
x264 [debug]: frame=  90 QP=5.00 NAL=2 Slice:P Poc:180 I:0    P:55   SKIP:44   size=3589 bytes PSNR Y:57.83 U:58.97 V:59.32
x264 [debug]: frame=  91 QP=5.00 NAL=2 Slice:P Poc:182 I:0    P:55   SKIP:44   size=3528 bytes PSNR Y:57.85 U:58.65 V:59.39
x264 [debug]: frame=  92 QP=5.00 NAL=2 Slice:P Poc:184 I:0    P:56   SKIP:43   size=3448 bytes PSNR Y:57.84 U:58.56 V:59.26
x264 [debug]: frame=  93 QP=5.00 NAL=2 Slice:P Poc:186 I:0    P:56   SKIP:43   size=3514 bytes PSNR Y:57.93 U:58.56 V:59.42
x264 [debug]: frame=  94 QP=5.00 NAL=2 Slice:P Poc:188 I:0    P:56   SKIP:43   size=3457 bytes PSNR Y:57.81 U:58.54 V:59.26
x264 [debug]: frame=  95 QP=5.00 NAL=2 Slice:P Poc:190 I:0    P:56   SKIP:43   size=3676 bytes PSNR Y:57.79 U:58.35 V:59.10
x264 [debug]: frame=  96 QP=5.00 NAL=2 Slice:P Poc:192 I:0    P:57   SKIP:42   size=3533 bytes PSNR Y:57.84 U:58.48 V:59.21
x264 [debug]: frame=  97 QP=5.00 NAL=2 Slice:P Poc:194 I:0    P:57   SKIP:42   size=3255 bytes PSNR Y:57.76 U:58.75 V:59.16
x264 [debug]: frame=  98 QP=5.00 NAL=2 Slice:P Poc:196 I:0    P:56   SKIP:43   size=2949 bytes PSNR Y:57.76 U:58.28 V:58.87
x264 [debug]: frame=  99 QP=5.00 NAL=2 Slice:P Poc:198 I:0    P:56   SKIP:43   size=3104 bytes PSNR Y:57.80 U:58.49 V:59.09
x264 [debug]: frame= 100 QP=5.00 NAL=2 Slice:P Poc:200 I:0    P:56   SKIP:43   size=2983 bytes PSNR Y:57.74 U:58.50 V:59.11
x264 [debug]: frame= 101 QP=5.00 NAL=2 Slice:P Poc:202 I:0    P:53   SKIP:46   size=3153 bytes PSNR Y:57.88 U:58.38 V:59.05
x264 [debug]: frame= 102 QP=5.00 NAL=2 Slice:P Poc:204 I:0    P:55   SKIP:44   size=3125 bytes PSNR Y:57.79 U:58.27 V:59.38
x264 [debug]: frame= 103 QP=5.00 NAL=2 Slice:P Poc:206 I:0    P:53   SKIP:46   size=3232 bytes PSNR Y:57.82 U:58.74 V:59.06
x264 [debug]: frame= 104 QP=5.00 NAL=2 Slice:P Poc:208 I:0    P:55   SKIP:44   size=3583 bytes PSNR Y:57.88 U:58.57 V:59.31
x264 [debug]: frame= 105 QP=5.00 NAL=2 Slice:P Poc:210 I:0    P:54   SKIP:45   size=3640 bytes PSNR Y:57.86 U:58.23 V:58.75
x264 [debug]: frame= 106 QP=5.00 NAL=2 Slice:P Poc:212 I:0    P:58   SKIP:41   size=3654 bytes PSNR Y:57.92 U:58.71 V:59.10
x264 [debug]: frame= 107 QP=5.00 NAL=2 Slice:P Poc:214 I:0    P:58   SKIP:41   size=3454 bytes PSNR Y:57.92 U:58.48 V:59.07
x264 [debug]: frame= 108 QP=5.00 NAL=2 Slice:P Poc:216 I:0    P:55   SKIP:44   size=3544 bytes PSNR Y:57.86 U:58.60 V:58.84
x264 [debug]: frame= 109 QP=5.00 NAL=2 Slice:P Poc:218 I:0    P:56   SKIP:43   size=3547 bytes PSNR Y:57.75 U:58.74 V:59.03
x264 [debug]: frame= 110 QP=5.00 NAL=2 Slice:P Poc:220 I:0    P:56   SKIP:43   size=3350 bytes PSNR Y:57.75 U:58.68 V:59.15
x264 [debug]: frame= 111 QP=5.00 NAL=2 Slice:P Poc:222 I:0    P:55   SKIP:44   size=3304 bytes PSNR Y:57.93 U:58.55 V:59.16
x264 [debug]: frame= 112 QP=5.00 NAL=2 Slice:P Poc:224 I:0    P:59   SKIP:40   size=3362 bytes PSNR Y:57.89 U:59.01 V:59.29
x264 [debug]: frame= 113 QP=5.00 NAL=2 Slice:P Poc:226 I:0    P:56   SKIP:43   size=3224 bytes PSNR Y:57.92 U:58.75 V:59.19
x264 [debug]: frame= 114 QP=5.00 NAL=2 Slice:P Poc:228 I:0    P:56   SKIP:43   size=3207 bytes PSNR Y:57.86 U:58.96 V:58.96
x264 [debug]: frame= 115 QP=5.00 NAL=2 Slice:P Poc:230 I:0    P:57   SKIP:42   size=3198 bytes PSNR Y:57.77 U:58.70 V:59.12
x264 [debug]: frame= 116 QP=5.00 NAL=2 Slice:P Poc:232 I:0    P:53   SKIP:46   size=3049 bytes PSNR Y:57.83 U:58.43 V:59.26
x264 [debug]: frame= 117 QP=5.00 NAL=2 Slice:P Poc:234 I:0    P:57   SKIP:42   size=2971 bytes PSNR Y:57.75 U:58.42 V:59.00
x264 [debug]: frame= 118 QP=5.00 NAL=2 Slice:P Poc:236 I:0    P:53   SKIP:46   size=2710 bytes PSNR Y:57.71 U:58.51 V:59.01
x264 [debug]: frame= 119 QP=5.00 NAL=2 Slice:P Poc:238 I:0    P:57   SKIP:42   size=2695 bytes PSNR Y:57.77 U:58.62 V:59.26
x264 [debug]: frame= 120 QP=5.00 NAL=2 Slice:P Poc:240 I:0    P:56   SKIP:43   size=2654 bytes PSNR Y:57.69 U:58.41 V:59.27
x264 [debug]: frame= 121 QP=5.00 NAL=2 Slice:P Poc:242 I:0    P:56   SKIP:43   size=2971 bytes PSNR Y:57.68 U:58.50 V:59.12
x264 [debug]: frame= 122 QP=5.00 NAL=2 Slice:P Poc:244 I:0    P:57   SKIP:42   size=3068 bytes PSNR Y:57.91 U:58.39 V:59.01
x264 [debug]: frame= 123 QP=5.00 NAL=2 Slice:P Poc:246 I:0    P:54   SKIP:45   size=2968 bytes PSNR Y:57.73 U:58.34 V:59.09
x264 [debug]: frame= 124 QP=5.00 NAL=2 Slice:P Poc:248 I:0    P:56   SKIP:43   size=2902 bytes PSNR Y:57.86 U:58.51 V:59.26
x264 [debug]: frame= 125 QP=5.00 NAL=2 Slice:P Poc:250 I:0    P:60   SKIP:39   size=3065 bytes PSNR Y:57.77 U:58.47 V:59.08
x264 [debug]: frame= 126 QP=5.00 NAL=2 Slice:P Poc:252 I:0    P:54   SKIP:45   size=2972 bytes PSNR Y:57.73 U:58.37 V:59.12
x264 [debug]: frame= 127 QP=5.00 NAL=2 Slice:P Poc:254 I:0    P:55   SKIP:44   size=2909 bytes PSNR Y:57.89 U:58.44 V:59.26
x264 [debug]: frame= 128 QP=5.00 NAL=2 Slice:P Poc:256 I:0    P:59   SKIP:40   size=3136 bytes PSNR Y:57.81 U:58.76 V:59.46
x264 [debug]: frame= 129 QP=5.00 NAL=2 Slice:P Poc:258 I:0    P:59   SKIP:40   size=3226 bytes PSNR Y:57.86 U:58.54 V:59.16
x264 [debug]: frame= 130 QP=5.00 NAL=2 Slice:P Poc:260 I:0    P:54   SKIP:45   size=3249 bytes PSNR Y:57.76 U:58.68 V:59.17
x264 [debug]: frame= 131 QP=5.00 NAL=2 Slice:P Poc:262 I:0    P:57   SKIP:42   size=3209 bytes PSNR Y:57.84 U:58.41 V:58.90
x264 [debug]: frame= 132 QP=5.00 NAL=2 Slice:P Poc:264 I:0    P:54   SKIP:45   size=3179 bytes PSNR Y:57.70 U:58.82 V:59.20
x264 [debug]: frame= 133 QP=5.00 NAL=2 Slice:P Poc:266 I:0    P:58   SKIP:41   size=3115 bytes PSNR Y:57.81 U:58.57 V:59.13
x264 [debug]: frame= 134 QP=5.00 NAL=2 Slice:P Poc:268 I:0    P:60   SKIP:39   size=3410 bytes PSNR Y:57.93 U:58.64 V:59.05
x264 [debug]: frame= 135 QP=5.00 NAL=2 Slice:P Poc:270 I:0    P:57   SKIP:42   size=3863 bytes PSNR Y:57.99 U:58.50 V:59.12
x264 [debug]: frame= 136 QP=5.00 NAL=2 Slice:P Poc:272 I:0    P:54   SKIP:45   size=3914 bytes PSNR Y:57.91 U:58.32 V:59.11
x264 [debug]: frame= 137 QP=5.00 NAL=2 Slice:P Poc:274 I:0    P:54   SKIP:45   size=3813 bytes PSNR Y:57.86 U:58.61 V:59.18
x264 [debug]: frame= 138 QP=5.00 NAL=2 Slice:P Poc:276 I:0    P:56   SKIP:43   size=3602 bytes PSNR Y:57.83 U:58.52 V:59.10
x264 [debug]: frame= 139 QP=5.00 NAL=2 Slice:P Poc:278 I:0    P:56   SKIP:43   size=3422 bytes PSNR Y:57.77 U:58.77 V:59.17
x264 [debug]: frame= 140 QP=5.00 NAL=2 Slice:P Poc:280 I:0    P:57   SKIP:42   size=3632 bytes PSNR Y:57.90 U:58.65 V:59.21
x264 [debug]: frame= 141 QP=5.00 NAL=2 Slice:P Poc:282 I:0    P:59   SKIP:40   size=3418 bytes PSNR Y:57.73 U:58.61 V:58.95
x264 [debug]: frame= 142 QP=5.00 NAL=2 Slice:P Poc:284 I:0    P:59   SKIP:40   size=3224 bytes PSNR Y:57.80 U:58.49 V:59.54
x264 [debug]: frame= 143 QP=5.00 NAL=2 Slice:P Poc:286 I:0    P:56   SKIP:43   size=3105 bytes PSNR Y:57.90 U:58.34 V:59.04
x264 [debug]: frame= 144 QP=5.00 NAL=2 Slice:P Poc:288 I:0    P:53   SKIP:46   size=3045 bytes PSNR Y:57.89 U:58.40 V:59.12
x264 [debug]: frame= 145 QP=5.00 NAL=2 Slice:P Poc:290 I:0    P:54   SKIP:45   size=3123 bytes PSNR Y:57.81 U:58.76 V:59.16
x264 [debug]: frame= 146 QP=5.00 NAL=2 Slice:P Poc:292 I:0    P:61   SKIP:38   size=3071 bytes PSNR Y:57.92 U:58.55 V:58.97
x264 [debug]: frame= 147 QP=5.00 NAL=2 Slice:P Poc:294 I:0    P:56   SKIP:43   size=3056 bytes PSNR Y:57.83 U:58.42 V:58.85
x264 [debug]: frame= 148 QP=5.00 NAL=2 Slice:P Poc:296 I:0    P:55   SKIP:44   size=2944 bytes PSNR Y:57.80 U:58.64 V:58.94
x264 [debug]: frame= 149 QP=5.00 NAL=2 Slice:P Poc:298 I:0    P:58   SKIP:41   size=3035 bytes PSNR Y:57.81 U:58.57 V:59.09
x264 [debug]: frame= 150 QP=5.00 NAL=2 Slice:P Poc:300 I:0    P:55   SKIP:44   size=3120 bytes PSNR Y:57.63 U:58.46 V:58.99
x264 [debug]: frame= 151 QP=5.00 NAL=2 Slice:P Poc:302 I:0    P:55   SKIP:44   size=3231 bytes PSNR Y:57.69 U:58.63 V:59.00
x264 [debug]: frame= 152 QP=5.00 NAL=2 Slice:P Poc:304 I:0    P:59   SKIP:40   size=3430 bytes PSNR Y:57.72 U:58.52 V:59.12
x264 [debug]: frame= 153 QP=5.00 NAL=2 Slice:P Poc:306 I:0    P:58   SKIP:41   size=3457 bytes PSNR Y:57.78 U:58.71 V:59.12
x264 [debug]: frame= 154 QP=5.00 NAL=2 Slice:P Poc:308 I:0    P:53   SKIP:46   size=3414 bytes PSNR Y:57.86 U:58.61 V:58.90
x264 [debug]: frame= 155 QP=5.00 NAL=2 Slice:P Poc:310 I:0    P:58   SKIP:41   size=3479 bytes PSNR Y:57.82 U:58.67 V:59.06
x264 [debug]: frame= 156 QP=5.00 NAL=2 Slice:P Poc:312 I:0    P:56   SKIP:43   size=3597 bytes PSNR Y:57.77 U:58.64 V:59.17
x264 [debug]: frame= 157 QP=5.00 NAL=2 Slice:P Poc:314 I:0    P:57   SKIP:42   size=3636 bytes PSNR Y:57.85 U:58.35 V:59.19
x264 [debug]: frame= 158 QP=5.00 NAL=2 Slice:P Poc:316 I:0    P:59   SKIP:40   size=3411 bytes PSNR Y:57.93 U:58.58 V:59.20
x264 [debug]: frame= 159 QP=5.00 NAL=2 Slice:P Poc:318 I:0    P:54   SKIP:45   size=3419 bytes PSNR Y:57.82 U:58.67 V:59.16
x264 [debug]: frame= 160 QP=5.00 NAL=2 Slice:P Poc:320 I:0    P:53   SKIP:46   size=3289 bytes PSNR Y:57.89 U:58.46 V:59.26
x264 [debug]: frame= 161 QP=5.00 NAL=2 Slice:P Poc:322 I:0    P:54   SKIP:45   size=3340 bytes PSNR Y:57.98 U:58.51 V:58.96
x264 [debug]: frame= 162 QP=5.00 NAL=2 Slice:P Poc:324 I:0    P:55   SKIP:44   size=3292 bytes PSNR Y:57.86 U:58.37 V:58.98
x264 [debug]: frame= 163 QP=5.00 NAL=2 Slice:P Poc:326 I:0    P:59   SKIP:40   size=3381 bytes PSNR Y:57.82 U:58.53 V:59.18
x264 [debug]: frame= 164 QP=5.00 NAL=2 Slice:P Poc:328 I:0    P:59   SKIP:40   size=3190 bytes PSNR Y:57.85 U:58.37 V:59.29
x264 [debug]: frame= 165 QP=5.00 NAL=2 Slice:P Poc:330 I:0    P:56   SKIP:43   size=3073 bytes PSNR Y:57.79 U:58.51 V:59.14
x264 [debug]: frame= 166 QP=5.00 NAL=2 Slice:P Poc:332 I:0    P:55   SKIP:44   size=2968 bytes PSNR Y:57.92 U:58.49 V:59.31
x264 [debug]: frame= 167 QP=5.00 NAL=2 Slice:P Poc:334 I:0    P:56   SKIP:43   size=2986 bytes PSNR Y:57.79 U:58.49 V:59.16
x264 [debug]: frame= 168 QP=5.00 NAL=2 Slice:P Poc:336 I:0    P:59   SKIP:40   size=3011 bytes PSNR Y:57.78 U:58.51 V:59.11
x264 [debug]: frame= 169 QP=5.00 NAL=2 Slice:P Poc:338 I:0    P:60   SKIP:39   size=2902 bytes PSNR Y:57.86 U:58.54 V:59.10
x264 [debug]: frame= 170 QP=5.00 NAL=2 Slice:P Poc:340 I:0    P:57   SKIP:42   size=2891 bytes PSNR Y:57.89 U:58.67 V:59.01
x264 [debug]: frame= 171 QP=5.00 NAL=2 Slice:P Poc:342 I:0    P:62   SKIP:37   size=2760 bytes PSNR Y:57.77 U:58.52 V:58.92
x264 [debug]: frame= 172 QP=5.00 NAL=2 Slice:P Poc:344 I:0    P:55   SKIP:44   size=2719 bytes PSNR Y:57.80 U:58.40 V:58.94
x264 [debug]: frame= 173 QP=5.00 NAL=2 Slice:P Poc:346 I:0    P:56   SKIP:43   size=2659 bytes PSNR Y:57.85 U:58.51 V:58.86
x264 [debug]: frame= 174 QP=5.00 NAL=2 Slice:P Poc:348 I:0    P:56   SKIP:43   size=2717 bytes PSNR Y:57.89 U:58.27 V:58.89
x264 [debug]: frame= 175 QP=5.00 NAL=2 Slice:P Poc:350 I:0    P:55   SKIP:44   size=2735 bytes PSNR Y:57.72 U:58.45 V:58.89
x264 [debug]: frame= 176 QP=5.00 NAL=2 Slice:P Poc:352 I:0    P:56   SKIP:43   size=2940 bytes PSNR Y:57.82 U:58.55 V:59.06
x264 [debug]: frame= 177 QP=5.00 NAL=2 Slice:P Poc:354 I:0    P:55   SKIP:44   size=3033 bytes PSNR Y:57.76 U:58.63 V:59.11
x264 [debug]: frame= 178 QP=5.00 NAL=2 Slice:P Poc:356 I:0    P:53   SKIP:46   size=3126 bytes PSNR Y:57.85 U:58.48 V:59.01
x264 [debug]: frame= 179 QP=5.00 NAL=2 Slice:P Poc:358 I:0    P:56   SKIP:43   size=3216 bytes PSNR Y:57.86 U:58.65 V:59.38
x264 [debug]: frame= 180 QP=5.00 NAL=2 Slice:P Poc:360 I:0    P:57   SKIP:42   size=3147 bytes PSNR Y:57.74 U:58.43 V:59.30
x264 [debug]: frame= 181 QP=5.00 NAL=2 Slice:P Poc:362 I:0    P:57   SKIP:42   size=3146 bytes PSNR Y:57.98 U:58.37 V:59.24
x264 [debug]: frame= 182 QP=5.00 NAL=2 Slice:P Poc:364 I:0    P:62   SKIP:37   size=3071 bytes PSNR Y:57.85 U:58.68 V:58.87
x264 [debug]: frame= 183 QP=5.00 NAL=2 Slice:P Poc:366 I:0    P:57   SKIP:42   size=2927 bytes PSNR Y:57.92 U:58.58 V:59.20
x264 [debug]: frame= 184 QP=5.00 NAL=2 Slice:P Poc:368 I:0    P:57   SKIP:42   size=2797 bytes PSNR Y:57.82 U:58.52 V:59.06
x264 [debug]: frame= 185 QP=5.00 NAL=2 Slice:P Poc:370 I:0    P:53   SKIP:46   size=2848 bytes PSNR Y:57.86 U:58.23 V:59.04
x264 [debug]: frame= 186 QP=5.00 NAL=2 Slice:P Poc:372 I:0    P:54   SKIP:45   size=2934 bytes PSNR Y:57.87 U:58.57 V:59.23
x264 [debug]: frame= 187 QP=5.00 NAL=2 Slice:P Poc:374 I:0    P:56   SKIP:43   size=3060 bytes PSNR Y:57.80 U:58.69 V:58.87
x264 [debug]: frame= 188 QP=5.00 NAL=2 Slice:P Poc:376 I:0    P:57   SKIP:42   size=3102 bytes PSNR Y:57.71 U:58.58 V:59.00
x264 [debug]: frame= 189 QP=5.00 NAL=2 Slice:P Poc:378 I:0    P:57   SKIP:42   size=2927 bytes PSNR Y:57.74 U:58.62 V:59.35
x264 [debug]: frame= 190 QP=5.00 NAL=2 Slice:P Poc:380 I:0    P:55   SKIP:44   size=3131 bytes PSNR Y:57.83 U:58.47 V:59.26
x264 [debug]: frame= 191 QP=5.00 NAL=2 Slice:P Poc:382 I:0    P:54   SKIP:45   size=2908 bytes PSNR Y:57.89 U:58.58 V:59.53
x264 [debug]: frame= 192 QP=5.00 NAL=2 Slice:P Poc:384 I:0    P:54   SKIP:45   size=2681 bytes PSNR Y:57.82 U:58.71 V:59.20
x264 [debug]: frame= 193 QP=5.00 NAL=2 Slice:P Poc:386 I:0    P:56   SKIP:43   size=2672 bytes PSNR Y:57.69 U:58.46 V:59.03
x264 [debug]: frame= 194 QP=5.00 NAL=2 Slice:P Poc:388 I:0    P:60   SKIP:39   size=2713 bytes PSNR Y:57.76 U:58.40 V:59.17
x264 [debug]: frame= 195 QP=5.00 NAL=2 Slice:P Poc:390 I:0    P:56   SKIP:43   size=2868 bytes PSNR Y:57.81 U:58.35 V:59.04
x264 [debug]: frame= 196 QP=5.00 NAL=2 Slice:P Poc:392 I:0    P:53   SKIP:46   size=2764 bytes PSNR Y:57.76 U:58.29 V:59.14
x264 [debug]: frame= 197 QP=5.00 NAL=2 Slice:P Poc:394 I:0    P:51   SKIP:48   size=2921 bytes PSNR Y:57.86 U:58.56 V:59.16
x264 [debug]: frame= 198 QP=5.00 NAL=2 Slice:P Poc:396 I:0    P:55   SKIP:44   size=3052 bytes PSNR Y:57.84 U:58.54 V:59.20
x264 [debug]: frame= 199 QP=5.00 NAL=2 Slice:P Poc:398 I:0    P:56   SKIP:43   size=3031 bytes PSNR Y:57.78 U:58.30 V:58.93
x264 [debug]: frame= 200 QP=5.00 NAL=2 Slice:P Poc:400 I:0    P:56   SKIP:43   size=2931 bytes PSNR Y:57.94 U:58.64 V:59.10
x264 [debug]: frame= 201 QP=5.00 NAL=2 Slice:P Poc:402 I:0    P:54   SKIP:45   size=2937 bytes PSNR Y:57.78 U:58.16 V:58.90
x264 [debug]: frame= 202 QP=5.00 NAL=2 Slice:P Poc:404 I:0    P:55   SKIP:44   size=2960 bytes PSNR Y:57.77 U:58.48 V:59.16
x264 [debug]: frame= 203 QP=5.00 NAL=2 Slice:P Poc:406 I:0    P:57   SKIP:42   size=2954 bytes PSNR Y:57.86 U:58.64 V:59.06
x264 [debug]: frame= 204 QP=5.00 NAL=2 Slice:P Poc:408 I:0    P:57   SKIP:42   size=2948 bytes PSNR Y:57.81 U:58.87 V:59.15
x264 [debug]: frame= 205 QP=5.00 NAL=2 Slice:P Poc:410 I:0    P:54   SKIP:45   size=3013 bytes PSNR Y:57.96 U:58.76 V:59.32
x264 [debug]: frame= 206 QP=5.00 NAL=2 Slice:P Poc:412 I:0    P:55   SKIP:44   size=3047 bytes PSNR Y:57.72 U:58.45 V:59.12
x264 [debug]: frame= 207 QP=5.00 NAL=2 Slice:P Poc:414 I:0    P:60   SKIP:39   size=3464 bytes PSNR Y:57.99 U:58.69 V:59.35
x264 [debug]: frame= 208 QP=5.00 NAL=2 Slice:P Poc:416 I:0    P:57   SKIP:42   size=3564 bytes PSNR Y:57.89 U:58.52 V:59.13
x264 [debug]: frame= 209 QP=5.00 NAL=2 Slice:P Poc:418 I:0    P:56   SKIP:43   size=3455 bytes PSNR Y:57.87 U:58.46 V:59.22
x264 [debug]: frame= 210 QP=5.00 NAL=2 Slice:P Poc:420 I:0    P:60   SKIP:39   size=3556 bytes PSNR Y:57.90 U:58.75 V:59.27
x264 [debug]: frame= 211 QP=5.00 NAL=2 Slice:P Poc:422 I:0    P:58   SKIP:41   size=3516 bytes PSNR Y:57.86 U:58.64 V:59.05
x264 [debug]: frame= 212 QP=5.00 NAL=2 Slice:P Poc:424 I:0    P:59   SKIP:40   size=3594 bytes PSNR Y:57.80 U:58.66 V:59.25
x264 [debug]: frame= 213 QP=5.00 NAL=2 Slice:P Poc:426 I:0    P:58   SKIP:41   size=3584 bytes PSNR Y:57.81 U:58.52 V:58.85
x264 [debug]: frame= 214 QP=5.00 NAL=2 Slice:P Poc:428 I:0    P:60   SKIP:39   size=3588 bytes PSNR Y:57.88 U:58.51 V:59.05
x264 [debug]: frame= 215 QP=5.00 NAL=2 Slice:P Poc:430 I:0    P:52   SKIP:47   size=3593 bytes PSNR Y:57.82 U:58.67 V:58.98
x264 [debug]: frame= 216 QP=5.00 NAL=2 Slice:P Poc:432 I:0    P:56   SKIP:43   size=3621 bytes PSNR Y:57.96 U:58.62 V:58.86
x264 [debug]: frame= 217 QP=5.00 NAL=2 Slice:P Poc:434 I:0    P:57   SKIP:42   size=3709 bytes PSNR Y:57.80 U:58.47 V:58.97
x264 [debug]: frame= 218 QP=5.00 NAL=2 Slice:P Poc:436 I:0    P:55   SKIP:44   size=3738 bytes PSNR Y:57.83 U:58.63 V:59.12
x264 [debug]: frame= 219 QP=5.00 NAL=2 Slice:P Poc:438 I:0    P:57   SKIP:42   size=3752 bytes PSNR Y:58.01 U:58.77 V:59.32
x264 [debug]: frame= 220 QP=5.00 NAL=2 Slice:P Poc:440 I:0    P:58   SKIP:41   size=3594 bytes PSNR Y:57.88 U:58.67 V:59.36
x264 [debug]: frame= 221 QP=5.00 NAL=2 Slice:P Poc:442 I:0    P:59   SKIP:40   size=3426 bytes PSNR Y:57.87 U:58.46 V:58.92
x264 [debug]: frame= 222 QP=5.00 NAL=2 Slice:P Poc:444 I:0    P:56   SKIP:43   size=3480 bytes PSNR Y:57.86 U:58.93 V:59.29
x264 [debug]: frame= 223 QP=5.00 NAL=2 Slice:P Poc:446 I:0    P:59   SKIP:40   size=3474 bytes PSNR Y:57.96 U:58.59 V:59.10
x264 [debug]: frame= 224 QP=5.00 NAL=2 Slice:P Poc:448 I:0    P:59   SKIP:40   size=3441 bytes PSNR Y:57.81 U:58.54 V:59.28
x264 [debug]: frame= 225 QP=5.00 NAL=2 Slice:P Poc:450 I:0    P:57   SKIP:42   size=3365 bytes PSNR Y:57.86 U:58.44 V:59.07
x264 [debug]: frame= 226 QP=5.00 NAL=2 Slice:P Poc:452 I:0    P:55   SKIP:44   size=3331 bytes PSNR Y:57.75 U:58.56 V:59.04
x264 [debug]: frame= 227 QP=5.00 NAL=2 Slice:P Poc:454 I:0    P:59   SKIP:40   size=3269 bytes PSNR Y:57.88 U:58.43 V:59.12
x264 [debug]: frame= 228 QP=5.00 NAL=2 Slice:P Poc:456 I:0    P:60   SKIP:39   size=3249 bytes PSNR Y:57.77 U:58.37 V:59.22
x264 [debug]: frame= 229 QP=5.00 NAL=2 Slice:P Poc:458 I:0    P:55   SKIP:44   size=3167 bytes PSNR Y:57.80 U:58.72 V:59.17
x264 [debug]: frame= 230 QP=5.00 NAL=2 Slice:P Poc:460 I:0    P:60   SKIP:39   size=3008 bytes PSNR Y:57.82 U:58.41 V:59.32
x264 [debug]: frame= 231 QP=5.00 NAL=2 Slice:P Poc:462 I:0    P:59   SKIP:40   size=3032 bytes PSNR Y:57.87 U:58.35 V:58.89
x264 [debug]: frame= 232 QP=5.00 NAL=2 Slice:P Poc:464 I:0    P:57   SKIP:42   size=3144 bytes PSNR Y:57.77 U:58.57 V:58.98
x264 [debug]: frame= 233 QP=5.00 NAL=2 Slice:P Poc:466 I:0    P:57   SKIP:42   size=3208 bytes PSNR Y:57.90 U:58.29 V:59.14
x264 [debug]: frame= 234 QP=5.00 NAL=2 Slice:P Poc:468 I:0    P:55   SKIP:44   size=3422 bytes PSNR Y:57.81 U:58.64 V:59.26
x264 [debug]: frame= 235 QP=5.00 NAL=2 Slice:P Poc:470 I:0    P:54   SKIP:45   size=3515 bytes PSNR Y:57.92 U:58.71 V:59.04
x264 [debug]: frame= 236 QP=5.00 NAL=2 Slice:P Poc:472 I:0    P:57   SKIP:42   size=3566 bytes PSNR Y:57.91 U:58.66 V:59.01
x264 [debug]: frame= 237 QP=5.00 NAL=2 Slice:P Poc:474 I:0    P:60   SKIP:39   size=3505 bytes PSNR Y:57.82 U:58.37 V:59.09
x264 [debug]: frame= 238 QP=5.00 NAL=2 Slice:P Poc:476 I:0    P:58   SKIP:41   size=3466 bytes PSNR Y:57.93 U:58.69 V:59.09
x264 [debug]: frame= 239 QP=5.00 NAL=2 Slice:P Poc:478 I:0    P:58   SKIP:41   size=3265 bytes PSNR Y:57.74 U:58.35 V:59.34
x264 [debug]: frame= 240 QP=5.00 NAL=2 Slice:P Poc:480 I:0    P:57   SKIP:42   size=3361 bytes PSNR Y:57.82 U:58.75 V:58.99
x264 [debug]: frame= 241 QP=5.00 NAL=2 Slice:P Poc:482 I:0    P:57   SKIP:42   size=3532 bytes PSNR Y:57.95 U:58.60 V:59.21
x264 [debug]: frame= 242 QP=5.00 NAL=2 Slice:P Poc:484 I:0    P:58   SKIP:41   size=3510 bytes PSNR Y:57.92 U:58.66 V:59.19
x264 [debug]: frame= 243 QP=5.00 NAL=2 Slice:P Poc:486 I:0    P:58   SKIP:41   size=3411 bytes PSNR Y:57.88 U:58.40 V:59.05
x264 [debug]: frame= 244 QP=5.00 NAL=2 Slice:P Poc:488 I:0    P:55   SKIP:44   size=3400 bytes PSNR Y:57.87 U:58.42 V:59.10
x264 [debug]: frame= 245 QP=5.00 NAL=2 Slice:P Poc:490 I:0    P:55   SKIP:44   size=3526 bytes PSNR Y:57.88 U:58.41 V:58.93
x264 [debug]: frame= 246 QP=5.00 NAL=2 Slice:P Poc:492 I:0    P:55   SKIP:44   size=3434 bytes PSNR Y:57.83 U:58.43 V:59.19
x264 [debug]: frame= 247 QP=5.00 NAL=2 Slice:P Poc:494 I:0    P:56   SKIP:43   size=3462 bytes PSNR Y:57.82 U:58.27 V:59.10
x264 [debug]: frame= 248 QP=5.00 NAL=2 Slice:P Poc:496 I:0    P:58   SKIP:41   size=3503 bytes PSNR Y:57.78 U:58.55 V:59.05
x264 [debug]: frame= 249 QP=5.00 NAL=2 Slice:P Poc:498 I:0    P:63   SKIP:36   size=3576 bytes PSNR Y:57.87 U:58.66 V:59.00
x264 [debug]: frame= 250 QP=2.00 NAL=3 Slice:I Poc:0   I:99   P:0    SKIP:0    size=17044 bytes PSNR Y:61.25 U:66.91 V:67.28
x264 [debug]: frame= 251 QP=5.00 NAL=2 Slice:P Poc:2   I:0    P:61   SKIP:38   size=3218 bytes PSNR Y:57.84 U:58.84 V:59.22
x264 [debug]: frame= 252 QP=5.00 NAL=2 Slice:P Poc:4   I:0    P:56   SKIP:43   size=3331 bytes PSNR Y:57.94 U:58.46 V:59.32
x264 [debug]: frame= 253 QP=5.00 NAL=2 Slice:P Poc:6   I:0    P:57   SKIP:42   size=3345 bytes PSNR Y:57.57 U:58.46 V:59.01
x264 [debug]: frame= 254 QP=5.00 NAL=2 Slice:P Poc:8   I:0    P:55   SKIP:44   size=3364 bytes PSNR Y:57.94 U:58.64 V:59.23
x264 [debug]: frame= 255 QP=5.00 NAL=2 Slice:P Poc:10  I:0    P:57   SKIP:42   size=3194 bytes PSNR Y:57.95 U:58.43 V:59.22
x264 [debug]: frame= 256 QP=5.00 NAL=2 Slice:P Poc:12  I:0    P:58   SKIP:41   size=2931 bytes PSNR Y:57.97 U:58.73 V:59.22
x264 [debug]: frame= 257 QP=5.00 NAL=2 Slice:P Poc:14  I:0    P:60   SKIP:39   size=2930 bytes PSNR Y:58.00 U:58.64 V:59.12
x264 [debug]: frame= 258 QP=5.00 NAL=2 Slice:P Poc:16  I:0    P:57   SKIP:42   size=3356 bytes PSNR Y:57.84 U:58.55 V:59.18
x264 [debug]: frame= 259 QP=5.00 NAL=2 Slice:P Poc:18  I:0    P:53   SKIP:46   size=3554 bytes PSNR Y:57.92 U:58.48 V:58.96
x264 [debug]: frame= 260 QP=5.00 NAL=2 Slice:P Poc:20  I:0    P:56   SKIP:43   size=3446 bytes PSNR Y:58.00 U:58.59 V:59.43
x264 [debug]: frame= 261 QP=5.00 NAL=2 Slice:P Poc:22  I:0    P:56   SKIP:43   size=3526 bytes PSNR Y:58.02 U:58.77 V:59.07
x264 [debug]: frame= 262 QP=5.00 NAL=2 Slice:P Poc:24  I:0    P:58   SKIP:41   size=3436 bytes PSNR Y:57.87 U:58.75 V:59.21
x264 [debug]: frame= 263 QP=5.00 NAL=2 Slice:P Poc:26  I:0    P:61   SKIP:38   size=3294 bytes PSNR Y:57.96 U:58.76 V:59.19
x264 [debug]: frame= 264 QP=5.00 NAL=2 Slice:P Poc:28  I:0    P:56   SKIP:43   size=3009 bytes PSNR Y:57.85 U:58.54 V:59.41
x264 [debug]: frame= 265 QP=5.00 NAL=2 Slice:P Poc:30  I:0    P:59   SKIP:40   size=2850 bytes PSNR Y:57.87 U:58.63 V:59.09
x264 [debug]: frame= 266 QP=5.00 NAL=2 Slice:P Poc:32  I:0    P:59   SKIP:40   size=3110 bytes PSNR Y:57.93 U:58.61 V:59.28
x264 [debug]: frame= 267 QP=5.00 NAL=2 Slice:P Poc:34  I:0    P:60   SKIP:39   size=3162 bytes PSNR Y:57.93 U:58.86 V:59.46
x264 [debug]: frame= 268 QP=5.00 NAL=2 Slice:P Poc:36  I:0    P:56   SKIP:43   size=3042 bytes PSNR Y:57.91 U:58.43 V:59.24
x264 [debug]: frame= 269 QP=5.00 NAL=2 Slice:P Poc:38  I:0    P:56   SKIP:43   size=2904 bytes PSNR Y:57.86 U:58.61 V:59.14
x264 [debug]: frame= 270 QP=5.00 NAL=2 Slice:P Poc:40  I:0    P:57   SKIP:42   size=2916 bytes PSNR Y:57.88 U:58.85 V:59.28
x264 [debug]: frame= 271 QP=5.00 NAL=2 Slice:P Poc:42  I:0    P:55   SKIP:44   size=2937 bytes PSNR Y:57.94 U:58.35 V:59.01
x264 [debug]: frame= 272 QP=5.00 NAL=2 Slice:P Poc:44  I:0    P:57   SKIP:42   size=3011 bytes PSNR Y:57.87 U:59.00 V:59.14
x264 [debug]: frame= 273 QP=5.00 NAL=2 Slice:P Poc:46  I:0    P:56   SKIP:43   size=2985 bytes PSNR Y:57.86 U:58.49 V:59.03
x264 [debug]: frame= 274 QP=5.00 NAL=2 Slice:P Poc:48  I:0    P:58   SKIP:41   size=3167 bytes PSNR Y:57.83 U:58.67 V:59.06
x264 [debug]: frame= 275 QP=5.00 NAL=2 Slice:P Poc:50  I:0    P:57   SKIP:42   size=3442 bytes PSNR Y:58.00 U:58.64 V:59.28
x264 [debug]: frame= 276 QP=5.00 NAL=2 Slice:P Poc:52  I:0    P:58   SKIP:41   size=3561 bytes PSNR Y:58.04 U:58.61 V:58.84
x264 [debug]: frame= 277 QP=5.00 NAL=2 Slice:P Poc:54  I:0    P:58   SKIP:41   size=3769 bytes PSNR Y:58.00 U:58.81 V:59.43
x264 [debug]: frame= 278 QP=5.00 NAL=2 Slice:P Poc:56  I:0    P:55   SKIP:44   size=3767 bytes PSNR Y:57.88 U:58.44 V:59.06
x264 [debug]: frame= 279 QP=5.00 NAL=2 Slice:P Poc:58  I:0    P:60   SKIP:39   size=3810 bytes PSNR Y:57.91 U:58.67 V:59.44
x264 [debug]: frame= 280 QP=5.00 NAL=2 Slice:P Poc:60  I:0    P:59   SKIP:40   size=3756 bytes PSNR Y:57.98 U:58.78 V:58.96
x264 [debug]: frame= 281 QP=5.00 NAL=2 Slice:P Poc:62  I:0    P:57   SKIP:42   size=3650 bytes PSNR Y:58.03 U:58.81 V:59.04
x264 [debug]: frame= 282 QP=5.00 NAL=2 Slice:P Poc:64  I:0    P:58   SKIP:41   size=3523 bytes PSNR Y:57.96 U:58.67 V:59.32
x264 [debug]: frame= 283 QP=5.00 NAL=2 Slice:P Poc:66  I:0    P:54   SKIP:45   size=3504 bytes PSNR Y:57.91 U:58.52 V:59.30
x264 [debug]: frame= 284 QP=5.00 NAL=2 Slice:P Poc:68  I:0    P:56   SKIP:43   size=3459 bytes PSNR Y:57.76 U:58.63 V:58.88
x264 [debug]: frame= 285 QP=5.00 NAL=2 Slice:P Poc:70  I:0    P:56   SKIP:43   size=3443 bytes PSNR Y:57.90 U:58.51 V:58.96
x264 [debug]: frame= 286 QP=5.00 NAL=2 Slice:P Poc:72  I:0    P:57   SKIP:42   size=3426 bytes PSNR Y:57.96 U:58.70 V:59.42
x264 [debug]: frame= 287 QP=5.00 NAL=2 Slice:P Poc:74  I:0    P:52   SKIP:47   size=3293 bytes PSNR Y:57.96 U:58.64 V:59.06
x264 [debug]: frame= 288 QP=5.00 NAL=2 Slice:P Poc:76  I:0    P:55   SKIP:44   size=3196 bytes PSNR Y:57.93 U:58.54 V:59.28
x264 [debug]: frame= 289 QP=5.00 NAL=2 Slice:P Poc:78  I:0    P:54   SKIP:45   size=3275 bytes PSNR Y:57.90 U:58.62 V:58.80
x264 [debug]: frame= 290 QP=5.00 NAL=2 Slice:P Poc:80  I:0    P:55   SKIP:44   size=3315 bytes PSNR Y:57.92 U:58.48 V:59.48
x264 [debug]: frame= 291 QP=5.00 NAL=2 Slice:P Poc:82  I:0    P:57   SKIP:42   size=3412 bytes PSNR Y:57.94 U:58.61 V:59.12
x264 [debug]: frame= 292 QP=5.00 NAL=2 Slice:P Poc:84  I:0    P:55   SKIP:44   size=3236 bytes PSNR Y:57.92 U:58.77 V:58.71
x264 [debug]: frame= 293 QP=5.00 NAL=2 Slice:P Poc:86  I:0    P:55   SKIP:44   size=3089 bytes PSNR Y:57.73 U:58.78 V:59.15
x264 [debug]: frame= 294 QP=5.00 NAL=2 Slice:P Poc:88  I:0    P:57   SKIP:42   size=3285 bytes PSNR Y:57.91 U:58.42 V:59.13
x264 [debug]: frame= 295 QP=5.00 NAL=2 Slice:P Poc:90  I:0    P:58   SKIP:41   size=3342 bytes PSNR Y:57.83 U:58.93 V:59.15
x264 [debug]: frame= 296 QP=5.00 NAL=2 Slice:P Poc:92  I:0    P:57   SKIP:42   size=3322 bytes PSNR Y:57.86 U:58.54 V:59.12
x264 [debug]: frame= 297 QP=5.00 NAL=2 Slice:P Poc:94  I:0    P:55   SKIP:44   size=3082 bytes PSNR Y:57.95 U:58.57 V:59.14
x264 [debug]: frame= 298 QP=5.00 NAL=2 Slice:P Poc:96  I:0    P:56   SKIP:43   size=3090 bytes PSNR Y:57.86 U:58.54 V:59.22
x264 [debug]: frame= 299 QP=5.00 NAL=2 Slice:P Poc:98  I:0    P:57   SKIP:42   size=2951 bytes PSNR Y:57.87 U:58.62 V:59.08
x264 [info]: frame I:2     Avg QP: 2.00  size: 17312  PSNR Mean Y:61.27 U:67.43 V:67.26 Avg:62.52 Global:62.52
x264 [info]: frame P:298   Avg QP: 5.00  size:  3286  PSNR Mean Y:57.86 U:58.57 V:59.13 Avg:58.16 Global:58.16
x264 [info]: mb I  I16..4: 13.1%  1.0% 85.9%
x264 [info]: mb P  I16..4:  0.0%  0.0%  0.0%  P16..4: 40.2%  6.9%  9.9%  0.0%  0.0%    skip:43.0%
x264 [info]: 8x8 transform intra:1.0% inter:26.7%
x264 [info]: coded y,uvDC,uvAC intra: 100.0% 100.0% 100.0% inter: 42.6% 52.6% 52.6%
x264 [info]: i16 v,h,dc,p: 54% 15% 23%  8%
x264 [info]: i8 v,h,dc,ddl,ddr,vr,hd,vl,hu:  0% 100%  0%  0%  0%  0%  0%  0%  0%
x264 [info]: i4 v,h,dc,ddl,ddr,vr,hd,vl,hu: 24% 24% 11%  5%  6%  9%  6%  9%  7%
x264 [info]: i8c dc,h,v,p: 43% 20% 27% 10%
x264 [info]: Weighted P-Frames: Y:0.0% UV:0.0%
x264 [info]: ref P L0: 80.2%  3.3% 11.5%  5.0%
x264 [info]: PSNR Mean Y:57.882 U:58.625 V:59.187 Avg:58.190 Global:58.179 kb/s:675.84

encoded 300 frames, 481.35 fps, 675.84 kb/s
