yuv [info]: 176x144p 0:0 @ 25/1 fps (cfr)
x264 [warning]: --psnr used with psy on: results will be invalid!
x264 [warning]: --tune psnr should be used if attempting to benchmark psnr!
x264 [debug]: using mv_range_thread = 24
x264 [info]: using cpu capabilities: MMX2 SSE2Fast SSSE3 FastShuffle SSE4.2 AVX
x264 [info]: profile High, level 1.1
x264 [debug]: frame=   0 QP=2.00 NAL=3 Slice:I Poc:0   I:99   P:0    SKIP:0    size=14462 bytes PSNR Y:61.33 U:67.52 V:67.64
x264 [debug]: frame=   1 QP=5.00 NAL=2 Slice:P Poc:2   I:27   P:72   SKIP:0    size=6822 bytes PSNR Y:55.86 U:57.76 V:57.84
x264 [debug]: frame=   2 QP=5.00 NAL=2 Slice:P Poc:4   I:24   P:75   SKIP:0    size=7288 bytes PSNR Y:55.87 U:58.07 V:57.77
x264 [debug]: frame=   3 QP=5.00 NAL=2 Slice:P Poc:6   I:25   P:74   SKIP:0    size=6669 bytes PSNR Y:55.91 U:58.01 V:58.06
x264 [debug]: frame=   4 QP=5.00 NAL=2 Slice:P Poc:8   I:25   P:74   SKIP:0    size=6641 bytes PSNR Y:55.90 U:57.87 V:57.89
x264 [debug]: frame=   5 QP=5.00 NAL=2 Slice:P Poc:10  I:26   P:73   SKIP:0    size=6859 bytes PSNR Y:55.91 U:58.04 V:57.89
x264 [debug]: frame=   6 QP=5.00 NAL=2 Slice:P Poc:12  I:27   P:72   SKIP:0    size=6672 bytes PSNR Y:56.01 U:58.14 V:58.06
x264 [debug]: frame=   7 QP=5.00 NAL=2 Slice:P Poc:14  I:26   P:73   SKIP:0    size=6628 bytes PSNR Y:55.97 U:57.91 V:58.10
x264 [debug]: frame=   8 QP=5.00 NAL=2 Slice:P Poc:16  I:24   P:75   SKIP:0    size=6691 bytes PSNR Y:55.89 U:57.64 V:58.19
x264 [debug]: frame=   9 QP=5.00 NAL=2 Slice:P Poc:18  I:22   P:77   SKIP:0    size=6394 bytes PSNR Y:55.89 U:57.81 V:57.86
x264 [debug]: frame=  10 QP=5.00 NAL=2 Slice:P Poc:20  I:24   P:75   SKIP:0    size=6522 bytes PSNR Y:55.89 U:58.05 V:57.97
x264 [debug]: frame=  11 QP=5.00 NAL=2 Slice:P Poc:22  I:28   P:71   SKIP:0    size=6719 bytes PSNR Y:55.99 U:58.04 V:57.95
x264 [debug]: frame=  12 QP=5.00 NAL=2 Slice:P Poc:24  I:24   P:75   SKIP:0    size=5992 bytes PSNR Y:55.93 U:57.76 V:58.06
x264 [debug]: frame=  13 QP=5.00 NAL=2 Slice:P Poc:26  I:26   P:73   SKIP:0    size=6197 bytes PSNR Y:55.84 U:57.93 V:57.62
x264 [debug]: frame=  14 QP=5.00 NAL=2 Slice:P Poc:28  I:27   P:72   SKIP:0    size=6890 bytes PSNR Y:55.94 U:57.83 V:57.97
x264 [debug]: frame=  15 QP=5.00 NAL=2 Slice:P Poc:30  I:30   P:69   SKIP:0    size=6686 bytes PSNR Y:55.97 U:57.74 V:58.09
x264 [debug]: frame=  16 QP=5.00 NAL=2 Slice:P Poc:32  I:27   P:72   SKIP:0    size=6698 bytes PSNR Y:55.87 U:58.03 V:57.79
x264 [debug]: frame=  17 QP=5.00 NAL=2 Slice:P Poc:34  I:31   P:68   SKIP:0    size=7174 bytes PSNR Y:55.89 U:57.99 V:58.21
x264 [debug]: frame=  18 QP=5.00 NAL=2 Slice:P Poc:36  I:25   P:74   SKIP:0    size=6789 bytes PSNR Y:55.81 U:57.88 V:57.69
x264 [debug]: frame=  19 QP=5.00 NAL=2 Slice:P Poc:38  I:20   P:79   SKIP:0    size=6579 bytes PSNR Y:55.95 U:57.95 V:58.04
x264 [debug]: frame=  20 QP=5.00 NAL=2 Slice:P Poc:40  I:27   P:72   SKIP:0    size=6739 bytes PSNR Y:55.95 U:58.05 V:58.05
x264 [debug]: frame=  21 QP=5.00 NAL=2 Slice:P Poc:42  I:26   P:73   SKIP:0    size=6286 bytes PSNR Y:55.88 U:57.99 V:58.03
x264 [debug]: frame=  22 QP=5.00 NAL=2 Slice:P Poc:44  I:26   P:73   SKIP:0    size=6179 bytes PSNR Y:55.91 U:57.83 V:57.84
x264 [debug]: frame=  23 QP=5.00 NAL=2 Slice:P Poc:46  I:30   P:69   SKIP:0    size=6783 bytes PSNR Y:55.79 U:58.05 V:58.11
x264 [debug]: frame=  24 QP=5.00 NAL=2 Slice:P Poc:48  I:24   P:75   SKIP:0    size=6423 bytes PSNR Y:55.85 U:58.00 V:58.09
x264 [debug]: frame=  25 QP=5.00 NAL=2 Slice:P Poc:50  I:29   P:70   SKIP:0    size=6439 bytes PSNR Y:56.03 U:57.82 V:57.91
x264 [debug]: frame=  26 QP=5.00 NAL=2 Slice:P Poc:52  I:32   P:67   SKIP:0    size=6421 bytes PSNR Y:55.97 U:57.72 V:57.98
x264 [debug]: frame=  27 QP=5.00 NAL=2 Slice:P Poc:54  I:26   P:73   SKIP:0    size=6383 bytes PSNR Y:55.99 U:57.97 V:58.07
x264 [debug]: frame=  28 QP=5.00 NAL=2 Slice:P Poc:56  I:23   P:76   SKIP:0    size=6493 bytes PSNR Y:55.87 U:57.86 V:58.01
x264 [debug]: frame=  29 QP=5.00 NAL=2 Slice:P Poc:58  I:24   P:75   SKIP:0    size=6791 bytes PSNR Y:55.92 U:57.78 V:57.87
x264 [debug]: frame=  30 QP=5.00 NAL=2 Slice:P Poc:60  I:20   P:79   SKIP:0    size=6337 bytes PSNR Y:55.81 U:57.74 V:57.92
x264 [debug]: frame=  31 QP=5.00 NAL=2 Slice:P Poc:62  I:25   P:74   SKIP:0    size=6338 bytes PSNR Y:55.95 U:57.96 V:57.75
x264 [debug]: frame=  32 QP=5.00 NAL=2 Slice:P Poc:64  I:22   P:77   SKIP:0    size=6619 bytes PSNR Y:55.86 U:58.01 V:58.11
x264 [debug]: frame=  33 QP=5.00 NAL=2 Slice:P Poc:66  I:21   P:78   SKIP:0    size=6302 bytes PSNR Y:55.90 U:57.88 V:57.98
x264 [debug]: frame=  34 QP=5.00 NAL=2 Slice:P Poc:68  I:26   P:73   SKIP:0    size=6300 bytes PSNR Y:55.86 U:57.64 V:58.12
x264 [debug]: frame=  35 QP=5.00 NAL=2 Slice:P Poc:70  I:22   P:77   SKIP:0    size=6458 bytes PSNR Y:55.87 U:58.02 V:58.12
x264 [debug]: frame=  36 QP=5.00 NAL=2 Slice:P Poc:72  I:28   P:71   SKIP:0    size=6309 bytes PSNR Y:55.93 U:58.01 V:57.91
x264 [debug]: frame=  37 QP=5.00 NAL=2 Slice:P Poc:74  I:25   P:74   SKIP:0    size=6342 bytes PSNR Y:55.86 U:57.96 V:57.95
x264 [debug]: frame=  38 QP=5.00 NAL=2 Slice:P Poc:76  I:27   P:72   SKIP:0    size=6640 bytes PSNR Y:56.07 U:57.86 V:57.93
x264 [debug]: frame=  39 QP=5.00 NAL=2 Slice:P Poc:78  I:25   P:74   SKIP:0    size=6329 bytes PSNR Y:55.87 U:57.57 V:58.05
x264 [debug]: frame=  40 QP=5.00 NAL=2 Slice:P Poc:80  I:21   P:78   SKIP:0    size=6317 bytes PSNR Y:55.99 U:57.88 V:57.85
x264 [debug]: frame=  41 QP=5.00 NAL=2 Slice:P Poc:82  I:23   P:76   SKIP:0    size=6455 bytes PSNR Y:55.90 U:57.65 V:57.84
x264 [debug]: frame=  42 QP=5.00 NAL=2 Slice:P Poc:84  I:23   P:76   SKIP:0    size=5968 bytes PSNR Y:55.80 U:57.89 V:57.82
x264 [debug]: frame=  43 QP=5.00 NAL=2 Slice:P Poc:86  I:22   P:77   SKIP:0    size=6050 bytes PSNR Y:55.97 U:57.88 V:57.67
x264 [debug]: frame=  44 QP=5.00 NAL=2 Slice:P Poc:88  I:27   P:72   SKIP:0    size=6475 bytes PSNR Y:55.86 U:57.97 V:57.79
x264 [debug]: frame=  45 QP=5.00 NAL=2 Slice:P Poc:90  I:20   P:79   SKIP:0    size=6211 bytes PSNR Y:55.91 U:57.94 V:57.86
x264 [debug]: frame=  46 QP=5.00 NAL=2 Slice:P Poc:92  I:20   P:79   SKIP:0    size=6093 bytes PSNR Y:55.93 U:57.77 V:57.84
x264 [debug]: frame=  47 QP=5.00 NAL=2 Slice:P Poc:94  I:25   P:74   SKIP:0    size=6767 bytes PSNR Y:56.02 U:57.79 V:57.75
x264 [debug]: frame=  48 QP=5.00 NAL=2 Slice:P Poc:96  I:22   P:77   SKIP:0    size=6449 bytes PSNR Y:55.93 U:57.79 V:57.53
x264 [debug]: frame=  49 QP=5.00 NAL=2 Slice:P Poc:98  I:22   P:77   SKIP:0    size=6547 bytes PSNR Y:55.84 U:58.17 V:57.95
x264 [debug]: frame=  50 QP=5.00 NAL=2 Slice:P Poc:100 I:25   P:74   SKIP:0    size=6941 bytes PSNR Y:55.92 U:58.18 V:57.74
x264 [debug]: frame=  51 QP=5.00 NAL=2 Slice:P Poc:102 I:24   P:75   SKIP:0    size=6436 bytes PSNR Y:56.02 U:57.72 V:58.09
x264 [debug]: frame=  52 QP=5.00 NAL=2 Slice:P Poc:104 I:24   P:75   SKIP:0    size=6588 bytes PSNR Y:55.92 U:57.78 V:58.20
x264 [debug]: frame=  53 QP=5.00 NAL=2 Slice:P Poc:106 I:28   P:71   SKIP:0    size=7073 bytes PSNR Y:56.04 U:57.99 V:58.03
x264 [debug]: frame=  54 QP=5.00 NAL=2 Slice:P Poc:108 I:21   P:78   SKIP:0    size=6672 bytes PSNR Y:55.87 U:57.99 V:58.01
x264 [debug]: frame=  55 QP=5.00 NAL=2 Slice:P Poc:110 I:26   P:73   SKIP:0    size=6743 bytes PSNR Y:55.92 U:57.74 V:57.84
x264 [debug]: frame=  56 QP=5.00 NAL=2 Slice:P Poc:112 I:29   P:70   SKIP:0    size=6946 bytes PSNR Y:55.89 U:57.76 V:57.85
x264 [debug]: frame=  57 QP=5.00 NAL=2 Slice:P Poc:114 I:26   P:73   SKIP:0    size=6440 bytes PSNR Y:55.87 U:58.38 V:58.30
x264 [debug]: frame=  58 QP=5.00 NAL=2 Slice:P Poc:116 I:25   P:74   SKIP:0    size=6467 bytes PSNR Y:56.00 U:57.68 V:57.88
x264 [debug]: frame=  59 QP=5.00 NAL=2 Slice:P Poc:118 I:23   P:76   SKIP:0    size=6798 bytes PSNR Y:55.92 U:58.02 V:58.19
x264 [debug]: frame=  60 QP=5.00 NAL=2 Slice:P Poc:120 I:27   P:72   SKIP:0    size=6576 bytes PSNR Y:55.99 U:58.14 V:58.09
x264 [debug]: frame=  61 QP=5.00 NAL=2 Slice:P Poc:122 I:21   P:78   SKIP:0    size=6370 bytes PSNR Y:55.90 U:57.66 V:57.86
x264 [debug]: frame=  62 QP=5.00 NAL=2 Slice:P Poc:124 I:27   P:72   SKIP:0    size=6773 bytes PSNR Y:55.96 U:57.72 V:57.86
x264 [debug]: frame=  63 QP=5.00 NAL=2 Slice:P Poc:126 I:15   P:84   SKIP:0    size=6141 bytes PSNR Y:55.91 U:57.87 V:57.95
x264 [debug]: frame=  64 QP=5.00 NAL=2 Slice:P Poc:128 I:25   P:74   SKIP:0    size=5850 bytes PSNR Y:55.87 U:57.83 V:58.00
x264 [debug]: frame=  65 QP=5.00 NAL=2 Slice:P Poc:130 I:28   P:71   SKIP:0    size=6346 bytes PSNR Y:55.87 U:57.80 V:57.87
x264 [debug]: frame=  66 QP=5.00 NAL=2 Slice:P Poc:132 I:22   P:77   SKIP:0    size=6421 bytes PSNR Y:55.92 U:57.74 V:57.95
x264 [debug]: frame=  67 QP=5.00 NAL=2 Slice:P Poc:134 I:25   P:74   SKIP:0    size=6612 bytes PSNR Y:55.97 U:58.17 V:58.22
x264 [debug]: frame=  68 QP=5.00 NAL=2 Slice:P Poc:136 I:29   P:70   SKIP:0    size=7080 bytes PSNR Y:55.90 U:57.95 V:58.11
x264 [debug]: frame=  69 QP=5.00 NAL=2 Slice:P Poc:138 I:23   P:76   SKIP:0    size=6703 bytes PSNR Y:55.86 U:58.13 V:57.89
x264 [debug]: frame=  70 QP=5.00 NAL=2 Slice:P Poc:140 I:18   P:81   SKIP:0    size=6539 bytes PSNR Y:55.94 U:57.76 V:57.71
x264 [debug]: frame=  71 QP=5.00 NAL=2 Slice:P Poc:142 I:25   P:74   SKIP:0    size=6600 bytes PSNR Y:55.91 U:58.15 V:58.07
x264 [debug]: frame=  72 QP=5.00 NAL=2 Slice:P Poc:144 I:25   P:74   SKIP:0    size=6381 bytes PSNR Y:55.96 U:57.88 V:57.74
x264 [debug]: frame=  73 QP=5.00 NAL=2 Slice:P Poc:146 I:26   P:73   SKIP:0    size=6388 bytes PSNR Y:55.99 U:58.06 V:57.97
x264 [debug]: frame=  74 QP=5.00 NAL=2 Slice:P Poc:148 I:24   P:75   SKIP:0    size=6860 bytes PSNR Y:55.97 U:58.28 V:57.79
x264 [debug]: frame=  75 QP=5.00 NAL=2 Slice:P Poc:150 I:24   P:75   SKIP:0    size=6570 bytes PSNR Y:55.89 U:57.88 V:57.80
x264 [debug]: frame=  76 QP=5.00 NAL=2 Slice:P Poc:152 I:27   P:72   SKIP:0    size=6544 bytes PSNR Y:55.98 U:57.74 V:58.04
x264 [debug]: frame=  77 QP=5.00 NAL=2 Slice:P Poc:154 I:26   P:73   SKIP:0    size=7036 bytes PSNR Y:55.87 U:58.30 V:58.07
x264 [debug]: frame=  78 QP=5.00 NAL=2 Slice:P Poc:156 I:16   P:83   SKIP:0    size=6513 bytes PSNR Y:55.85 U:57.91 V:57.75
x264 [debug]: frame=  79 QP=5.00 NAL=2 Slice:P Poc:158 I:22   P:77   SKIP:0    size=6313 bytes PSNR Y:55.96 U:57.60 V:57.97
x264 [debug]: frame=  80 QP=5.00 NAL=2 Slice:P Poc:160 I:21   P:78   SKIP:0    size=6515 bytes PSNR Y:55.98 U:57.95 V:58.01
x264 [debug]: frame=  81 QP=5.00 NAL=2 Slice:P Poc:162 I:25   P:74   SKIP:0    size=6452 bytes PSNR Y:55.88 U:57.93 V:57.92
x264 [debug]: frame=  82 QP=5.00 NAL=2 Slice:P Poc:164 I:26   P:73   SKIP:0    size=6446 bytes PSNR Y:55.92 U:58.05 V:57.82
x264 [debug]: frame=  83 QP=5.00 NAL=2 Slice:P Poc:166 I:27   P:72   SKIP:0    size=6831 bytes PSNR Y:55.89 U:57.73 V:57.97
x264 [debug]: frame=  84 QP=5.00 NAL=2 Slice:P Poc:168 I:20   P:79   SKIP:0    size=6479 bytes PSNR Y:55.92 U:57.84 V:57.75
x264 [debug]: frame=  85 QP=5.00 NAL=2 Slice:P Poc:170 I:27   P:72   SKIP:0    size=6575 bytes PSNR Y:55.94 U:57.74 V:57.95
x264 [debug]: frame=  86 QP=5.00 NAL=2 Slice:P Poc:172 I:28   P:71   SKIP:0    size=6863 bytes PSNR Y:55.99 U:57.88 V:58.06
x264 [debug]: frame=  87 QP=5.00 NAL=2 Slice:P Poc:174 I:26   P:73   SKIP:0    size=6592 bytes PSNR Y:55.90 U:58.04 V:57.82
x264 [debug]: frame=  88 QP=5.00 NAL=2 Slice:P Poc:176 I:25   P:74   SKIP:0    size=6829 bytes PSNR Y:55.87 U:57.80 V:57.91
x264 [debug]: frame=  89 QP=5.00 NAL=2 Slice:P Poc:178 I:28   P:71   SKIP:0    size=7390 bytes PSNR Y:55.91 U:57.78 V:58.03
x264 [debug]: frame=  90 QP=5.00 NAL=2 Slice:P Poc:180 I:27   P:72   SKIP:0    size=7035 bytes PSNR Y:55.96 U:58.30 V:58.18
x264 [debug]: frame=  91 QP=5.00 NAL=2 Slice:P Poc:182 I:28   P:71   SKIP:0    size=6869 bytes PSNR Y:55.88 U:58.05 V:57.99
x264 [debug]: frame=  92 QP=5.00 NAL=2 Slice:P Poc:184 I:25   P:74   SKIP:0    size=7218 bytes PSNR Y:56.02 U:57.90 V:58.11
x264 [debug]: frame=  93 QP=5.00 NAL=2 Slice:P Poc:186 I:23   P:76   SKIP:0    size=6803 bytes PSNR Y:55.95 U:57.84 V:57.97
x264 [debug]: frame=  94 QP=5.00 NAL=2 Slice:P Poc:188 I:27   P:72   SKIP:0    size=6754 bytes PSNR Y:56.07 U:57.93 V:58.01
x264 [debug]: frame=  95 QP=5.00 NAL=2 Slice:P Poc:190 I:26   P:73   SKIP:0    size=7270 bytes PSNR Y:55.88 U:57.95 V:58.11
x264 [debug]: frame=  96 QP=5.00 NAL=2 Slice:P Poc:192 I:26   P:73   SKIP:0    size=7035 bytes PSNR Y:55.93 U:58.16 V:57.96
x264 [debug]: frame=  97 QP=5.00 NAL=2 Slice:P Poc:194 I:26   P:73   SKIP:0    size=6924 bytes PSNR Y:55.78 U:58.05 V:58.02
x264 [debug]: frame=  98 QP=5.00 NAL=2 Slice:P Poc:196 I:28   P:71   SKIP:0    size=7395 bytes PSNR Y:55.92 U:58.01 V:57.83
x264 [debug]: frame=  99 QP=5.00 NAL=2 Slice:P Poc:198 I:24   P:75   SKIP:0    size=6696 bytes PSNR Y:55.90 U:58.02 V:57.96
x264 [debug]: frame= 100 QP=5.00 NAL=2 Slice:P Poc:200 I:29   P:70   SKIP:0    size=6561 bytes PSNR Y:55.86 U:58.04 V:57.95
x264 [debug]: frame= 101 QP=5.00 NAL=2 Slice:P Poc:202 I:28   P:71   SKIP:0    size=6950 bytes PSNR Y:55.96 U:58.20 V:58.12
x264 [debug]: frame= 102 QP=5.00 NAL=2 Slice:P Poc:204 I:22   P:77   SKIP:0    size=6570 bytes PSNR Y:55.85 U:58.05 V:57.95
x264 [debug]: frame= 103 QP=5.00 NAL=2 Slice:P Poc:206 I:26   P:73   SKIP:0    size=6638 bytes PSNR Y:55.88 U:57.76 V:57.80
x264 [debug]: frame= 104 QP=5.00 NAL=2 Slice:P Poc:208 I:27   P:72   SKIP:0    size=7203 bytes PSNR Y:55.87 U:58.14 V:58.17
x264 [debug]: frame= 105 QP=5.00 NAL=2 Slice:P Poc:210 I:26   P:73   SKIP:0    size=6741 bytes PSNR Y:55.74 U:58.01 V:57.89
x264 [debug]: frame= 106 QP=5.00 NAL=2 Slice:P Poc:212 I:30   P:69   SKIP:0    size=6715 bytes PSNR Y:55.92 U:57.94 V:57.94
x264 [debug]: frame= 107 QP=5.00 NAL=2 Slice:P Poc:214 I:29   P:70   SKIP:0    size=7116 bytes PSNR Y:55.92 U:58.31 V:58.07
x264 [debug]: frame= 108 QP=5.00 NAL=2 Slice:P Poc:216 I:22   P:77   SKIP:0    size=6510 bytes PSNR Y:55.98 U:58.23 V:57.74
x264 [debug]: frame= 109 QP=5.00 NAL=2 Slice:P Poc:218 I:30   P:69   SKIP:0    size=6585 bytes PSNR Y:55.98 U:57.87 V:58.15
x264 [debug]: frame= 110 QP=5.00 NAL=2 Slice:P Poc:220 I:28   P:71   SKIP:0    size=6833 bytes PSNR Y:55.91 U:57.82 V:58.08
x264 [debug]: frame= 111 QP=5.00 NAL=2 Slice:P Poc:222 I:29   P:70   SKIP:0    size=6629 bytes PSNR Y:55.90 U:57.98 V:58.15
x264 [debug]: frame= 112 QP=5.00 NAL=2 Slice:P Poc:224 I:29   P:70   SKIP:0    size=6518 bytes PSNR Y:55.94 U:57.97 V:58.13
x264 [debug]: frame= 113 QP=5.00 NAL=2 Slice:P Poc:226 I:26   P:73   SKIP:0    size=6792 bytes PSNR Y:55.84 U:57.99 V:58.03
x264 [debug]: frame= 114 QP=5.00 NAL=2 Slice:P Poc:228 I:23   P:76   SKIP:0    size=6323 bytes PSNR Y:55.88 U:57.93 V:57.95
x264 [debug]: frame= 115 QP=5.00 NAL=2 Slice:P Poc:230 I:29   P:70   SKIP:0    size=6360 bytes PSNR Y:55.94 U:57.93 V:57.82
x264 [debug]: frame= 116 QP=5.00 NAL=2 Slice:P Poc:232 I:27   P:72   SKIP:0    size=6736 bytes PSNR Y:55.87 U:57.99 V:57.88
x264 [debug]: frame= 117 QP=5.00 NAL=2 Slice:P Poc:234 I:24   P:75   SKIP:0    size=6345 bytes PSNR Y:55.96 U:57.80 V:57.80
x264 [debug]: frame= 118 QP=5.00 NAL=2 Slice:P Poc:236 I:30   P:69   SKIP:0    size=6204 bytes PSNR Y:55.95 U:57.80 V:57.86
x264 [debug]: frame= 119 QP=5.00 NAL=2 Slice:P Poc:238 I:28   P:71   SKIP:0    size=6653 bytes PSNR Y:55.93 U:58.04 V:57.77
x264 [debug]: frame= 120 QP=5.00 NAL=2 Slice:P Poc:240 I:27   P:72   SKIP:0    size=6341 bytes PSNR Y:55.92 U:57.79 V:58.07
x264 [debug]: frame= 121 QP=5.00 NAL=2 Slice:P Poc:242 I:25   P:74   SKIP:0    size=6211 bytes PSNR Y:55.97 U:58.19 V:57.79
x264 [debug]: frame= 122 QP=5.00 NAL=2 Slice:P Poc:244 I:27   P:72   SKIP:0    size=6524 bytes PSNR Y:55.91 U:58.03 V:58.07
x264 [debug]: frame= 123 QP=5.00 NAL=2 Slice:P Poc:246 I:26   P:73   SKIP:0    size=6237 bytes PSNR Y:55.94 U:58.05 V:57.59
x264 [debug]: frame= 124 QP=5.00 NAL=2 Slice:P Poc:248 I:22   P:77   SKIP:0    size=6227 bytes PSNR Y:55.81 U:57.89 V:57.69
x264 [debug]: frame= 125 QP=5.00 NAL=2 Slice:P Poc:250 I:24   P:75   SKIP:0    size=6460 bytes PSNR Y:55.88 U:58.11 V:57.59
x264 [debug]: frame= 126 QP=5.00 NAL=2 Slice:P Poc:252 I:25   P:74   SKIP:0    size=6434 bytes PSNR Y:55.92 U:58.20 V:58.09
x264 [debug]: frame= 127 QP=5.00 NAL=2 Slice:P Poc:254 I:24   P:75   SKIP:0    size=6473 bytes PSNR Y:55.92 U:58.01 V:57.81
x264 [debug]: frame= 128 QP=5.00 NAL=2 Slice:P Poc:256 I:28   P:71   SKIP:0    size=6936 bytes PSNR Y:55.95 U:58.00 V:58.07
x264 [debug]: frame= 129 QP=5.00 NAL=2 Slice:P Poc:258 I:26   P:73   SKIP:0    size=6534 bytes PSNR Y:55.91 U:58.13 V:57.86
x264 [debug]: frame= 130 QP=5.00 NAL=2 Slice:P Poc:260 I:28   P:71   SKIP:0    size=6654 bytes PSNR Y:55.99 U:58.20 V:58.02
x264 [debug]: frame= 131 QP=5.00 NAL=2 Slice:P Poc:262 I:26   P:73   SKIP:0    size=6720 bytes PSNR Y:55.88 U:57.88 V:58.15
x264 [debug]: frame= 132 QP=5.00 NAL=2 Slice:P Poc:264 I:21   P:78   SKIP:0    size=6431 bytes PSNR Y:55.89 U:58.00 V:58.05
x264 [debug]: frame= 133 QP=5.00 NAL=2 Slice:P Poc:266 I:28   P:71   SKIP:0    size=6479 bytes PSNR Y:55.82 U:57.79 V:58.01
x264 [debug]: frame= 134 QP=5.00 NAL=2 Slice:P Poc:268 I:30   P:69   SKIP:0    size=6553 bytes PSNR Y:55.98 U:58.27 V:58.01
x264 [debug]: frame= 135 QP=5.00 NAL=2 Slice:P Poc:270 I:24   P:75   SKIP:0    size=6113 bytes PSNR Y:55.83 U:58.01 V:57.87
x264 [debug]: frame= 136 QP=5.00 NAL=2 Slice:P Poc:272 I:27   P:72   SKIP:0    size=6293 bytes PSNR Y:55.95 U:57.77 V:58.32
x264 [debug]: frame= 137 QP=5.00 NAL=2 Slice:P Poc:274 I:27   P:72   SKIP:0    size=6886 bytes PSNR Y:55.91 U:58.06 V:58.33
x264 [debug]: frame= 138 QP=5.00 NAL=2 Slice:P Poc:276 I:18   P:81   SKIP:0    size=6734 bytes PSNR Y:55.87 U:57.85 V:58.01
x264 [debug]: frame= 139 QP=5.00 NAL=2 Slice:P Poc:278 I:29   P:70   SKIP:0    size=6725 bytes PSNR Y:55.99 U:58.09 V:58.32
x264 [debug]: frame= 140 QP=5.00 NAL=2 Slice:P Poc:280 I:27   P:72   SKIP:0    size=7103 bytes PSNR Y:55.98 U:58.23 V:58.03
x264 [debug]: frame= 141 QP=5.00 NAL=2 Slice:P Poc:282 I:27   P:72   SKIP:0    size=6658 bytes PSNR Y:55.96 U:57.50 V:57.99
x264 [debug]: frame= 142 QP=5.00 NAL=2 Slice:P Poc:284 I:26   P:73   SKIP:0    size=6816 bytes PSNR Y:56.00 U:57.95 V:58.14
x264 [debug]: frame= 143 QP=5.00 NAL=2 Slice:P Poc:286 I:28   P:71   SKIP:0    size=7172 bytes PSNR Y:55.92 U:57.89 V:58.17
x264 [debug]: frame= 144 QP=5.00 NAL=2 Slice:P Poc:288 I:27   P:72   SKIP:0    size=6818 bytes PSNR Y:55.89 U:58.18 V:58.13
x264 [debug]: frame= 145 QP=5.00 NAL=2 Slice:P Poc:290 I:26   P:73   SKIP:0    size=6590 bytes PSNR Y:55.91 U:57.88 V:57.93
x264 [debug]: frame= 146 QP=5.00 NAL=2 Slice:P Poc:292 I:26   P:73   SKIP:0    size=6489 bytes PSNR Y:55.83 U:57.95 V:58.19
x264 [debug]: frame= 147 QP=5.00 NAL=2 Slice:P Poc:294 I:23   P:76   SKIP:0    size=6220 bytes PSNR Y:55.78 U:57.85 V:58.23
x264 [debug]: frame= 148 QP=5.00 NAL=2 Slice:P Poc:296 I:25   P:74   SKIP:0    size=6007 bytes PSNR Y:55.96 U:57.87 V:58.01
x264 [debug]: frame= 149 QP=5.00 NAL=2 Slice:P Poc:298 I:30   P:69   SKIP:0    size=6501 bytes PSNR Y:55.96 U:58.20 V:58.01
x264 [debug]: frame= 150 QP=5.00 NAL=2 Slice:P Poc:300 I:19   P:80   SKIP:0    size=6106 bytes PSNR Y:55.89 U:57.74 V:57.95
x264 [debug]: frame= 151 QP=5.00 NAL=2 Slice:P Poc:302 I:25   P:74   SKIP:0    size=6305 bytes PSNR Y:55.87 U:57.89 V:58.06
x264 [debug]: frame= 152 QP=5.00 NAL=2 Slice:P Poc:304 I:28   P:71   SKIP:0    size=6695 bytes PSNR Y:55.92 U:58.20 V:57.85
x264 [debug]: frame= 153 QP=5.00 NAL=2 Slice:P Poc:306 I:25   P:74   SKIP:0    size=6523 bytes PSNR Y:55.83 U:57.83 V:57.90
x264 [debug]: frame= 154 QP=5.00 NAL=2 Slice:P Poc:308 I:22   P:77   SKIP:0    size=6412 bytes PSNR Y:55.87 U:57.91 V:57.99
x264 [debug]: frame= 155 QP=5.00 NAL=2 Slice:P Poc:310 I:27   P:72   SKIP:0    size=6699 bytes PSNR Y:55.86 U:57.93 V:58.00
x264 [debug]: frame= 156 QP=5.00 NAL=2 Slice:P Poc:312 I:22   P:77   SKIP:0    size=6595 bytes PSNR Y:55.90 U:57.86 V:58.19
x264 [debug]: frame= 157 QP=5.00 NAL=2 Slice:P Poc:314 I:24   P:75   SKIP:0    size=6620 bytes PSNR Y:55.94 U:57.84 V:57.89
x264 [debug]: frame= 158 QP=5.00 NAL=2 Slice:P Poc:316 I:18   P:81   SKIP:0    size=7015 bytes PSNR Y:55.98 U:57.76 V:57.84
x264 [debug]: frame= 159 QP=5.00 NAL=2 Slice:P Poc:318 I:24   P:75   SKIP:0    size=6798 bytes PSNR Y:56.02 U:57.94 V:57.91
x264 [debug]: frame= 160 QP=5.00 NAL=2 Slice:P Poc:320 I:29   P:70   SKIP:0    size=6720 bytes PSNR Y:55.91 U:58.00 V:57.97
x264 [debug]: frame= 161 QP=5.00 NAL=2 Slice:P Poc:322 I:29   P:70   SKIP:0    size=6941 bytes PSNR Y:55.93 U:57.77 V:58.23
x264 [debug]: frame= 162 QP=5.00 NAL=2 Slice:P Poc:324 I:25   P:74   SKIP:0    size=6748 bytes PSNR Y:55.87 U:57.88 V:57.86
x264 [debug]: frame= 163 QP=5.00 NAL=2 Slice:P Poc:326 I:27   P:72   SKIP:0    size=6739 bytes PSNR Y:55.90 U:58.05 V:58.13
x264 [debug]: frame= 164 QP=5.00 NAL=2 Slice:P Poc:328 I:20   P:79   SKIP:0    size=6815 bytes PSNR Y:55.93 U:58.10 V:57.91
x264 [debug]: frame= 165 QP=5.00 NAL=2 Slice:P Poc:330 I:23   P:76   SKIP:0    size=6555 bytes PSNR Y:55.82 U:57.90 V:57.65
x264 [debug]: frame= 166 QP=5.00 NAL=2 Slice:P Poc:332 I:30   P:69   SKIP:0    size=6673 bytes PSNR Y:55.93 U:57.91 V:57.94
x264 [debug]: frame= 167 QP=5.00 NAL=2 Slice:P Poc:334 I:27   P:72   SKIP:0    size=7006 bytes PSNR Y:56.04 U:57.84 V:58.16
x264 [debug]: frame= 168 QP=5.00 NAL=2 Slice:P Poc:336 I:26   P:73   SKIP:0    size=6505 bytes PSNR Y:56.06 U:58.07 V:57.97
x264 [debug]: frame= 169 QP=5.00 NAL=2 Slice:P Poc:338 I:29   P:70   SKIP:0    size=6627 bytes PSNR Y:55.94 U:57.85 V:58.10
x264 [debug]: frame= 170 QP=5.00 NAL=2 Slice:P Poc:340 I:29   P:70   SKIP:0    size=6904 bytes PSNR Y:55.89 U:57.74 V:58.11
x264 [debug]: frame= 171 QP=5.00 NAL=2 Slice:P Poc:342 I:23   P:76   SKIP:0    size=6363 bytes PSNR Y:55.93 U:58.02 V:58.01
x264 [debug]: frame= 172 QP=5.00 NAL=2 Slice:P Poc:344 I:21   P:78   SKIP:0    size=6462 bytes PSNR Y:55.97 U:58.03 V:57.91
x264 [debug]: frame= 173 QP=5.00 NAL=2 Slice:P Poc:346 I:27   P:72   SKIP:0    size=6762 bytes PSNR Y:55.98 U:57.80 V:57.95
x264 [debug]: frame= 174 QP=5.00 NAL=2 Slice:P Poc:348 I:24   P:75   SKIP:0    size=6309 bytes PSNR Y:55.83 U:58.00 V:57.98
x264 [debug]: frame= 175 QP=5.00 NAL=2 Slice:P Poc:350 I:25   P:74   SKIP:0    size=6138 bytes PSNR Y:55.87 U:57.88 V:57.89
x264 [debug]: frame= 176 QP=5.00 NAL=2 Slice:P Poc:352 I:26   P:73   SKIP:0    size=6322 bytes PSNR Y:55.82 U:57.89 V:57.95
x264 [debug]: frame= 177 QP=5.00 NAL=2 Slice:P Poc:354 I:24   P:75   SKIP:0    size=6109 bytes PSNR Y:55.86 U:57.93 V:58.09
x264 [debug]: frame= 178 QP=5.00 NAL=2 Slice:P Poc:356 I:29   P:70   SKIP:0    size=6056 bytes PSNR Y:55.90 U:58.09 V:57.93
x264 [debug]: frame= 179 QP=5.00 NAL=2 Slice:P Poc:358 I:25   P:74   SKIP:0    size=6241 bytes PSNR Y:55.88 U:57.95 V:57.69
x264 [debug]: frame= 180 QP=5.00 NAL=2 Slice:P Poc:360 I:28   P:71   SKIP:0    size=6200 bytes PSNR Y:55.99 U:57.94 V:57.80
x264 [debug]: frame= 181 QP=5.00 NAL=2 Slice:P Poc:362 I:29   P:70   SKIP:0    size=6326 bytes PSNR Y:56.04 U:58.02 V:58.16
x264 [debug]: frame= 182 QP=5.00 NAL=2 Slice:P Poc:364 I:32   P:67   SKIP:0    size=6591 bytes PSNR Y:55.79 U:57.95 V:57.99
x264 [debug]: frame= 183 QP=5.00 NAL=2 Slice:P Poc:366 I:22   P:77   SKIP:0    size=6200 bytes PSNR Y:56.03 U:58.08 V:57.97
x264 [debug]: frame= 184 QP=5.00 NAL=2 Slice:P Poc:368 I:30   P:69   SKIP:0    size=6090 bytes PSNR Y:55.94 U:57.83 V:57.86
x264 [debug]: frame= 185 QP=5.00 NAL=2 Slice:P Poc:370 I:23   P:76   SKIP:0    size=6229 bytes PSNR Y:55.82 U:57.79 V:57.90
x264 [debug]: frame= 186 QP=5.00 NAL=2 Slice:P Poc:372 I:26   P:73   SKIP:0    size=6203 bytes PSNR Y:55.89 U:58.12 V:58.08
x264 [debug]: frame= 187 QP=5.00 NAL=2 Slice:P Poc:374 I:26   P:73   SKIP:0    size=6284 bytes PSNR Y:55.86 U:57.85 V:57.98
x264 [debug]: frame= 188 QP=5.00 NAL=2 Slice:P Poc:376 I:27   P:72   SKIP:0    size=6858 bytes PSNR Y:55.90 U:57.87 V:57.77
x264 [debug]: frame= 189 QP=5.00 NAL=2 Slice:P Poc:378 I:25   P:74   SKIP:0    size=6717 bytes PSNR Y:55.87 U:58.05 V:58.11
x264 [debug]: frame= 190 QP=5.00 NAL=2 Slice:P Poc:380 I:25   P:74   SKIP:0    size=6686 bytes PSNR Y:55.85 U:57.91 V:58.45
x264 [debug]: frame= 191 QP=5.00 NAL=2 Slice:P Poc:382 I:28   P:71   SKIP:0    size=7197 bytes PSNR Y:55.97 U:58.06 V:57.96
x264 [debug]: frame= 192 QP=5.00 NAL=2 Slice:P Poc:384 I:28   P:71   SKIP:0    size=6851 bytes PSNR Y:55.93 U:57.99 V:58.20
x264 [debug]: frame= 193 QP=5.00 NAL=2 Slice:P Poc:386 I:27   P:72   SKIP:0    size=6852 bytes PSNR Y:55.95 U:58.07 V:58.21
x264 [debug]: frame= 194 QP=5.00 NAL=2 Slice:P Poc:388 I:26   P:73   SKIP:0    size=7049 bytes PSNR Y:55.94 U:57.93 V:58.27
x264 [debug]: frame= 195 QP=5.00 NAL=2 Slice:P Poc:390 I:25   P:74   SKIP:0    size=6986 bytes PSNR Y:55.97 U:57.91 V:57.59
x264 [debug]: frame= 196 QP=5.00 NAL=2 Slice:P Poc:392 I:30   P:69   SKIP:0    size=7150 bytes PSNR Y:56.04 U:57.80 V:58.13
x264 [debug]: frame= 197 QP=5.00 NAL=2 Slice:P Poc:394 I:25   P:74   SKIP:0    size=7611 bytes PSNR Y:55.91 U:58.00 V:57.91
x264 [debug]: frame= 198 QP=5.00 NAL=2 Slice:P Poc:396 I:21   P:78   SKIP:0    size=7337 bytes PSNR Y:55.96 U:57.91 V:57.67
x264 [debug]: frame= 199 QP=5.00 NAL=2 Slice:P Poc:398 I:26   P:73   SKIP:0    size=7282 bytes PSNR Y:55.96 U:58.09 V:58.11
x264 [debug]: frame= 200 QP=5.00 NAL=2 Slice:P Poc:400 I:29   P:70   SKIP:0    size=7743 bytes PSNR Y:56.01 U:58.13 V:58.01
x264 [debug]: frame= 201 QP=5.00 NAL=2 Slice:P Poc:402 I:23   P:76   SKIP:0    size=6879 bytes PSNR Y:55.94 U:57.86 V:57.99
x264 [debug]: frame= 202 QP=5.00 NAL=2 Slice:P Poc:404 I:24   P:75   SKIP:0    size=6633 bytes PSNR Y:55.88 U:58.19 V:57.99
x264 [debug]: frame= 203 QP=5.00 NAL=2 Slice:P Poc:406 I:28   P:71   SKIP:0    size=6979 bytes PSNR Y:56.10 U:58.18 V:58.11
x264 [debug]: frame= 204 QP=5.00 NAL=2 Slice:P Poc:408 I:18   P:81   SKIP:0    size=6376 bytes PSNR Y:55.88 U:58.16 V:58.14
x264 [debug]: frame= 205 QP=5.00 NAL=2 Slice:P Poc:410 I:21   P:78   SKIP:0    size=6262 bytes PSNR Y:55.87 U:57.67 V:57.78
x264 [debug]: frame= 206 QP=5.00 NAL=2 Slice:P Poc:412 I:28   P:71   SKIP:0    size=6544 bytes PSNR Y:55.92 U:57.89 V:58.16
x264 [debug]: frame= 207 QP=5.00 NAL=2 Slice:P Poc:414 I:25   P:74   SKIP:0    size=6291 bytes PSNR Y:55.86 U:57.79 V:58.01
x264 [debug]: frame= 208 QP=5.00 NAL=2 Slice:P Poc:416 I:26   P:73   SKIP:0    size=6355 bytes PSNR Y:55.81 U:57.79 V:57.99
x264 [debug]: frame= 209 QP=5.00 NAL=2 Slice:P Poc:418 I:26   P:73   SKIP:0    size=6581 bytes PSNR Y:55.97 U:58.05 V:57.94
x264 [debug]: frame= 210 QP=5.00 NAL=2 Slice:P Poc:420 I:22   P:77   SKIP:0    size=6207 bytes PSNR Y:55.95 U:57.93 V:57.80
x264 [debug]: frame= 211 QP=5.00 NAL=2 Slice:P Poc:422 I:32   P:67   SKIP:0    size=6388 bytes PSNR Y:55.96 U:58.31 V:58.04
x264 [debug]: frame= 212 QP=5.00 NAL=2 Slice:P Poc:424 I:25   P:74   SKIP:0    size=6635 bytes PSNR Y:55.93 U:57.91 V:58.08
x264 [debug]: frame= 213 QP=5.00 NAL=2 Slice:P Poc:426 I:21   P:78   SKIP:0    size=6269 bytes PSNR Y:55.95 U:57.92 V:57.98
x264 [debug]: frame= 214 QP=5.00 NAL=2 Slice:P Poc:428 I:25   P:74   SKIP:0    size=6285 bytes PSNR Y:56.01 U:58.13 V:57.80
x264 [debug]: frame= 215 QP=5.00 NAL=2 Slice:P Poc:430 I:21   P:78   SKIP:0    size=6686 bytes PSNR Y:55.81 U:58.18 V:57.88
x264 [debug]: frame= 216 QP=5.00 NAL=2 Slice:P Poc:432 I:22   P:77   SKIP:0    size=6752 bytes PSNR Y:56.02 U:58.42 V:58.01
x264 [debug]: frame= 217 QP=5.00 NAL=2 Slice:P Poc:434 I:24   P:75   SKIP:0    size=6984 bytes PSNR Y:55.95 U:57.94 V:57.79
x264 [debug]: frame= 218 QP=5.00 NAL=2 Slice:P Poc:436 I:25   P:74   SKIP:0    size=7613 bytes PSNR Y:55.87 U:58.04 V:58.01
x264 [debug]: frame= 219 QP=5.00 NAL=2 Slice:P Poc:438 I:26   P:73   SKIP:0    size=7363 bytes PSNR Y:55.91 U:57.83 V:58.09
x264 [debug]: frame= 220 QP=5.00 NAL=2 Slice:P Poc:440 I:29   P:70   SKIP:0    size=7264 bytes PSNR Y:55.91 U:57.99 V:57.95
x264 [debug]: frame= 221 QP=5.00 NAL=2 Slice:P Poc:442 I:30   P:69   SKIP:0    size=7656 bytes PSNR Y:55.89 U:58.23 V:58.24
x264 [debug]: frame= 222 QP=5.00 NAL=2 Slice:P Poc:444 I:24   P:75   SKIP:0    size=6921 bytes PSNR Y:55.99 U:57.97 V:57.76
x264 [debug]: frame= 223 QP=5.00 NAL=2 Slice:P Poc:446 I:27   P:72   SKIP:0    size=6771 bytes PSNR Y:55.91 U:57.86 V:57.75
x264 [debug]: frame= 224 QP=5.00 NAL=2 Slice:P Poc:448 I:27   P:72   SKIP:0    size=7303 bytes PSNR Y:55.88 U:57.88 V:57.84
x264 [debug]: frame= 225 QP=5.00 NAL=2 Slice:P Poc:450 I:25   P:74   SKIP:0    size=6845 bytes PSNR Y:55.96 U:58.31 V:57.86
x264 [debug]: frame= 226 QP=5.00 NAL=2 Slice:P Poc:452 I:26   P:73   SKIP:0    size=6726 bytes PSNR Y:55.94 U:58.03 V:57.76
x264 [debug]: frame= 227 QP=5.00 NAL=2 Slice:P Poc:454 I:28   P:71   SKIP:0    size=7152 bytes PSNR Y:56.01 U:57.98 V:58.32
x264 [debug]: frame= 228 QP=5.00 NAL=2 Slice:P Poc:456 I:25   P:74   SKIP:0    size=6750 bytes PSNR Y:56.02 U:57.99 V:58.37
x264 [debug]: frame= 229 QP=5.00 NAL=2 Slice:P Poc:458 I:29   P:70   SKIP:0    size=6561 bytes PSNR Y:55.84 U:57.93 V:58.18
x264 [debug]: frame= 230 QP=5.00 NAL=2 Slice:P Poc:460 I:24   P:75   SKIP:0    size=6886 bytes PSNR Y:56.01 U:58.10 V:57.90
x264 [debug]: frame= 231 QP=5.00 NAL=2 Slice:P Poc:462 I:27   P:72   SKIP:0    size=6453 bytes PSNR Y:55.88 U:58.09 V:58.07
x264 [debug]: frame= 232 QP=5.00 NAL=2 Slice:P Poc:464 I:26   P:73   SKIP:0    size=6214 bytes PSNR Y:55.91 U:57.50 V:57.97
x264 [debug]: frame= 233 QP=5.00 NAL=2 Slice:P Poc:466 I:29   P:70   SKIP:0    size=6453 bytes PSNR Y:55.89 U:57.96 V:57.86
x264 [debug]: frame= 234 QP=5.00 NAL=2 Slice:P Poc:468 I:29   P:70   SKIP:0    size=6204 bytes PSNR Y:55.91 U:58.16 V:58.03
x264 [debug]: frame= 235 QP=5.00 NAL=2 Slice:P Poc:470 I:29   P:70   SKIP:0    size=6151 bytes PSNR Y:55.91 U:58.18 V:58.05
x264 [debug]: frame= 236 QP=5.00 NAL=2 Slice:P Poc:472 I:26   P:73   SKIP:0    size=6394 bytes PSNR Y:55.88 U:57.93 V:57.81
x264 [debug]: frame= 237 QP=5.00 NAL=2 Slice:P Poc:474 I:23   P:76   SKIP:0    size=6213 bytes PSNR Y:55.93 U:57.97 V:58.18
x264 [debug]: frame= 238 QP=5.00 NAL=2 Slice:P Poc:476 I:26   P:73   SKIP:0    size=6046 bytes PSNR Y:56.02 U:57.90 V:57.59
x264 [debug]: frame= 239 QP=5.00 NAL=2 Slice:P Poc:478 I:26   P:73   SKIP:0    size=6443 bytes PSNR Y:55.93 U:58.11 V:57.98
x264 [debug]: frame= 240 QP=5.00 NAL=2 Slice:P Poc:480 I:23   P:76   SKIP:0    size=6283 bytes PSNR Y:55.89 U:58.04 V:57.86
x264 [debug]: frame= 241 QP=5.00 NAL=2 Slice:P Poc:482 I:29   P:70   SKIP:0    size=6095 bytes PSNR Y:55.89 U:58.09 V:57.89
x264 [debug]: frame= 242 QP=5.00 NAL=2 Slice:P Poc:484 I:24   P:75   SKIP:0    size=6333 bytes PSNR Y:55.98 U:58.04 V:57.75
x264 [debug]: frame= 243 QP=5.00 NAL=2 Slice:P Poc:486 I:23   P:76   SKIP:0    size=6237 bytes PSNR Y:55.99 U:58.20 V:57.93
x264 [debug]: frame= 244 QP=5.00 NAL=2 Slice:P Poc:488 I:23   P:76   SKIP:0    size=6166 bytes PSNR Y:55.83 U:57.80 V:57.78
x264 [debug]: frame= 245 QP=5.00 NAL=2 Slice:P Poc:490 I:30   P:69   SKIP:0    size=6458 bytes PSNR Y:55.97 U:57.97 V:58.13
x264 [debug]: frame= 246 QP=5.00 NAL=2 Slice:P Poc:492 I:24   P:75   SKIP:0    size=6075 bytes PSNR Y:55.85 U:57.96 V:57.90
x264 [debug]: frame= 247 QP=5.00 NAL=2 Slice:P Poc:494 I:30   P:69   SKIP:0    size=6069 bytes PSNR Y:55.87 U:57.82 V:58.32
x264 [debug]: frame= 248 QP=5.00 NAL=2 Slice:P Poc:496 I:27   P:72   SKIP:0    size=6382 bytes PSNR Y:55.86 U:58.01 V:58.37
x264 [debug]: frame= 249 QP=5.00 NAL=2 Slice:P Poc:498 I:24   P:75   SKIP:0    size=6096 bytes PSNR Y:55.87 U:57.84 V:58.11
x264 [debug]: frame= 250 QP=5.00 NAL=2 Slice:P Poc:500 I:25   P:74   SKIP:0    size=6220 bytes PSNR Y:55.95 U:57.89 V:57.84
x264 [debug]: frame= 251 QP=5.00 NAL=2 Slice:P Poc:502 I:30   P:69   SKIP:0    size=6673 bytes PSNR Y:55.94 U:57.95 V:58.03
x264 [debug]: frame= 252 QP=5.00 NAL=2 Slice:P Poc:504 I:26   P:73   SKIP:0    size=6292 bytes PSNR Y:55.89 U:57.99 V:57.87
x264 [debug]: frame= 253 QP=5.00 NAL=2 Slice:P Poc:506 I:29   P:70   SKIP:0    size=6294 bytes PSNR Y:56.00 U:57.74 V:58.32
x264 [debug]: frame= 254 QP=5.00 NAL=2 Slice:P Poc:508 I:31   P:68   SKIP:0    size=6523 bytes PSNR Y:55.98 U:57.97 V:58.19
x264 [debug]: frame= 255 QP=5.00 NAL=2 Slice:P Poc:510 I:26   P:73   SKIP:0    size=6108 bytes PSNR Y:55.91 U:58.03 V:57.91
x264 [debug]: frame= 256 QP=5.00 NAL=2 Slice:P Poc:512 I:30   P:69   SKIP:0    size=6122 bytes PSNR Y:55.95 U:58.23 V:58.25
x264 [debug]: frame= 257 QP=5.00 NAL=2 Slice:P Poc:514 I:33   P:66   SKIP:0    size=6406 bytes PSNR Y:55.95 U:57.99 V:58.03
x264 [debug]: frame= 258 QP=5.00 NAL=2 Slice:P Poc:516 I:27   P:72   SKIP:0    size=6270 bytes PSNR Y:55.99 U:58.05 V:57.97
x264 [debug]: frame= 259 QP=5.00 NAL=2 Slice:P Poc:518 I:32   P:67   SKIP:0    size=6320 bytes PSNR Y:55.90 U:57.99 V:57.95
x264 [debug]: frame= 260 QP=5.00 NAL=2 Slice:P Poc:520 I:27   P:72   SKIP:0    size=6699 bytes PSNR Y:55.99 U:57.92 V:57.93
x264 [debug]: frame= 261 QP=5.00 NAL=2 Slice:P Poc:522 I:24   P:75   SKIP:0    size=6550 bytes PSNR Y:55.94 U:57.91 V:57.89
x264 [debug]: frame= 262 QP=5.00 NAL=2 Slice:P Poc:524 I:26   P:73   SKIP:0    size=6595 bytes PSNR Y:55.92 U:58.10 V:58.13
x264 [debug]: frame= 263 QP=5.00 NAL=2 Slice:P Poc:526 I:27   P:72   SKIP:0    size=6861 bytes PSNR Y:55.79 U:57.70 V:58.18
x264 [debug]: frame= 264 QP=5.00 NAL=2 Slice:P Poc:528 I:25   P:74   SKIP:0    size=6550 bytes PSNR Y:55.95 U:57.91 V:58.03
x264 [debug]: frame= 265 QP=5.00 NAL=2 Slice:P Poc:530 I:28   P:71   SKIP:0    size=6466 bytes PSNR Y:55.89 U:57.91 V:57.98
x264 [debug]: frame= 266 QP=5.00 NAL=2 Slice:P Poc:532 I:29   P:70   SKIP:0    size=6630 bytes PSNR Y:55.95 U:57.96 V:58.12
x264 [debug]: frame= 267 QP=5.00 NAL=2 Slice:P Poc:534 I:22   P:77   SKIP:0    size=6626 bytes PSNR Y:55.93 U:58.18 V:58.21
x264 [debug]: frame= 268 QP=5.00 NAL=2 Slice:P Poc:536 I:30   P:69   SKIP:0    size=6611 bytes PSNR Y:56.00 U:58.02 V:58.05
x264 [debug]: frame= 269 QP=5.00 NAL=2 Slice:P Poc:538 I:29   P:70   SKIP:0    size=6880 bytes PSNR Y:55.80 U:57.84 V:57.83
x264 [debug]: frame= 270 QP=5.00 NAL=2 Slice:P Poc:540 I:26   P:73   SKIP:0    size=6497 bytes PSNR Y:55.96 U:57.72 V:58.03
x264 [debug]: frame= 271 QP=5.00 NAL=2 Slice:P Poc:542 I:32   P:67   SKIP:0    size=6436 bytes PSNR Y:55.90 U:58.08 V:58.04
x264 [debug]: frame= 272 QP=5.00 NAL=2 Slice:P Poc:544 I:23   P:76   SKIP:0    size=6877 bytes PSNR Y:55.91 U:57.89 V:58.23
x264 [debug]: frame= 273 QP=5.00 NAL=2 Slice:P Poc:546 I:28   P:71   SKIP:0    size=6725 bytes PSNR Y:55.95 U:58.34 V:58.01
x264 [debug]: frame= 274 QP=5.00 NAL=2 Slice:P Poc:548 I:29   P:70   SKIP:0    size=6743 bytes PSNR Y:55.88 U:58.00 V:57.97
x264 [debug]: frame= 275 QP=5.00 NAL=2 Slice:P Poc:550 I:29   P:70   SKIP:0    size=7008 bytes PSNR Y:55.80 U:57.99 V:57.86
x264 [debug]: frame= 276 QP=5.00 NAL=2 Slice:P Poc:552 I:25   P:74   SKIP:0    size=6629 bytes PSNR Y:55.79 U:57.93 V:57.93
x264 [debug]: frame= 277 QP=5.00 NAL=2 Slice:P Poc:554 I:30   P:69   SKIP:0    size=6629 bytes PSNR Y:55.96 U:58.27 V:58.25
x264 [debug]: frame= 278 QP=5.00 NAL=2 Slice:P Poc:556 I:27   P:72   SKIP:0    size=6806 bytes PSNR Y:55.91 U:58.20 V:57.83
x264 [debug]: frame= 279 QP=5.00 NAL=2 Slice:P Poc:558 I:26   P:73   SKIP:0    size=6589 bytes PSNR Y:55.90 U:58.01 V:58.11
x264 [debug]: frame= 280 QP=5.00 NAL=2 Slice:P Poc:560 I:25   P:74   SKIP:0    size=6719 bytes PSNR Y:55.89 U:58.05 V:58.13
x264 [debug]: frame= 281 QP=5.00 NAL=2 Slice:P Poc:562 I:29   P:70   SKIP:0    size=6982 bytes PSNR Y:55.89 U:58.10 V:57.91
x264 [debug]: frame= 282 QP=5.00 NAL=2 Slice:P Poc:564 I:24   P:75   SKIP:0    size=6652 bytes PSNR Y:55.94 U:58.14 V:57.95
x264 [debug]: frame= 283 QP=5.00 NAL=2 Slice:P Poc:566 I:24   P:75   SKIP:0    size=6547 bytes PSNR Y:55.97 U:57.97 V:57.98
x264 [debug]: frame= 284 QP=5.00 NAL=2 Slice:P Poc:568 I:29   P:70   SKIP:0    size=6729 bytes PSNR Y:56.00 U:57.87 V:57.74
x264 [debug]: frame= 285 QP=5.00 NAL=2 Slice:P Poc:570 I:28   P:71   SKIP:0    size=6437 bytes PSNR Y:55.96 U:58.09 V:58.06
x264 [debug]: frame= 286 QP=5.00 NAL=2 Slice:P Poc:572 I:26   P:73   SKIP:0    size=6593 bytes PSNR Y:55.95 U:57.89 V:58.16
x264 [debug]: frame= 287 QP=5.00 NAL=2 Slice:P Poc:574 I:24   P:75   SKIP:0    size=7002 bytes PSNR Y:55.94 U:58.09 V:57.89
x264 [debug]: frame= 288 QP=5.00 NAL=2 Slice:P Poc:576 I:27   P:72   SKIP:0    size=6751 bytes PSNR Y:55.88 U:58.30 V:58.03
x264 [debug]: frame= 289 QP=5.00 NAL=2 Slice:P Poc:578 I:26   P:73   SKIP:0    size=6893 bytes PSNR Y:55.95 U:57.95 V:57.64
x264 [debug]: frame= 290 QP=5.00 NAL=2 Slice:P Poc:580 I:25   P:74   SKIP:0    size=7526 bytes PSNR Y:55.90 U:58.08 V:58.25
x264 [debug]: frame= 291 QP=5.00 NAL=2 Slice:P Poc:582 I:25   P:74   SKIP:0    size=6975 bytes PSNR Y:56.09 U:57.62 V:57.95
x264 [debug]: frame= 292 QP=5.00 NAL=2 Slice:P Poc:584 I:24   P:75   SKIP:0    size=6865 bytes PSNR Y:55.84 U:57.89 V:57.56
x264 [debug]: frame= 293 QP=5.00 NAL=2 Slice:P Poc:586 I:25   P:74   SKIP:0    size=7214 bytes PSNR Y:55.91 U:57.68 V:57.97
x264 [debug]: frame= 294 QP=5.00 NAL=2 Slice:P Poc:588 I:29   P:70   SKIP:0    size=6726 bytes PSNR Y:55.90 U:57.99 V:58.03
x264 [debug]: frame= 295 QP=5.00 NAL=2 Slice:P Poc:590 I:22   P:77   SKIP:0    size=6579 bytes PSNR Y:55.88 U:58.05 V:57.89
x264 [debug]: frame= 296 QP=5.00 NAL=2 Slice:P Poc:592 I:31   P:68   SKIP:0    size=6599 bytes PSNR Y:55.92 U:57.98 V:58.11
x264 [debug]: frame= 297 QP=5.00 NAL=2 Slice:P Poc:594 I:29   P:70   SKIP:0    size=6622 bytes PSNR Y:55.87 U:58.27 V:58.03
x264 [debug]: frame= 298 QP=5.00 NAL=2 Slice:P Poc:596 I:24   P:75   SKIP:0    size=6682 bytes PSNR Y:55.85 U:58.06 V:57.91
x264 [debug]: frame= 299 QP=5.00 NAL=2 Slice:P Poc:598 I:32   P:67   SKIP:0    size=7066 bytes PSNR Y:56.05 U:57.72 V:57.99
x264 [debug]: frame= 300 QP=5.00 NAL=2 Slice:P Poc:600 I:24   P:75   SKIP:0    size=6708 bytes PSNR Y:55.98 U:57.96 V:57.74
x264 [debug]: frame= 301 QP=5.00 NAL=2 Slice:P Poc:602 I:28   P:71   SKIP:0    size=6455 bytes PSNR Y:55.91 U:57.80 V:58.10
x264 [debug]: frame= 302 QP=5.00 NAL=2 Slice:P Poc:604 I:29   P:70   SKIP:0    size=6911 bytes PSNR Y:55.90 U:58.11 V:58.23
x264 [debug]: frame= 303 QP=5.00 NAL=2 Slice:P Poc:606 I:26   P:73   SKIP:0    size=6590 bytes PSNR Y:55.94 U:57.98 V:57.94
x264 [debug]: frame= 304 QP=5.00 NAL=2 Slice:P Poc:608 I:25   P:74   SKIP:0    size=6516 bytes PSNR Y:55.90 U:57.77 V:57.88
x264 [debug]: frame= 305 QP=5.00 NAL=2 Slice:P Poc:610 I:30   P:69   SKIP:0    size=6963 bytes PSNR Y:55.84 U:58.22 V:57.95
x264 [debug]: frame= 306 QP=5.00 NAL=2 Slice:P Poc:612 I:24   P:75   SKIP:0    size=6653 bytes PSNR Y:55.92 U:57.70 V:58.08
x264 [debug]: frame= 307 QP=5.00 NAL=2 Slice:P Poc:614 I:26   P:73   SKIP:0    size=6687 bytes PSNR Y:55.86 U:57.61 V:57.74
x264 [debug]: frame= 308 QP=5.00 NAL=2 Slice:P Poc:616 I:24   P:75   SKIP:0    size=7076 bytes PSNR Y:55.75 U:57.72 V:57.89
x264 [debug]: frame= 309 QP=5.00 NAL=2 Slice:P Poc:618 I:24   P:75   SKIP:0    size=6646 bytes PSNR Y:55.70 U:58.11 V:58.11
x264 [debug]: frame= 310 QP=5.00 NAL=2 Slice:P Poc:620 I:26   P:73   SKIP:0    size=6577 bytes PSNR Y:55.83 U:57.99 V:57.79
x264 [debug]: frame= 311 QP=5.00 NAL=2 Slice:P Poc:622 I:28   P:71   SKIP:0    size=6990 bytes PSNR Y:55.87 U:57.79 V:57.97
x264 [debug]: frame= 312 QP=5.00 NAL=2 Slice:P Poc:624 I:30   P:69   SKIP:0    size=6717 bytes PSNR Y:55.91 U:58.09 V:58.13
x264 [debug]: frame= 313 QP=5.00 NAL=2 Slice:P Poc:626 I:24   P:75   SKIP:0    size=6514 bytes PSNR Y:55.98 U:57.78 V:57.80
x264 [debug]: frame= 314 QP=5.00 NAL=2 Slice:P Poc:628 I:31   P:68   SKIP:0    size=6421 bytes PSNR Y:55.84 U:58.00 V:58.24
x264 [debug]: frame= 315 QP=5.00 NAL=2 Slice:P Poc:630 I:24   P:75   SKIP:0    size=5845 bytes PSNR Y:55.90 U:57.77 V:57.72
x264 [debug]: frame= 316 QP=5.00 NAL=2 Slice:P Poc:632 I:24   P:75   SKIP:0    size=6057 bytes PSNR Y:55.85 U:57.92 V:58.11
x264 [debug]: frame= 317 QP=5.00 NAL=2 Slice:P Poc:634 I:29   P:70   SKIP:0    size=6510 bytes PSNR Y:55.99 U:57.84 V:57.77
x264 [debug]: frame= 318 QP=5.00 NAL=2 Slice:P Poc:636 I:25   P:74   SKIP:0    size=6231 bytes PSNR Y:55.98 U:57.97 V:58.10
x264 [debug]: frame= 319 QP=5.00 NAL=2 Slice:P Poc:638 I:28   P:71   SKIP:0    size=6429 bytes PSNR Y:55.88 U:57.90 V:57.87
x264 [debug]: frame= 320 QP=5.00 NAL=2 Slice:P Poc:640 I:32   P:67   SKIP:0    size=6884 bytes PSNR Y:55.81 U:58.10 V:58.05
x264 [debug]: frame= 321 QP=5.00 NAL=2 Slice:P Poc:642 I:28   P:71   SKIP:0    size=6650 bytes PSNR Y:55.95 U:58.37 V:58.00
x264 [debug]: frame= 322 QP=5.00 NAL=2 Slice:P Poc:644 I:31   P:68   SKIP:0    size=6829 bytes PSNR Y:55.95 U:57.80 V:58.20
x264 [debug]: frame= 323 QP=5.00 NAL=2 Slice:P Poc:646 I:25   P:74   SKIP:0    size=6998 bytes PSNR Y:55.97 U:58.07 V:57.88
x264 [debug]: frame= 324 QP=5.00 NAL=2 Slice:P Poc:648 I:24   P:75   SKIP:0    size=6657 bytes PSNR Y:55.87 U:57.82 V:57.74
x264 [debug]: frame= 325 QP=5.00 NAL=2 Slice:P Poc:650 I:29   P:70   SKIP:0    size=6706 bytes PSNR Y:55.90 U:57.79 V:58.05
x264 [debug]: frame= 326 QP=5.00 NAL=2 Slice:P Poc:652 I:28   P:71   SKIP:0    size=7203 bytes PSNR Y:55.97 U:57.88 V:58.22
x264 [debug]: frame= 327 QP=5.00 NAL=2 Slice:P Poc:654 I:25   P:74   SKIP:0    size=6906 bytes PSNR Y:55.83 U:58.01 V:58.01
x264 [debug]: frame= 328 QP=5.00 NAL=2 Slice:P Poc:656 I:25   P:74   SKIP:0    size=6876 bytes PSNR Y:55.95 U:57.79 V:57.95
x264 [debug]: frame= 329 QP=5.00 NAL=2 Slice:P Poc:658 I:25   P:74   SKIP:0    size=7315 bytes PSNR Y:55.99 U:57.65 V:57.97
x264 [debug]: frame= 330 QP=5.00 NAL=2 Slice:P Poc:660 I:23   P:76   SKIP:0    size=6932 bytes PSNR Y:55.74 U:57.96 V:57.70
x264 [debug]: frame= 331 QP=5.00 NAL=2 Slice:P Poc:662 I:30   P:69   SKIP:0    size=6897 bytes PSNR Y:55.93 U:58.12 V:58.22
x264 [debug]: frame= 332 QP=5.00 NAL=2 Slice:P Poc:664 I:33   P:66   SKIP:0    size=7259 bytes PSNR Y:56.07 U:58.32 V:58.11
x264 [debug]: frame= 333 QP=5.00 NAL=2 Slice:P Poc:666 I:26   P:73   SKIP:0    size=6678 bytes PSNR Y:55.87 U:58.00 V:57.88
x264 [debug]: frame= 334 QP=5.00 NAL=2 Slice:P Poc:668 I:32   P:67   SKIP:0    size=6698 bytes PSNR Y:55.96 U:58.00 V:57.92
x264 [debug]: frame= 335 QP=5.00 NAL=2 Slice:P Poc:670 I:29   P:70   SKIP:0    size=6968 bytes PSNR Y:56.01 U:58.11 V:58.05
x264 [debug]: frame= 336 QP=5.00 NAL=2 Slice:P Poc:672 I:26   P:73   SKIP:0    size=6481 bytes PSNR Y:56.02 U:57.65 V:57.86
x264 [debug]: frame= 337 QP=5.00 NAL=2 Slice:P Poc:674 I:26   P:73   SKIP:0    size=6455 bytes PSNR Y:55.91 U:57.84 V:57.82
x264 [debug]: frame= 338 QP=5.00 NAL=2 Slice:P Poc:676 I:31   P:68   SKIP:0    size=6693 bytes PSNR Y:55.94 U:57.77 V:58.05
x264 [debug]: frame= 339 QP=5.00 NAL=2 Slice:P Poc:678 I:28   P:71   SKIP:0    size=6498 bytes PSNR Y:55.90 U:57.99 V:57.87
x264 [debug]: frame= 340 QP=5.00 NAL=2 Slice:P Poc:680 I:26   P:73   SKIP:0    size=6366 bytes PSNR Y:55.98 U:58.00 V:58.20
x264 [debug]: frame= 341 QP=5.00 NAL=2 Slice:P Poc:682 I:26   P:73   SKIP:0    size=6510 bytes PSNR Y:55.97 U:58.10 V:57.97
x264 [debug]: frame= 342 QP=5.00 NAL=2 Slice:P Poc:684 I:21   P:78   SKIP:0    size=6424 bytes PSNR Y:56.09 U:57.65 V:57.94
x264 [debug]: frame= 343 QP=5.00 NAL=2 Slice:P Poc:686 I:28   P:71   SKIP:0    size=6322 bytes PSNR Y:55.89 U:58.11 V:58.05
x264 [debug]: frame= 344 QP=5.00 NAL=2 Slice:P Poc:688 I:25   P:74   SKIP:0    size=6422 bytes PSNR Y:55.87 U:57.79 V:57.94
x264 [debug]: frame= 345 QP=5.00 NAL=2 Slice:P Poc:690 I:24   P:75   SKIP:0    size=6044 bytes PSNR Y:55.98 U:58.04 V:57.95
x264 [debug]: frame= 346 QP=5.00 NAL=2 Slice:P Poc:692 I:22   P:77   SKIP:0    size=6338 bytes PSNR Y:55.94 U:58.09 V:57.90
x264 [debug]: frame= 347 QP=5.00 NAL=2 Slice:P Poc:694 I:27   P:72   SKIP:0    size=7057 bytes PSNR Y:55.85 U:58.16 V:57.93
x264 [debug]: frame= 348 QP=5.00 NAL=2 Slice:P Poc:696 I:22   P:77   SKIP:0    size=6818 bytes PSNR Y:56.01 U:58.04 V:58.06
x264 [debug]: frame= 349 QP=5.00 NAL=2 Slice:P Poc:698 I:24   P:75   SKIP:0    size=7037 bytes PSNR Y:55.86 U:57.79 V:57.95
x264 [debug]: frame= 350 QP=5.00 NAL=2 Slice:P Poc:700 I:28   P:71   SKIP:0    size=7339 bytes PSNR Y:56.07 U:58.08 V:57.88
x264 [debug]: frame= 351 QP=5.00 NAL=2 Slice:P Poc:702 I:25   P:74   SKIP:0    size=6848 bytes PSNR Y:55.90 U:57.86 V:58.18
x264 [debug]: frame= 352 QP=5.00 NAL=2 Slice:P Poc:704 I:23   P:76   SKIP:0    size=6585 bytes PSNR Y:55.80 U:58.01 V:58.01
x264 [debug]: frame= 353 QP=5.00 NAL=2 Slice:P Poc:706 I:19   P:80   SKIP:0    size=7097 bytes PSNR Y:55.92 U:58.10 V:57.94
x264 [debug]: frame= 354 QP=5.00 NAL=2 Slice:P Poc:708 I:23   P:76   SKIP:0    size=6656 bytes PSNR Y:55.83 U:58.07 V:57.96
x264 [debug]: frame= 355 QP=5.00 NAL=2 Slice:P Poc:710 I:26   P:73   SKIP:0    size=6522 bytes PSNR Y:56.00 U:57.82 V:57.85
x264 [debug]: frame= 356 QP=5.00 NAL=2 Slice:P Poc:712 I:25   P:74   SKIP:0    size=6833 bytes PSNR Y:55.96 U:57.80 V:57.95
x264 [debug]: frame= 357 QP=5.00 NAL=2 Slice:P Poc:714 I:20   P:79   SKIP:0    size=6472 bytes PSNR Y:55.89 U:57.91 V:57.87
x264 [debug]: frame= 358 QP=5.00 NAL=2 Slice:P Poc:716 I:19   P:80   SKIP:0    size=6386 bytes PSNR Y:55.93 U:57.67 V:57.80
x264 [debug]: frame= 359 QP=5.00 NAL=2 Slice:P Poc:718 I:18   P:81   SKIP:0    size=6824 bytes PSNR Y:55.95 U:57.75 V:58.12
x264 [debug]: frame= 360 QP=5.00 NAL=2 Slice:P Poc:720 I:25   P:74   SKIP:0    size=6407 bytes PSNR Y:55.99 U:57.98 V:57.84
x264 [debug]: frame= 361 QP=5.00 NAL=2 Slice:P Poc:722 I:31   P:68   SKIP:0    size=6515 bytes PSNR Y:55.87 U:58.40 V:58.09
x264 [debug]: frame= 362 QP=5.00 NAL=2 Slice:P Poc:724 I:27   P:72   SKIP:0    size=7023 bytes PSNR Y:55.92 U:58.13 V:58.34
x264 [debug]: frame= 363 QP=5.00 NAL=2 Slice:P Poc:726 I:21   P:78   SKIP:0    size=6847 bytes PSNR Y:55.84 U:58.11 V:57.69
x264 [debug]: frame= 364 QP=5.00 NAL=2 Slice:P Poc:728 I:28   P:71   SKIP:0    size=6889 bytes PSNR Y:55.97 U:57.91 V:57.93
x264 [debug]: frame= 365 QP=5.00 NAL=2 Slice:P Poc:730 I:27   P:72   SKIP:0    size=7241 bytes PSNR Y:55.95 U:57.98 V:58.06
x264 [debug]: frame= 366 QP=5.00 NAL=2 Slice:P Poc:732 I:28   P:71   SKIP:0    size=7000 bytes PSNR Y:55.99 U:58.03 V:58.22
x264 [debug]: frame= 367 QP=5.00 NAL=2 Slice:P Poc:734 I:24   P:75   SKIP:0    size=6905 bytes PSNR Y:55.92 U:58.02 V:58.05
x264 [debug]: frame= 368 QP=5.00 NAL=2 Slice:P Poc:736 I:30   P:69   SKIP:0    size=7138 bytes PSNR Y:55.88 U:58.02 V:58.11
x264 [debug]: frame= 369 QP=5.00 NAL=2 Slice:P Poc:738 I:23   P:76   SKIP:0    size=6689 bytes PSNR Y:55.98 U:57.96 V:58.25
x264 [debug]: frame= 370 QP=5.00 NAL=2 Slice:P Poc:740 I:26   P:73   SKIP:0    size=6532 bytes PSNR Y:55.92 U:58.06 V:57.86
x264 [debug]: frame= 371 QP=5.00 NAL=2 Slice:P Poc:742 I:26   P:73   SKIP:0    size=6710 bytes PSNR Y:55.82 U:57.88 V:57.99
x264 [debug]: frame= 372 QP=5.00 NAL=2 Slice:P Poc:744 I:25   P:74   SKIP:0    size=6319 bytes PSNR Y:55.90 U:58.13 V:57.76
x264 [debug]: frame= 373 QP=5.00 NAL=2 Slice:P Poc:746 I:25   P:74   SKIP:0    size=6291 bytes PSNR Y:56.06 U:58.10 V:57.84
x264 [debug]: frame= 374 QP=5.00 NAL=2 Slice:P Poc:748 I:27   P:72   SKIP:0    size=6667 bytes PSNR Y:55.98 U:57.99 V:57.84
x264 [debug]: frame= 375 QP=5.00 NAL=2 Slice:P Poc:750 I:21   P:78   SKIP:0    size=6367 bytes PSNR Y:56.07 U:58.07 V:57.79
x264 [debug]: frame= 376 QP=5.00 NAL=2 Slice:P Poc:752 I:28   P:71   SKIP:0    size=6466 bytes PSNR Y:55.89 U:57.90 V:58.27
x264 [debug]: frame= 377 QP=5.00 NAL=2 Slice:P Poc:754 I:28   P:71   SKIP:0    size=6897 bytes PSNR Y:55.96 U:58.11 V:58.23
x264 [debug]: frame= 378 QP=5.00 NAL=2 Slice:P Poc:756 I:23   P:76   SKIP:0    size=6673 bytes PSNR Y:55.95 U:58.03 V:58.20
x264 [debug]: frame= 379 QP=5.00 NAL=2 Slice:P Poc:758 I:25   P:74   SKIP:0    size=6558 bytes PSNR Y:55.88 U:58.06 V:58.03
x264 [debug]: frame= 380 QP=5.00 NAL=2 Slice:P Poc:760 I:36   P:63   SKIP:0    size=7061 bytes PSNR Y:55.95 U:58.09 V:58.20
x264 [debug]: frame= 381 QP=5.00 NAL=2 Slice:P Poc:762 I:29   P:70   SKIP:0    size=6610 bytes PSNR Y:55.91 U:57.97 V:57.81
x264 [debug]: frame= 382 QP=5.00 NAL=2 Slice:P Poc:764 I:26   P:73   SKIP:0    size=6468 bytes PSNR Y:56.03 U:57.86 V:57.84
x264 [debug]: frame= 383 QP=5.00 NAL=2 Slice:P Poc:766 I:29   P:70   SKIP:0    size=7046 bytes PSNR Y:55.85 U:58.01 V:57.86
x264 [debug]: frame= 384 QP=5.00 NAL=2 Slice:P Poc:768 I:29   P:70   SKIP:0    size=6912 bytes PSNR Y:55.94 U:58.13 V:58.11
x264 [debug]: frame= 385 QP=5.00 NAL=2 Slice:P Poc:770 I:30   P:69   SKIP:0    size=6916 bytes PSNR Y:55.92 U:58.05 V:58.05
x264 [debug]: frame= 386 QP=5.00 NAL=2 Slice:P Poc:772 I:29   P:70   SKIP:0    size=7340 bytes PSNR Y:55.93 U:58.01 V:57.84
x264 [debug]: frame= 387 QP=5.00 NAL=2 Slice:P Poc:774 I:31   P:68   SKIP:0    size=6832 bytes PSNR Y:55.81 U:57.80 V:58.03
x264 [debug]: frame= 388 QP=5.00 NAL=2 Slice:P Poc:776 I:29   P:70   SKIP:0    size=6652 bytes PSNR Y:55.93 U:58.09 V:57.58
x264 [debug]: frame= 389 QP=5.00 NAL=2 Slice:P Poc:778 I:28   P:71   SKIP:0    size=6656 bytes PSNR Y:55.82 U:57.98 V:57.99
x264 [debug]: frame= 390 QP=5.00 NAL=2 Slice:P Poc:780 I:22   P:77   SKIP:0    size=6183 bytes PSNR Y:55.93 U:57.93 V:57.89
x264 [debug]: frame= 391 QP=5.00 NAL=2 Slice:P Poc:782 I:29   P:70   SKIP:0    size=6144 bytes PSNR Y:56.04 U:57.76 V:58.04
x264 [debug]: frame= 392 QP=5.00 NAL=2 Slice:P Poc:784 I:32   P:67   SKIP:0    size=6501 bytes PSNR Y:55.94 U:57.89 V:58.18
x264 [debug]: frame= 393 QP=5.00 NAL=2 Slice:P Poc:786 I:27   P:72   SKIP:0    size=6365 bytes PSNR Y:55.91 U:57.80 V:58.32
x264 [debug]: frame= 394 QP=5.00 NAL=2 Slice:P Poc:788 I:29   P:70   SKIP:0    size=6458 bytes PSNR Y:55.94 U:57.99 V:58.10
x264 [debug]: frame= 395 QP=5.00 NAL=2 Slice:P Poc:790 I:34   P:65   SKIP:0    size=6854 bytes PSNR Y:56.01 U:57.89 V:58.27
x264 [debug]: frame= 396 QP=5.00 NAL=2 Slice:P Poc:792 I:22   P:77   SKIP:0    size=6487 bytes PSNR Y:55.90 U:57.95 V:57.89
x264 [debug]: frame= 397 QP=5.00 NAL=2 Slice:P Poc:794 I:22   P:77   SKIP:0    size=6404 bytes PSNR Y:55.93 U:57.74 V:57.92
x264 [debug]: frame= 398 QP=5.00 NAL=2 Slice:P Poc:796 I:26   P:73   SKIP:0    size=6726 bytes PSNR Y:55.82 U:58.25 V:57.84
x264 [debug]: frame= 399 QP=5.00 NAL=2 Slice:P Poc:798 I:24   P:75   SKIP:0    size=6453 bytes PSNR Y:55.97 U:58.04 V:57.98
x264 [debug]: frame= 400 QP=5.00 NAL=2 Slice:P Poc:800 I:30   P:69   SKIP:0    size=6362 bytes PSNR Y:55.93 U:58.35 V:58.19
x264 [debug]: frame= 401 QP=5.00 NAL=2 Slice:P Poc:802 I:27   P:72   SKIP:0    size=6541 bytes PSNR Y:55.96 U:58.02 V:58.01
x264 [debug]: frame= 402 QP=5.00 NAL=2 Slice:P Poc:804 I:27   P:72   SKIP:0    size=6189 bytes PSNR Y:55.98 U:58.11 V:57.86
x264 [debug]: frame= 403 QP=5.00 NAL=2 Slice:P Poc:806 I:32   P:67   SKIP:0    size=6136 bytes PSNR Y:55.95 U:57.97 V:57.97
x264 [debug]: frame= 404 QP=5.00 NAL=2 Slice:P Poc:808 I:22   P:77   SKIP:0    size=6350 bytes PSNR Y:55.98 U:58.04 V:57.94
x264 [debug]: frame= 405 QP=5.00 NAL=2 Slice:P Poc:810 I:22   P:77   SKIP:0    size=6260 bytes PSNR Y:55.83 U:57.89 V:57.95
x264 [debug]: frame= 406 QP=5.00 NAL=2 Slice:P Poc:812 I:32   P:67   SKIP:0    size=6441 bytes PSNR Y:55.88 U:57.83 V:58.03
x264 [debug]: frame= 407 QP=5.00 NAL=2 Slice:P Poc:814 I:29   P:70   SKIP:0    size=6709 bytes PSNR Y:55.82 U:57.88 V:57.81
x264 [debug]: frame= 408 QP=5.00 NAL=2 Slice:P Poc:816 I:28   P:71   SKIP:0    size=6689 bytes PSNR Y:55.87 U:57.96 V:57.95
x264 [debug]: frame= 409 QP=5.00 NAL=2 Slice:P Poc:818 I:32   P:67   SKIP:0    size=6718 bytes PSNR Y:56.07 U:58.16 V:58.12
x264 [debug]: frame= 410 QP=5.00 NAL=2 Slice:P Poc:820 I:29   P:70   SKIP:0    size=6973 bytes PSNR Y:56.01 U:57.93 V:57.82
x264 [debug]: frame= 411 QP=5.00 NAL=2 Slice:P Poc:822 I:29   P:70   SKIP:0    size=6482 bytes PSNR Y:55.89 U:58.03 V:57.88
x264 [debug]: frame= 412 QP=5.00 NAL=2 Slice:P Poc:824 I:32   P:67   SKIP:0    size=6563 bytes PSNR Y:56.04 U:58.03 V:58.05
x264 [debug]: frame= 413 QP=5.00 NAL=2 Slice:P Poc:826 I:32   P:67   SKIP:0    size=6970 bytes PSNR Y:55.92 U:57.91 V:57.99
x264 [debug]: frame= 414 QP=5.00 NAL=2 Slice:P Poc:828 I:23   P:76   SKIP:0    size=6567 bytes PSNR Y:55.93 U:58.40 V:57.90
x264 [debug]: frame= 415 QP=5.00 NAL=2 Slice:P Poc:830 I:29   P:70   SKIP:0    size=6671 bytes PSNR Y:55.99 U:57.82 V:57.93
x264 [debug]: frame= 416 QP=5.00 NAL=2 Slice:P Poc:832 I:23   P:76   SKIP:0    size=7130 bytes PSNR Y:55.82 U:57.86 V:57.70
x264 [debug]: frame= 417 QP=5.00 NAL=2 Slice:P Poc:834 I:23   P:76   SKIP:0    size=6807 bytes PSNR Y:55.96 U:57.89 V:58.27
x264 [debug]: frame= 418 QP=5.00 NAL=2 Slice:P Poc:836 I:28   P:71   SKIP:0    size=6590 bytes PSNR Y:55.96 U:57.88 V:58.09
x264 [debug]: frame= 419 QP=5.00 NAL=2 Slice:P Poc:838 I:33   P:66   SKIP:0    size=6839 bytes PSNR Y:55.80 U:58.09 V:57.99
x264 [debug]: frame= 420 QP=5.00 NAL=2 Slice:P Poc:840 I:27   P:72   SKIP:0    size=6426 bytes PSNR Y:55.98 U:58.27 V:58.07
x264 [debug]: frame= 421 QP=5.00 NAL=2 Slice:P Poc:842 I:26   P:73   SKIP:0    size=6727 bytes PSNR Y:55.99 U:57.97 V:57.98
x264 [debug]: frame= 422 QP=5.00 NAL=2 Slice:P Poc:844 I:31   P:68   SKIP:0    size=7354 bytes PSNR Y:55.96 U:57.98 V:57.74
x264 [debug]: frame= 423 QP=5.00 NAL=2 Slice:P Poc:846 I:26   P:73   SKIP:0    size=7031 bytes PSNR Y:56.01 U:58.16 V:57.94
x264 [debug]: frame= 424 QP=5.00 NAL=2 Slice:P Poc:848 I:30   P:69   SKIP:0    size=6970 bytes PSNR Y:56.06 U:57.86 V:57.97
x264 [debug]: frame= 425 QP=5.00 NAL=2 Slice:P Poc:850 I:32   P:67   SKIP:0    size=7216 bytes PSNR Y:56.02 U:57.93 V:57.86
x264 [debug]: frame= 426 QP=5.00 NAL=2 Slice:P Poc:852 I:29   P:70   SKIP:0    size=6530 bytes PSNR Y:55.86 U:58.05 V:58.06
x264 [debug]: frame= 427 QP=5.00 NAL=2 Slice:P Poc:854 I:35   P:64   SKIP:0    size=6630 bytes PSNR Y:56.00 U:57.95 V:57.84
x264 [debug]: frame= 428 QP=5.00 NAL=2 Slice:P Poc:856 I:38   P:61   SKIP:0    size=7173 bytes PSNR Y:55.98 U:57.99 V:58.06
x264 [debug]: frame= 429 QP=5.00 NAL=2 Slice:P Poc:858 I:24   P:75   SKIP:0    size=6747 bytes PSNR Y:55.80 U:57.76 V:57.86
x264 [debug]: frame= 430 QP=5.00 NAL=2 Slice:P Poc:860 I:32   P:67   SKIP:0    size=6773 bytes PSNR Y:56.02 U:57.90 V:58.11
x264 [debug]: frame= 431 QP=5.00 NAL=2 Slice:P Poc:862 I:34   P:65   SKIP:0    size=6939 bytes PSNR Y:55.96 U:58.03 V:58.01
x264 [debug]: frame= 432 QP=5.00 NAL=2 Slice:P Poc:864 I:26   P:73   SKIP:0    size=6702 bytes PSNR Y:55.92 U:58.16 V:58.01
x264 [debug]: frame= 433 QP=5.00 NAL=2 Slice:P Poc:866 I:27   P:72   SKIP:0    size=6817 bytes PSNR Y:55.92 U:57.84 V:57.67
x264 [debug]: frame= 434 QP=5.00 NAL=2 Slice:P Poc:868 I:33   P:66   SKIP:0    size=7455 bytes PSNR Y:55.97 U:58.01 V:57.99
x264 [debug]: frame= 435 QP=5.00 NAL=2 Slice:P Poc:870 I:28   P:71   SKIP:0    size=7053 bytes PSNR Y:56.06 U:58.17 V:58.05
x264 [debug]: frame= 436 QP=5.00 NAL=2 Slice:P Poc:872 I:29   P:70   SKIP:0    size=6949 bytes PSNR Y:55.95 U:58.16 V:58.17
x264 [debug]: frame= 437 QP=5.00 NAL=2 Slice:P Poc:874 I:26   P:73   SKIP:0    size=7175 bytes PSNR Y:55.95 U:58.07 V:58.03
x264 [debug]: frame= 438 QP=5.00 NAL=2 Slice:P Poc:876 I:24   P:75   SKIP:0    size=6744 bytes PSNR Y:55.98 U:58.10 V:58.14
x264 [debug]: frame= 439 QP=5.00 NAL=2 Slice:P Poc:878 I:30   P:69   SKIP:0    size=6712 bytes PSNR Y:56.08 U:57.77 V:57.99
x264 [debug]: frame= 440 QP=5.00 NAL=2 Slice:P Poc:880 I:30   P:69   SKIP:0    size=7022 bytes PSNR Y:56.04 U:58.01 V:58.04
x264 [debug]: frame= 441 QP=5.00 NAL=2 Slice:P Poc:882 I:27   P:72   SKIP:0    size=6728 bytes PSNR Y:56.02 U:58.26 V:58.36
x264 [debug]: frame= 442 QP=5.00 NAL=2 Slice:P Poc:884 I:28   P:71   SKIP:0    size=6696 bytes PSNR Y:55.91 U:57.75 V:58.06
x264 [debug]: frame= 443 QP=5.00 NAL=2 Slice:P Poc:886 I:26   P:73   SKIP:0    size=7052 bytes PSNR Y:55.96 U:57.95 V:58.07
x264 [debug]: frame= 444 QP=5.00 NAL=2 Slice:P Poc:888 I:28   P:71   SKIP:0    size=6691 bytes PSNR Y:55.96 U:58.27 V:57.86
x264 [debug]: frame= 445 QP=5.00 NAL=2 Slice:P Poc:890 I:30   P:69   SKIP:0    size=6681 bytes PSNR Y:55.92 U:57.89 V:57.98
x264 [debug]: frame= 446 QP=5.00 NAL=2 Slice:P Poc:892 I:26   P:73   SKIP:0    size=7109 bytes PSNR Y:55.93 U:57.94 V:58.08
x264 [debug]: frame= 447 QP=5.00 NAL=2 Slice:P Poc:894 I:21   P:78   SKIP:0    size=6866 bytes PSNR Y:55.98 U:57.68 V:57.75
x264 [debug]: frame= 448 QP=5.00 NAL=2 Slice:P Poc:896 I:23   P:76   SKIP:0    size=6708 bytes PSNR Y:55.80 U:58.09 V:57.84
x264 [debug]: frame= 449 QP=5.00 NAL=2 Slice:P Poc:898 I:22   P:77   SKIP:0    size=7140 bytes PSNR Y:56.05 U:57.84 V:57.82
x264 [debug]: frame= 450 QP=5.00 NAL=2 Slice:P Poc:900 I:26   P:73   SKIP:0    size=6761 bytes PSNR Y:55.95 U:57.96 V:58.10
x264 [debug]: frame= 451 QP=5.00 NAL=2 Slice:P Poc:902 I:30   P:69   SKIP:0    size=6823 bytes PSNR Y:56.02 U:57.84 V:57.96
x264 [debug]: frame= 452 QP=5.00 NAL=2 Slice:P Poc:904 I:28   P:71   SKIP:0    size=7073 bytes PSNR Y:55.94 U:58.20 V:57.92
x264 [debug]: frame= 453 QP=5.00 NAL=2 Slice:P Poc:906 I:26   P:73   SKIP:0    size=6517 bytes PSNR Y:55.89 U:58.11 V:57.91
x264 [debug]: frame= 454 QP=5.00 NAL=2 Slice:P Poc:908 I:28   P:71   SKIP:0    size=6502 bytes PSNR Y:55.97 U:57.72 V:57.69
x264 [debug]: frame= 455 QP=5.00 NAL=2 Slice:P Poc:910 I:23   P:76   SKIP:0    size=6825 bytes PSNR Y:55.86 U:57.72 V:57.99
x264 [debug]: frame= 456 QP=5.00 NAL=2 Slice:P Poc:912 I:28   P:71   SKIP:0    size=6753 bytes PSNR Y:56.01 U:57.89 V:58.04
x264 [debug]: frame= 457 QP=5.00 NAL=2 Slice:P Poc:914 I:22   P:77   SKIP:0    size=6760 bytes PSNR Y:55.89 U:57.72 V:57.75
x264 [debug]: frame= 458 QP=5.00 NAL=2 Slice:P Poc:916 I:26   P:73   SKIP:0    size=7202 bytes PSNR Y:55.90 U:58.03 V:58.01
x264 [debug]: frame= 459 QP=5.00 NAL=2 Slice:P Poc:918 I:23   P:76   SKIP:0    size=6865 bytes PSNR Y:55.92 U:57.70 V:58.22
x264 [debug]: frame= 460 QP=5.00 NAL=2 Slice:P Poc:920 I:27   P:72   SKIP:0    size=6893 bytes PSNR Y:55.91 U:57.77 V:58.18
x264 [debug]: frame= 461 QP=5.00 NAL=2 Slice:P Poc:922 I:26   P:73   SKIP:0    size=7191 bytes PSNR Y:55.88 U:57.66 V:57.97
x264 [debug]: frame= 462 QP=5.00 NAL=2 Slice:P Poc:924 I:26   P:73   SKIP:0    size=6874 bytes PSNR Y:55.93 U:58.27 V:57.92
x264 [debug]: frame= 463 QP=5.00 NAL=2 Slice:P Poc:926 I:25   P:74   SKIP:0    size=6828 bytes PSNR Y:56.06 U:57.82 V:58.03
x264 [debug]: frame= 464 QP=5.00 NAL=2 Slice:P Poc:928 I:34   P:65   SKIP:0    size=7472 bytes PSNR Y:55.94 U:57.81 V:58.23
x264 [debug]: frame= 465 QP=5.00 NAL=2 Slice:P Poc:930 I:28   P:71   SKIP:0    size=6913 bytes PSNR Y:56.01 U:57.85 V:57.81
x264 [debug]: frame= 466 QP=5.00 NAL=2 Slice:P Poc:932 I:30   P:69   SKIP:0    size=6905 bytes PSNR Y:56.01 U:57.82 V:57.99
x264 [debug]: frame= 467 QP=5.00 NAL=2 Slice:P Poc:934 I:27   P:72   SKIP:0    size=7276 bytes PSNR Y:55.91 U:57.58 V:58.03
x264 [debug]: frame= 468 QP=5.00 NAL=2 Slice:P Poc:936 I:23   P:76   SKIP:0    size=6755 bytes PSNR Y:55.88 U:58.26 V:58.03
x264 [debug]: frame= 469 QP=5.00 NAL=2 Slice:P Poc:938 I:24   P:75   SKIP:0    size=6620 bytes PSNR Y:55.96 U:57.98 V:57.86
x264 [debug]: frame= 470 QP=5.00 NAL=2 Slice:P Poc:940 I:30   P:69   SKIP:0    size=6764 bytes PSNR Y:55.93 U:57.92 V:58.02
x264 [debug]: frame= 471 QP=5.00 NAL=2 Slice:P Poc:942 I:24   P:75   SKIP:0    size=6301 bytes PSNR Y:55.98 U:58.02 V:57.88
x264 [debug]: frame= 472 QP=5.00 NAL=2 Slice:P Poc:944 I:23   P:76   SKIP:0    size=6523 bytes PSNR Y:55.89 U:57.99 V:57.91
x264 [debug]: frame= 473 QP=5.00 NAL=2 Slice:P Poc:946 I:24   P:75   SKIP:0    size=7012 bytes PSNR Y:55.99 U:57.69 V:58.07
x264 [debug]: frame= 474 QP=5.00 NAL=2 Slice:P Poc:948 I:23   P:76   SKIP:0    size=6589 bytes PSNR Y:55.96 U:58.07 V:58.13
x264 [debug]: frame= 475 QP=5.00 NAL=2 Slice:P Poc:950 I:30   P:69   SKIP:0    size=6543 bytes PSNR Y:55.93 U:58.10 V:58.05
x264 [debug]: frame= 476 QP=5.00 NAL=2 Slice:P Poc:952 I:25   P:74   SKIP:0    size=6754 bytes PSNR Y:55.87 U:57.99 V:57.93
x264 [debug]: frame= 477 QP=5.00 NAL=2 Slice:P Poc:954 I:26   P:73   SKIP:0    size=6255 bytes PSNR Y:55.91 U:58.07 V:58.00
x264 [debug]: frame= 478 QP=5.00 NAL=2 Slice:P Poc:956 I:33   P:66   SKIP:0    size=6148 bytes PSNR Y:55.91 U:57.77 V:58.01
x264 [debug]: frame= 479 QP=5.00 NAL=2 Slice:P Poc:958 I:23   P:76   SKIP:0    size=6144 bytes PSNR Y:56.03 U:57.84 V:57.97
x264 [debug]: frame= 480 QP=5.00 NAL=2 Slice:P Poc:960 I:19   P:80   SKIP:0    size=5900 bytes PSNR Y:55.85 U:58.05 V:57.96
x264 [debug]: frame= 481 QP=5.00 NAL=2 Slice:P Poc:962 I:26   P:73   SKIP:0    size=6139 bytes PSNR Y:55.94 U:58.22 V:58.10
x264 [debug]: frame= 482 QP=5.00 NAL=2 Slice:P Poc:964 I:25   P:74   SKIP:0    size=6318 bytes PSNR Y:55.85 U:57.76 V:57.94
x264 [debug]: frame= 483 QP=5.00 NAL=2 Slice:P Poc:966 I:26   P:73   SKIP:0    size=6127 bytes PSNR Y:55.98 U:57.65 V:57.78
x264 [debug]: frame= 484 QP=5.00 NAL=2 Slice:P Poc:968 I:24   P:75   SKIP:0    size=6034 bytes PSNR Y:55.94 U:57.86 V:58.04
x264 [debug]: frame= 485 QP=5.00 NAL=2 Slice:P Poc:970 I:27   P:72   SKIP:0    size=6437 bytes PSNR Y:56.02 U:57.91 V:57.83
x264 [debug]: frame= 486 QP=5.00 NAL=2 Slice:P Poc:972 I:24   P:75   SKIP:0    size=6259 bytes PSNR Y:55.99 U:58.14 V:57.75
x264 [debug]: frame= 487 QP=5.00 NAL=2 Slice:P Poc:974 I:30   P:69   SKIP:0    size=6135 bytes PSNR Y:55.94 U:57.68 V:57.99
x264 [debug]: frame= 488 QP=5.00 NAL=2 Slice:P Poc:976 I:31   P:68   SKIP:0    size=6353 bytes PSNR Y:55.85 U:58.13 V:58.12
x264 [debug]: frame= 489 QP=5.00 NAL=2 Slice:P Poc:978 I:14   P:85   SKIP:0    size=5851 bytes PSNR Y:55.83 U:57.85 V:57.85
x264 [debug]: frame= 490 QP=5.00 NAL=2 Slice:P Poc:980 I:24   P:75   SKIP:0    size=5764 bytes PSNR Y:55.83 U:57.93 V:58.37
x264 [debug]: frame= 491 QP=5.00 NAL=2 Slice:P Poc:982 I:26   P:73   SKIP:0    size=6025 bytes PSNR Y:55.82 U:58.12 V:58.25
x264 [debug]: frame= 492 QP=5.00 NAL=2 Slice:P Poc:984 I:20   P:79   SKIP:0    size=5845 bytes PSNR Y:55.88 U:57.73 V:57.72
x264 [debug]: frame= 493 QP=5.00 NAL=2 Slice:P Poc:986 I:25   P:74   SKIP:0    size=5655 bytes PSNR Y:55.91 U:57.80 V:58.07
x264 [info]: frame I:1     Avg QP: 2.00  size: 14462  PSNR Mean Y:61.33 U:67.52 V:67.64 Avg:62.61 Global:62.61
x264 [info]: frame P:493   Avg QP: 5.00  size:  6636  PSNR Mean Y:55.92 U:57.96 V:57.98 Avg:56.50 Global:56.50
x264 [info]: mb I  I16..4: 26.3%  2.0% 71.7%
x264 [info]: mb P  I16..4:  2.8% 22.0%  1.6%  P16..4: 32.6% 19.2% 21.8%  0.0%  0.0%    skip: 0.0%
x264 [info]: 8x8 transform intra:82.7% inter:30.5%
x264 [info]: coded y,uvDC,uvAC intra: 99.9% 100.0% 100.0% inter: 87.3% 99.9% 99.9%
x264 [info]: i16 v,h,dc,p:  5% 21%  1% 74%
x264 [info]: i8 v,h,dc,ddl,ddr,vr,hd,vl,hu:  7% 61% 13%  2%  3%  1%  5%  1%  6%
x264 [info]: i4 v,h,dc,ddl,ddr,vr,hd,vl,hu: 11% 33% 19%  4%  9%  4% 10%  3%  7%
x264 [info]: i8c dc,h,v,p: 83%  7%  4%  6%
x264 [info]: Weighted P-Frames: Y:0.0% UV:0.0%
x264 [info]: ref P L0: 68.8%  6.5% 14.2% 10.5%
x264 [info]: PSNR Mean Y:55.935 U:57.978 V:57.999 Avg:56.516 Global:56.510 kb/s:1330.35

encoded 494 frames, 253.30 fps, 1330.35 kb/s
