yuv [info]: 176x144p 0:0 @ 25/1 fps (cfr)
x264 [warning]: --psnr used with psy on: results will be invalid!
x264 [warning]: --tune psnr should be used if attempting to benchmark psnr!
x264 [debug]: using mv_range_thread = 24
x264 [info]: using cpu capabilities: MMX2 SSE2Fast SSSE3 FastShuffle SSE4.2 AVX
x264 [info]: profile High, level 1.1
x264 [debug]: frame=   0 QP=2.00 NAL=3 Slice:I Poc:0   I:99   P:0    SKIP:0    size=20145 bytes PSNR Y:61.22 U:67.82 V:67.58
x264 [debug]: frame=   1 QP=5.00 NAL=2 Slice:P Poc:2   I:1    P:98   SKIP:0    size=10225 bytes PSNR Y:55.70 U:57.12 V:57.39
x264 [debug]: frame=   2 QP=5.00 NAL=2 Slice:P Poc:4   I:1    P:98   SKIP:0    size=10161 bytes PSNR Y:55.81 U:57.06 V:57.24
x264 [debug]: frame=   3 QP=5.00 NAL=2 Slice:P Poc:6   I:1    P:98   SKIP:0    size=10118 bytes PSNR Y:55.67 U:57.28 V:57.37
x264 [debug]: frame=   4 QP=5.00 NAL=2 Slice:P Poc:8   I:2    P:97   SKIP:0    size=10462 bytes PSNR Y:55.81 U:57.22 V:57.01
x264 [debug]: frame=   5 QP=5.00 NAL=2 Slice:P Poc:10  I:2    P:97   SKIP:0    size=10339 bytes PSNR Y:55.67 U:57.26 V:57.38
x264 [debug]: frame=   6 QP=5.00 NAL=2 Slice:P Poc:12  I:3    P:96   SKIP:0    size=9707 bytes PSNR Y:55.63 U:57.12 V:57.53
x264 [debug]: frame=   7 QP=5.00 NAL=2 Slice:P Poc:14  I:2    P:97   SKIP:0    size=10159 bytes PSNR Y:55.75 U:57.21 V:57.26
x264 [debug]: frame=   8 QP=5.00 NAL=2 Slice:P Poc:16  I:0    P:99   SKIP:0    size=10381 bytes PSNR Y:55.77 U:57.26 V:57.27
x264 [debug]: frame=   9 QP=5.00 NAL=2 Slice:P Poc:18  I:3    P:96   SKIP:0    size=10385 bytes PSNR Y:55.78 U:57.10 V:57.15
x264 [debug]: frame=  10 QP=5.00 NAL=2 Slice:P Poc:20  I:2    P:97   SKIP:0    size=10223 bytes PSNR Y:55.67 U:56.98 V:57.18
x264 [debug]: frame=  11 QP=5.00 NAL=2 Slice:P Poc:22  I:1    P:98   SKIP:0    size=10376 bytes PSNR Y:55.70 U:57.55 V:57.39
x264 [debug]: frame=  12 QP=5.00 NAL=2 Slice:P Poc:24  I:1    P:98   SKIP:0    size=11063 bytes PSNR Y:55.77 U:57.23 V:57.17
x264 [debug]: frame=  13 QP=5.00 NAL=2 Slice:P Poc:26  I:1    P:98   SKIP:0    size=11310 bytes PSNR Y:55.64 U:57.05 V:57.57
x264 [debug]: frame=  14 QP=5.00 NAL=2 Slice:P Poc:28  I:0    P:99   SKIP:0    size=11303 bytes PSNR Y:55.66 U:57.26 V:57.19
x264 [debug]: frame=  15 QP=5.00 NAL=2 Slice:P Poc:30  I:0    P:99   SKIP:0    size=11275 bytes PSNR Y:55.75 U:57.32 V:57.50
x264 [debug]: frame=  16 QP=5.00 NAL=2 Slice:P Poc:32  I:0    P:99   SKIP:0    size=10831 bytes PSNR Y:55.77 U:57.42 V:57.39
x264 [debug]: frame=  17 QP=5.00 NAL=2 Slice:P Poc:34  I:0    P:99   SKIP:0    size=10596 bytes PSNR Y:55.73 U:57.11 V:57.24
x264 [debug]: frame=  18 QP=5.00 NAL=2 Slice:P Poc:36  I:2    P:97   SKIP:0    size=10252 bytes PSNR Y:55.86 U:57.52 V:57.69
x264 [debug]: frame=  19 QP=5.00 NAL=2 Slice:P Poc:38  I:2    P:97   SKIP:0    size=10131 bytes PSNR Y:55.79 U:57.25 V:57.39
x264 [debug]: frame=  20 QP=5.00 NAL=2 Slice:P Poc:40  I:2    P:97   SKIP:0    size=9987 bytes PSNR Y:55.80 U:57.47 V:57.46
x264 [debug]: frame=  21 QP=5.00 NAL=2 Slice:P Poc:42  I:2    P:97   SKIP:0    size=9800 bytes PSNR Y:55.73 U:57.46 V:57.48
x264 [debug]: frame=  22 QP=5.00 NAL=2 Slice:P Poc:44  I:1    P:98   SKIP:0    size=10314 bytes PSNR Y:55.77 U:57.41 V:57.20
x264 [debug]: frame=  23 QP=5.00 NAL=2 Slice:P Poc:46  I:2    P:97   SKIP:0    size=10050 bytes PSNR Y:55.76 U:57.30 V:57.46
x264 [debug]: frame=  24 QP=5.00 NAL=2 Slice:P Poc:48  I:0    P:99   SKIP:0    size=10508 bytes PSNR Y:55.86 U:57.33 V:57.49
x264 [debug]: frame=  25 QP=5.00 NAL=2 Slice:P Poc:50  I:2    P:97   SKIP:0    size=10456 bytes PSNR Y:55.71 U:57.26 V:57.33
x264 [debug]: frame=  26 QP=5.00 NAL=2 Slice:P Poc:52  I:1    P:98   SKIP:0    size=9689 bytes PSNR Y:55.73 U:57.17 V:57.52
x264 [debug]: frame=  27 QP=5.00 NAL=2 Slice:P Poc:54  I:2    P:97   SKIP:0    size=8595 bytes PSNR Y:55.65 U:57.13 V:57.21
x264 [debug]: frame=  28 QP=5.00 NAL=2 Slice:P Poc:56  I:2    P:97   SKIP:0    size=9061 bytes PSNR Y:55.66 U:57.09 V:57.30
x264 [debug]: frame=  29 QP=5.00 NAL=2 Slice:P Poc:58  I:1    P:98   SKIP:0    size=8737 bytes PSNR Y:55.58 U:57.14 V:57.49
x264 [debug]: frame=  30 QP=5.00 NAL=2 Slice:P Poc:60  I:1    P:98   SKIP:0    size=9471 bytes PSNR Y:55.68 U:57.22 V:57.11
x264 [debug]: frame=  31 QP=5.00 NAL=2 Slice:P Poc:62  I:2    P:97   SKIP:0    size=10019 bytes PSNR Y:55.82 U:57.28 V:57.36
x264 [debug]: frame=  32 QP=5.00 NAL=2 Slice:P Poc:64  I:1    P:98   SKIP:0    size=10359 bytes PSNR Y:55.88 U:57.24 V:57.21
x264 [debug]: frame=  33 QP=5.00 NAL=2 Slice:P Poc:66  I:2    P:97   SKIP:0    size=10229 bytes PSNR Y:55.70 U:57.22 V:57.27
x264 [debug]: frame=  34 QP=5.00 NAL=2 Slice:P Poc:68  I:2    P:97   SKIP:0    size=9985 bytes PSNR Y:55.82 U:57.48 V:57.48
x264 [debug]: frame=  35 QP=5.00 NAL=2 Slice:P Poc:70  I:2    P:97   SKIP:0    size=10113 bytes PSNR Y:55.77 U:57.33 V:57.35
x264 [debug]: frame=  36 QP=5.00 NAL=2 Slice:P Poc:72  I:1    P:98   SKIP:0    size=10278 bytes PSNR Y:55.80 U:57.10 V:57.42
x264 [debug]: frame=  37 QP=5.00 NAL=2 Slice:P Poc:74  I:4    P:95   SKIP:0    size=10461 bytes PSNR Y:55.78 U:57.27 V:57.24
x264 [debug]: frame=  38 QP=5.00 NAL=2 Slice:P Poc:76  I:2    P:97   SKIP:0    size=10078 bytes PSNR Y:55.80 U:57.15 V:57.37
x264 [debug]: frame=  39 QP=5.00 NAL=2 Slice:P Poc:78  I:3    P:96   SKIP:0    size=9783 bytes PSNR Y:55.83 U:57.21 V:57.34
x264 [debug]: frame=  40 QP=5.00 NAL=2 Slice:P Poc:80  I:3    P:96   SKIP:0    size=9618 bytes PSNR Y:55.72 U:57.36 V:57.39
x264 [debug]: frame=  41 QP=5.00 NAL=2 Slice:P Poc:82  I:4    P:95   SKIP:0    size=9691 bytes PSNR Y:55.64 U:57.42 V:57.24
x264 [debug]: frame=  42 QP=5.00 NAL=2 Slice:P Poc:84  I:2    P:97   SKIP:0    size=9998 bytes PSNR Y:55.69 U:57.18 V:57.46
x264 [debug]: frame=  43 QP=5.00 NAL=2 Slice:P Poc:86  I:5    P:94   SKIP:0    size=9466 bytes PSNR Y:55.78 U:57.21 V:57.33
x264 [debug]: frame=  44 QP=5.00 NAL=2 Slice:P Poc:88  I:4    P:95   SKIP:0    size=9821 bytes PSNR Y:55.72 U:57.48 V:57.39
x264 [debug]: frame=  45 QP=5.00 NAL=2 Slice:P Poc:90  I:4    P:95   SKIP:0    size=9769 bytes PSNR Y:55.73 U:57.21 V:57.37
x264 [debug]: frame=  46 QP=5.00 NAL=2 Slice:P Poc:92  I:2    P:97   SKIP:0    size=9965 bytes PSNR Y:55.73 U:57.11 V:57.39
x264 [debug]: frame=  47 QP=5.00 NAL=2 Slice:P Poc:94  I:2    P:97   SKIP:0    size=10500 bytes PSNR Y:55.67 U:57.60 V:57.36
x264 [debug]: frame=  48 QP=5.00 NAL=2 Slice:P Poc:96  I:2    P:97   SKIP:0    size=10991 bytes PSNR Y:55.77 U:57.49 V:57.43
x264 [debug]: frame=  49 QP=5.00 NAL=2 Slice:P Poc:98  I:0    P:99   SKIP:0    size=10759 bytes PSNR Y:55.85 U:57.49 V:57.36
x264 [debug]: frame=  50 QP=5.00 NAL=2 Slice:P Poc:100 I:1    P:98   SKIP:0    size=10473 bytes PSNR Y:55.88 U:57.24 V:57.40
x264 [debug]: frame=  51 QP=5.00 NAL=2 Slice:P Poc:102 I:2    P:97   SKIP:0    size=10089 bytes PSNR Y:55.73 U:57.19 V:57.69
x264 [debug]: frame=  52 QP=5.00 NAL=2 Slice:P Poc:104 I:1    P:98   SKIP:0    size=9571 bytes PSNR Y:55.62 U:57.37 V:57.12
x264 [debug]: frame=  53 QP=5.00 NAL=2 Slice:P Poc:106 I:1    P:98   SKIP:0    size=9736 bytes PSNR Y:55.51 U:57.32 V:57.38
x264 [debug]: frame=  54 QP=5.00 NAL=2 Slice:P Poc:108 I:0    P:99   SKIP:0    size=10686 bytes PSNR Y:55.71 U:57.29 V:57.35
x264 [debug]: frame=  55 QP=5.00 NAL=2 Slice:P Poc:110 I:1    P:98   SKIP:0    size=11048 bytes PSNR Y:55.76 U:57.28 V:57.37
x264 [debug]: frame=  56 QP=5.00 NAL=2 Slice:P Poc:112 I:0    P:99   SKIP:0    size=10915 bytes PSNR Y:55.63 U:57.26 V:57.30
x264 [debug]: frame=  57 QP=5.00 NAL=2 Slice:P Poc:114 I:0    P:99   SKIP:0    size=10689 bytes PSNR Y:55.67 U:57.47 V:57.34
x264 [debug]: frame=  58 QP=5.00 NAL=2 Slice:P Poc:116 I:1    P:98   SKIP:0    size=11029 bytes PSNR Y:55.85 U:57.28 V:57.34
x264 [debug]: frame=  59 QP=5.00 NAL=2 Slice:P Poc:118 I:1    P:98   SKIP:0    size=10268 bytes PSNR Y:55.57 U:57.52 V:57.45
x264 [debug]: frame=  60 QP=5.00 NAL=2 Slice:P Poc:120 I:1    P:98   SKIP:0    size=10497 bytes PSNR Y:55.81 U:57.25 V:57.21
x264 [debug]: frame=  61 QP=5.00 NAL=2 Slice:P Poc:122 I:2    P:97   SKIP:0    size=10596 bytes PSNR Y:55.80 U:57.19 V:57.49
x264 [debug]: frame=  62 QP=5.00 NAL=2 Slice:P Poc:124 I:1    P:98   SKIP:0    size=10126 bytes PSNR Y:55.68 U:57.13 V:57.15
x264 [debug]: frame=  63 QP=5.00 NAL=2 Slice:P Poc:126 I:2    P:97   SKIP:0    size=10038 bytes PSNR Y:55.69 U:57.36 V:57.31
x264 [debug]: frame=  64 QP=5.00 NAL=2 Slice:P Poc:128 I:1    P:98   SKIP:0    size=10676 bytes PSNR Y:55.85 U:57.40 V:57.41
x264 [debug]: frame=  65 QP=5.00 NAL=2 Slice:P Poc:130 I:1    P:98   SKIP:0    size=10604 bytes PSNR Y:55.87 U:57.39 V:57.17
x264 [debug]: frame=  66 QP=5.00 NAL=2 Slice:P Poc:132 I:3    P:96   SKIP:0    size=10731 bytes PSNR Y:55.84 U:57.36 V:57.28
x264 [debug]: frame=  67 QP=5.00 NAL=2 Slice:P Poc:134 I:2    P:97   SKIP:0    size=10683 bytes PSNR Y:55.71 U:57.40 V:57.39
x264 [debug]: frame=  68 QP=5.00 NAL=2 Slice:P Poc:136 I:3    P:96   SKIP:0    size=10378 bytes PSNR Y:55.72 U:57.15 V:57.53
x264 [debug]: frame=  69 QP=5.00 NAL=2 Slice:P Poc:138 I:4    P:95   SKIP:0    size=10237 bytes PSNR Y:55.61 U:57.23 V:57.55
x264 [debug]: frame=  70 QP=5.00 NAL=2 Slice:P Poc:140 I:3    P:96   SKIP:0    size=10248 bytes PSNR Y:55.72 U:57.19 V:57.24
x264 [debug]: frame=  71 QP=5.00 NAL=2 Slice:P Poc:142 I:3    P:96   SKIP:0    size=10361 bytes PSNR Y:55.65 U:57.42 V:57.36
x264 [debug]: frame=  72 QP=5.00 NAL=2 Slice:P Poc:144 I:4    P:95   SKIP:0    size=10139 bytes PSNR Y:55.55 U:57.46 V:57.41
x264 [debug]: frame=  73 QP=5.00 NAL=2 Slice:P Poc:146 I:2    P:97   SKIP:0    size=10122 bytes PSNR Y:55.76 U:57.12 V:57.39
x264 [debug]: frame=  74 QP=5.00 NAL=2 Slice:P Poc:148 I:4    P:95   SKIP:0    size=9759 bytes PSNR Y:55.68 U:57.58 V:57.46
x264 [debug]: frame=  75 QP=5.00 NAL=2 Slice:P Poc:150 I:4    P:95   SKIP:0    size=9987 bytes PSNR Y:55.64 U:57.44 V:57.52
x264 [debug]: frame=  76 QP=5.00 NAL=2 Slice:P Poc:152 I:3    P:96   SKIP:0    size=10335 bytes PSNR Y:55.74 U:57.49 V:57.43
x264 [debug]: frame=  77 QP=5.00 NAL=2 Slice:P Poc:154 I:3    P:96   SKIP:0    size=11229 bytes PSNR Y:55.76 U:57.49 V:57.46
x264 [debug]: frame=  78 QP=5.00 NAL=2 Slice:P Poc:156 I:2    P:97   SKIP:0    size=11220 bytes PSNR Y:55.87 U:57.42 V:57.47
x264 [debug]: frame=  79 QP=5.00 NAL=2 Slice:P Poc:158 I:3    P:96   SKIP:0    size=11031 bytes PSNR Y:55.65 U:57.34 V:57.54
x264 [debug]: frame=  80 QP=5.00 NAL=2 Slice:P Poc:160 I:1    P:98   SKIP:0    size=11293 bytes PSNR Y:55.58 U:57.35 V:57.14
x264 [debug]: frame=  81 QP=5.00 NAL=2 Slice:P Poc:162 I:3    P:96   SKIP:0    size=10921 bytes PSNR Y:55.75 U:57.01 V:57.34
x264 [debug]: frame=  82 QP=5.00 NAL=2 Slice:P Poc:164 I:1    P:98   SKIP:0    size=10475 bytes PSNR Y:55.63 U:57.15 V:57.26
x264 [debug]: frame=  83 QP=5.00 NAL=2 Slice:P Poc:166 I:0    P:99   SKIP:0    size=10966 bytes PSNR Y:55.70 U:57.02 V:57.08
x264 [debug]: frame=  84 QP=5.00 NAL=2 Slice:P Poc:168 I:0    P:99   SKIP:0    size=11265 bytes PSNR Y:55.75 U:57.40 V:57.39
x264 [debug]: frame=  85 QP=5.00 NAL=2 Slice:P Poc:170 I:0    P:99   SKIP:0    size=11368 bytes PSNR Y:55.82 U:57.31 V:57.42
x264 [debug]: frame=  86 QP=5.00 NAL=2 Slice:P Poc:172 I:0    P:99   SKIP:0    size=11360 bytes PSNR Y:55.82 U:57.10 V:57.49
x264 [debug]: frame=  87 QP=5.00 NAL=2 Slice:P Poc:174 I:0    P:99   SKIP:0    size=10859 bytes PSNR Y:55.78 U:57.31 V:57.28
x264 [debug]: frame=  88 QP=5.00 NAL=2 Slice:P Poc:176 I:2    P:97   SKIP:0    size=10820 bytes PSNR Y:55.69 U:57.28 V:57.35
x264 [debug]: frame=  89 QP=5.00 NAL=2 Slice:P Poc:178 I:4    P:95   SKIP:0    size=11210 bytes PSNR Y:55.93 U:57.16 V:57.36
x264 [debug]: frame=  90 QP=5.00 NAL=2 Slice:P Poc:180 I:3    P:96   SKIP:0    size=11304 bytes PSNR Y:55.72 U:57.34 V:57.15
x264 [debug]: frame=  91 QP=5.00 NAL=2 Slice:P Poc:182 I:3    P:96   SKIP:0    size=11905 bytes PSNR Y:55.78 U:57.36 V:57.52
x264 [debug]: frame=  92 QP=5.00 NAL=2 Slice:P Poc:184 I:7    P:92   SKIP:0    size=11949 bytes PSNR Y:55.78 U:57.57 V:57.36
x264 [debug]: frame=  93 QP=5.00 NAL=2 Slice:P Poc:186 I:8    P:91   SKIP:0    size=11993 bytes PSNR Y:55.75 U:57.32 V:57.47
x264 [debug]: frame=  94 QP=5.00 NAL=2 Slice:P Poc:188 I:9    P:90   SKIP:0    size=11986 bytes PSNR Y:55.64 U:57.21 V:57.32
x264 [debug]: frame=  95 QP=5.00 NAL=2 Slice:P Poc:190 I:4    P:95   SKIP:0    size=10828 bytes PSNR Y:55.71 U:57.31 V:57.55
x264 [debug]: frame=  96 QP=5.00 NAL=2 Slice:P Poc:192 I:2    P:97   SKIP:0    size=10015 bytes PSNR Y:55.69 U:57.09 V:57.58
x264 [debug]: frame=  97 QP=5.00 NAL=2 Slice:P Poc:194 I:4    P:95   SKIP:0    size=9531 bytes PSNR Y:55.59 U:57.13 V:57.32
x264 [debug]: frame=  98 QP=5.00 NAL=2 Slice:P Poc:196 I:4    P:95   SKIP:0    size=9433 bytes PSNR Y:55.70 U:57.48 V:57.38
x264 [debug]: frame=  99 QP=5.00 NAL=2 Slice:P Poc:198 I:3    P:96   SKIP:0    size=9282 bytes PSNR Y:55.75 U:57.38 V:57.22
x264 [debug]: frame= 100 QP=5.00 NAL=2 Slice:P Poc:200 I:2    P:97   SKIP:0    size=8868 bytes PSNR Y:55.61 U:57.23 V:57.13
x264 [debug]: frame= 101 QP=5.00 NAL=2 Slice:P Poc:202 I:1    P:98   SKIP:0    size=9249 bytes PSNR Y:55.66 U:57.51 V:57.25
x264 [debug]: frame= 102 QP=5.00 NAL=2 Slice:P Poc:204 I:3    P:96   SKIP:0    size=9244 bytes PSNR Y:55.73 U:57.37 V:57.41
x264 [debug]: frame= 103 QP=5.00 NAL=2 Slice:P Poc:206 I:4    P:95   SKIP:0    size=9446 bytes PSNR Y:55.68 U:57.38 V:57.18
x264 [debug]: frame= 104 QP=5.00 NAL=2 Slice:P Poc:208 I:3    P:96   SKIP:0    size=9449 bytes PSNR Y:55.76 U:57.06 V:57.44
x264 [debug]: frame= 105 QP=5.00 NAL=2 Slice:P Poc:210 I:4    P:95   SKIP:0    size=9494 bytes PSNR Y:55.70 U:57.52 V:57.30
x264 [debug]: frame= 106 QP=5.00 NAL=2 Slice:P Poc:212 I:2    P:97   SKIP:0    size=8767 bytes PSNR Y:55.65 U:57.17 V:57.53
x264 [debug]: frame= 107 QP=5.00 NAL=2 Slice:P Poc:214 I:2    P:97   SKIP:0    size=8227 bytes PSNR Y:55.57 U:57.21 V:57.22
x264 [debug]: frame= 108 QP=5.00 NAL=2 Slice:P Poc:216 I:2    P:97   SKIP:0    size=8773 bytes PSNR Y:55.57 U:57.37 V:57.23
x264 [debug]: frame= 109 QP=5.00 NAL=2 Slice:P Poc:218 I:2    P:97   SKIP:0    size=9437 bytes PSNR Y:55.86 U:57.40 V:57.42
x264 [debug]: frame= 110 QP=5.00 NAL=2 Slice:P Poc:220 I:0    P:99   SKIP:0    size=9023 bytes PSNR Y:55.61 U:57.41 V:57.36
x264 [debug]: frame= 111 QP=5.00 NAL=2 Slice:P Poc:222 I:4    P:95   SKIP:0    size=9173 bytes PSNR Y:55.73 U:57.43 V:57.43
x264 [debug]: frame= 112 QP=5.00 NAL=2 Slice:P Poc:224 I:4    P:95   SKIP:0    size=9275 bytes PSNR Y:55.64 U:57.31 V:57.29
x264 [debug]: frame= 113 QP=5.00 NAL=2 Slice:P Poc:226 I:5    P:94   SKIP:0    size=9166 bytes PSNR Y:55.61 U:57.39 V:57.32
x264 [debug]: frame= 114 QP=5.00 NAL=2 Slice:P Poc:228 I:3    P:96   SKIP:0    size=9023 bytes PSNR Y:55.62 U:57.23 V:57.37
x264 [debug]: frame= 115 QP=5.00 NAL=2 Slice:P Poc:230 I:3    P:96   SKIP:0    size=9130 bytes PSNR Y:55.63 U:57.57 V:57.44
x264 [debug]: frame= 116 QP=5.00 NAL=2 Slice:P Poc:232 I:3    P:96   SKIP:0    size=9317 bytes PSNR Y:55.83 U:57.38 V:57.32
x264 [debug]: frame= 117 QP=5.00 NAL=2 Slice:P Poc:234 I:4    P:95   SKIP:0    size=8612 bytes PSNR Y:55.68 U:57.39 V:57.39
x264 [debug]: frame= 118 QP=5.00 NAL=2 Slice:P Poc:236 I:5    P:94   SKIP:0    size=9038 bytes PSNR Y:55.71 U:57.31 V:57.35
x264 [debug]: frame= 119 QP=5.00 NAL=2 Slice:P Poc:238 I:3    P:96   SKIP:0    size=9387 bytes PSNR Y:55.65 U:57.41 V:57.32
x264 [debug]: frame= 120 QP=5.00 NAL=2 Slice:P Poc:240 I:3    P:96   SKIP:0    size=9177 bytes PSNR Y:55.77 U:57.15 V:57.16
x264 [debug]: frame= 121 QP=5.00 NAL=2 Slice:P Poc:242 I:4    P:95   SKIP:0    size=9031 bytes PSNR Y:55.60 U:57.32 V:57.35
x264 [debug]: frame= 122 QP=5.00 NAL=2 Slice:P Poc:244 I:2    P:97   SKIP:0    size=9627 bytes PSNR Y:55.76 U:57.27 V:57.20
x264 [debug]: frame= 123 QP=5.00 NAL=2 Slice:P Poc:246 I:4    P:95   SKIP:0    size=9959 bytes PSNR Y:55.77 U:57.34 V:57.45
x264 [debug]: frame= 124 QP=5.00 NAL=2 Slice:P Poc:248 I:5    P:94   SKIP:0    size=10192 bytes PSNR Y:55.79 U:57.45 V:57.23
x264 [debug]: frame= 125 QP=5.00 NAL=2 Slice:P Poc:250 I:3    P:96   SKIP:0    size=10338 bytes PSNR Y:55.76 U:57.48 V:57.35
x264 [debug]: frame= 126 QP=5.00 NAL=2 Slice:P Poc:252 I:4    P:95   SKIP:0    size=10570 bytes PSNR Y:55.76 U:57.23 V:57.18
x264 [debug]: frame= 127 QP=5.00 NAL=2 Slice:P Poc:254 I:2    P:97   SKIP:0    size=10643 bytes PSNR Y:55.77 U:57.33 V:57.21
x264 [debug]: frame= 128 QP=5.00 NAL=2 Slice:P Poc:256 I:2    P:97   SKIP:0    size=10424 bytes PSNR Y:55.74 U:57.41 V:57.50
x264 [debug]: frame= 129 QP=5.00 NAL=2 Slice:P Poc:258 I:1    P:98   SKIP:0    size=10343 bytes PSNR Y:55.67 U:57.43 V:57.35
x264 [debug]: frame= 130 QP=5.00 NAL=2 Slice:P Poc:260 I:1    P:98   SKIP:0    size=10411 bytes PSNR Y:55.54 U:57.08 V:57.46
x264 [debug]: frame= 131 QP=5.00 NAL=2 Slice:P Poc:262 I:1    P:98   SKIP:0    size=10139 bytes PSNR Y:55.56 U:57.19 V:57.44
x264 [debug]: frame= 132 QP=5.00 NAL=2 Slice:P Poc:264 I:1    P:98   SKIP:0    size=10383 bytes PSNR Y:55.60 U:57.01 V:57.22
x264 [debug]: frame= 133 QP=5.00 NAL=2 Slice:P Poc:266 I:1    P:98   SKIP:0    size=10555 bytes PSNR Y:55.75 U:57.31 V:57.21
x264 [debug]: frame= 134 QP=5.00 NAL=2 Slice:P Poc:268 I:0    P:99   SKIP:0    size=10609 bytes PSNR Y:55.72 U:57.36 V:57.45
x264 [debug]: frame= 135 QP=5.00 NAL=2 Slice:P Poc:270 I:0    P:99   SKIP:0    size=10611 bytes PSNR Y:55.86 U:57.02 V:57.28
x264 [debug]: frame= 136 QP=5.00 NAL=2 Slice:P Poc:272 I:0    P:99   SKIP:0    size=10800 bytes PSNR Y:55.77 U:57.28 V:57.23
x264 [debug]: frame= 137 QP=5.00 NAL=2 Slice:P Poc:274 I:0    P:99   SKIP:0    size=11365 bytes PSNR Y:55.78 U:57.40 V:57.44
x264 [debug]: frame= 138 QP=5.00 NAL=2 Slice:P Poc:276 I:0    P:99   SKIP:0    size=11723 bytes PSNR Y:55.68 U:57.25 V:57.02
x264 [debug]: frame= 139 QP=5.00 NAL=2 Slice:P Poc:278 I:0    P:99   SKIP:0    size=11977 bytes PSNR Y:55.79 U:57.39 V:57.32
x264 [debug]: frame= 140 QP=5.00 NAL=2 Slice:P Poc:280 I:1    P:98   SKIP:0    size=11779 bytes PSNR Y:55.60 U:57.44 V:57.32
x264 [debug]: frame= 141 QP=5.00 NAL=2 Slice:P Poc:282 I:3    P:96   SKIP:0    size=11699 bytes PSNR Y:55.73 U:57.12 V:57.53
x264 [debug]: frame= 142 QP=5.00 NAL=2 Slice:P Poc:284 I:6    P:93   SKIP:0    size=11597 bytes PSNR Y:55.80 U:57.21 V:57.45
x264 [debug]: frame= 143 QP=5.00 NAL=2 Slice:P Poc:286 I:6    P:93   SKIP:0    size=10485 bytes PSNR Y:55.69 U:57.15 V:57.28
x264 [debug]: frame= 144 QP=5.00 NAL=2 Slice:P Poc:288 I:8    P:91   SKIP:0    size=10591 bytes PSNR Y:55.74 U:57.40 V:57.26
x264 [debug]: frame= 145 QP=5.00 NAL=2 Slice:P Poc:290 I:7    P:92   SKIP:0    size=10820 bytes PSNR Y:55.77 U:57.27 V:57.72
x264 [debug]: frame= 146 QP=5.00 NAL=2 Slice:P Poc:292 I:7    P:92   SKIP:0    size=10358 bytes PSNR Y:55.79 U:57.40 V:57.28
x264 [debug]: frame= 147 QP=5.00 NAL=2 Slice:P Poc:294 I:7    P:92   SKIP:0    size=10572 bytes PSNR Y:55.74 U:57.50 V:57.69
x264 [debug]: frame= 148 QP=5.00 NAL=2 Slice:P Poc:296 I:6    P:93   SKIP:0    size=10287 bytes PSNR Y:55.70 U:57.50 V:57.42
x264 [debug]: frame= 149 QP=5.00 NAL=2 Slice:P Poc:298 I:7    P:92   SKIP:0    size=9662 bytes PSNR Y:55.54 U:57.23 V:57.37
x264 [debug]: frame= 150 QP=5.00 NAL=2 Slice:P Poc:300 I:8    P:91   SKIP:0    size=10060 bytes PSNR Y:55.66 U:57.26 V:57.30
x264 [debug]: frame= 151 QP=5.00 NAL=2 Slice:P Poc:302 I:9    P:90   SKIP:0    size=10751 bytes PSNR Y:55.75 U:57.36 V:57.39
x264 [debug]: frame= 152 QP=5.00 NAL=2 Slice:P Poc:304 I:23   P:76   SKIP:0    size=11189 bytes PSNR Y:55.80 U:57.75 V:57.59
x264 [debug]: frame= 153 QP=5.00 NAL=2 Slice:P Poc:306 I:28   P:71   SKIP:0    size=12193 bytes PSNR Y:55.84 U:57.51 V:57.62
x264 [debug]: frame= 154 QP=5.00 NAL=2 Slice:P Poc:308 I:29   P:70   SKIP:0    size=12925 bytes PSNR Y:55.74 U:57.72 V:57.69
x264 [debug]: frame= 155 QP=5.00 NAL=2 Slice:P Poc:310 I:23   P:76   SKIP:0    size=12465 bytes PSNR Y:55.94 U:57.17 V:57.56
x264 [debug]: frame= 156 QP=5.00 NAL=2 Slice:P Poc:312 I:29   P:70   SKIP:0    size=12497 bytes PSNR Y:55.88 U:57.50 V:57.79
x264 [debug]: frame= 157 QP=5.00 NAL=2 Slice:P Poc:314 I:24   P:75   SKIP:0    size=12163 bytes PSNR Y:55.77 U:57.47 V:57.61
x264 [debug]: frame= 158 QP=5.00 NAL=2 Slice:P Poc:316 I:7    P:92   SKIP:0    size=11316 bytes PSNR Y:55.74 U:57.34 V:57.39
x264 [debug]: frame= 159 QP=5.00 NAL=2 Slice:P Poc:318 I:4    P:95   SKIP:0    size=10214 bytes PSNR Y:55.78 U:57.38 V:57.36
x264 [debug]: frame= 160 QP=5.00 NAL=2 Slice:P Poc:320 I:1    P:98   SKIP:0    size=10071 bytes PSNR Y:55.76 U:57.39 V:57.55
x264 [debug]: frame= 161 QP=5.00 NAL=2 Slice:P Poc:322 I:6    P:93   SKIP:0    size=9991 bytes PSNR Y:55.84 U:57.30 V:57.49
x264 [debug]: frame= 162 QP=5.00 NAL=2 Slice:P Poc:324 I:2    P:97   SKIP:0    size=10084 bytes PSNR Y:55.64 U:57.44 V:57.36
x264 [debug]: frame= 163 QP=5.00 NAL=2 Slice:P Poc:326 I:3    P:96   SKIP:0    size=9763 bytes PSNR Y:55.63 U:57.43 V:57.27
x264 [debug]: frame= 164 QP=5.00 NAL=2 Slice:P Poc:328 I:5    P:94   SKIP:0    size=9774 bytes PSNR Y:55.74 U:57.28 V:57.33
x264 [debug]: frame= 165 QP=5.00 NAL=2 Slice:P Poc:330 I:4    P:95   SKIP:0    size=9629 bytes PSNR Y:55.77 U:57.27 V:57.74
x264 [debug]: frame= 166 QP=5.00 NAL=2 Slice:P Poc:332 I:2    P:97   SKIP:0    size=9475 bytes PSNR Y:55.70 U:57.23 V:57.28
x264 [debug]: frame= 167 QP=5.00 NAL=2 Slice:P Poc:334 I:2    P:97   SKIP:0    size=10202 bytes PSNR Y:55.71 U:57.22 V:57.55
x264 [debug]: frame= 168 QP=5.00 NAL=2 Slice:P Poc:336 I:2    P:97   SKIP:0    size=10386 bytes PSNR Y:55.67 U:57.25 V:57.54
x264 [debug]: frame= 169 QP=5.00 NAL=2 Slice:P Poc:338 I:6    P:93   SKIP:0    size=10853 bytes PSNR Y:55.70 U:57.38 V:57.50
x264 [debug]: frame= 170 QP=5.00 NAL=2 Slice:P Poc:340 I:3    P:96   SKIP:0    size=11657 bytes PSNR Y:55.72 U:57.34 V:57.36
x264 [debug]: frame= 171 QP=5.00 NAL=2 Slice:P Poc:342 I:18   P:81   SKIP:0    size=12147 bytes PSNR Y:55.84 U:57.55 V:57.46
x264 [debug]: frame= 172 QP=5.00 NAL=2 Slice:P Poc:344 I:10   P:89   SKIP:0    size=12219 bytes PSNR Y:55.61 U:57.30 V:57.33
x264 [debug]: frame= 173 QP=5.00 NAL=2 Slice:P Poc:346 I:13   P:86   SKIP:0    size=12369 bytes PSNR Y:55.67 U:57.42 V:57.52
x264 [debug]: frame= 174 QP=5.00 NAL=2 Slice:P Poc:348 I:9    P:90   SKIP:0    size=12213 bytes PSNR Y:55.82 U:57.34 V:57.72
x264 [debug]: frame= 175 QP=5.00 NAL=2 Slice:P Poc:350 I:8    P:91   SKIP:0    size=11882 bytes PSNR Y:55.76 U:57.35 V:57.42
x264 [debug]: frame= 176 QP=5.00 NAL=2 Slice:P Poc:352 I:9    P:90   SKIP:0    size=12011 bytes PSNR Y:55.75 U:57.44 V:57.42
x264 [debug]: frame= 177 QP=5.00 NAL=2 Slice:P Poc:354 I:3    P:96   SKIP:0    size=12078 bytes PSNR Y:55.75 U:57.34 V:57.43
x264 [debug]: frame= 178 QP=5.00 NAL=2 Slice:P Poc:356 I:1    P:98   SKIP:0    size=11862 bytes PSNR Y:55.68 U:57.39 V:57.59
x264 [debug]: frame= 179 QP=5.00 NAL=2 Slice:P Poc:358 I:0    P:99   SKIP:0    size=11947 bytes PSNR Y:55.72 U:57.26 V:56.94
x264 [debug]: frame= 180 QP=5.00 NAL=2 Slice:P Poc:360 I:0    P:99   SKIP:0    size=11820 bytes PSNR Y:55.60 U:57.17 V:57.35
x264 [debug]: frame= 181 QP=5.00 NAL=2 Slice:P Poc:362 I:3    P:96   SKIP:0    size=11870 bytes PSNR Y:55.64 U:57.26 V:57.29
x264 [debug]: frame= 182 QP=5.00 NAL=2 Slice:P Poc:364 I:3    P:96   SKIP:0    size=11773 bytes PSNR Y:55.68 U:57.28 V:57.22
x264 [debug]: frame= 183 QP=5.00 NAL=2 Slice:P Poc:366 I:2    P:97   SKIP:0    size=11962 bytes PSNR Y:55.65 U:57.43 V:57.39
x264 [debug]: frame= 184 QP=5.00 NAL=2 Slice:P Poc:368 I:8    P:91   SKIP:0    size=12183 bytes PSNR Y:55.71 U:57.33 V:57.43
x264 [debug]: frame= 185 QP=5.00 NAL=2 Slice:P Poc:370 I:7    P:92   SKIP:0    size=11752 bytes PSNR Y:55.61 U:57.59 V:57.39
x264 [debug]: frame= 186 QP=5.00 NAL=2 Slice:P Poc:372 I:13   P:86   SKIP:0    size=11600 bytes PSNR Y:55.70 U:57.58 V:57.50
x264 [debug]: frame= 187 QP=5.00 NAL=2 Slice:P Poc:374 I:20   P:79   SKIP:0    size=11427 bytes PSNR Y:55.75 U:57.83 V:57.47
x264 [debug]: frame= 188 QP=5.00 NAL=2 Slice:P Poc:376 I:24   P:75   SKIP:0    size=10754 bytes PSNR Y:55.65 U:57.51 V:57.53
x264 [debug]: frame= 189 QP=5.00 NAL=2 Slice:P Poc:378 I:17   P:82   SKIP:0    size=11165 bytes PSNR Y:55.54 U:57.42 V:57.32
x264 [debug]: frame= 190 QP=5.00 NAL=2 Slice:P Poc:380 I:21   P:78   SKIP:0    size=11272 bytes PSNR Y:55.64 U:57.80 V:57.55
x264 [debug]: frame= 191 QP=5.00 NAL=2 Slice:P Poc:382 I:23   P:76   SKIP:0    size=11183 bytes PSNR Y:55.70 U:57.59 V:57.39
x264 [debug]: frame= 192 QP=5.00 NAL=2 Slice:P Poc:384 I:24   P:75   SKIP:0    size=11378 bytes PSNR Y:55.62 U:57.55 V:57.72
x264 [debug]: frame= 193 QP=5.00 NAL=2 Slice:P Poc:386 I:20   P:79   SKIP:0    size=11050 bytes PSNR Y:55.62 U:57.40 V:57.28
x264 [debug]: frame= 194 QP=5.00 NAL=2 Slice:P Poc:388 I:13   P:86   SKIP:0    size=11211 bytes PSNR Y:55.70 U:57.33 V:57.33
x264 [debug]: frame= 195 QP=5.00 NAL=2 Slice:P Poc:390 I:10   P:89   SKIP:0    size=11613 bytes PSNR Y:55.41 U:57.40 V:57.40
x264 [debug]: frame= 196 QP=5.00 NAL=2 Slice:P Poc:392 I:14   P:85   SKIP:0    size=11779 bytes PSNR Y:55.63 U:57.19 V:57.37
x264 [debug]: frame= 197 QP=5.00 NAL=2 Slice:P Poc:394 I:20   P:79   SKIP:0    size=11074 bytes PSNR Y:55.69 U:57.70 V:57.03
x264 [debug]: frame= 198 QP=5.00 NAL=2 Slice:P Poc:396 I:16   P:83   SKIP:0    size=10789 bytes PSNR Y:55.56 U:57.47 V:57.38
x264 [debug]: frame= 199 QP=5.00 NAL=2 Slice:P Poc:398 I:19   P:80   SKIP:0    size=10485 bytes PSNR Y:55.55 U:57.58 V:57.51
x264 [debug]: frame= 200 QP=5.00 NAL=2 Slice:P Poc:400 I:26   P:73   SKIP:0    size=10704 bytes PSNR Y:55.70 U:57.59 V:57.49
x264 [debug]: frame= 201 QP=5.00 NAL=2 Slice:P Poc:402 I:20   P:79   SKIP:0    size=10659 bytes PSNR Y:55.68 U:57.34 V:57.52
x264 [debug]: frame= 202 QP=5.00 NAL=2 Slice:P Poc:404 I:19   P:80   SKIP:0    size=10508 bytes PSNR Y:55.43 U:57.27 V:57.13
x264 [debug]: frame= 203 QP=5.00 NAL=2 Slice:P Poc:406 I:25   P:74   SKIP:0    size=10243 bytes PSNR Y:55.53 U:57.30 V:57.21
x264 [debug]: frame= 204 QP=5.00 NAL=2 Slice:P Poc:408 I:21   P:78   SKIP:0    size=10174 bytes PSNR Y:55.63 U:57.05 V:57.49
x264 [debug]: frame= 205 QP=5.00 NAL=2 Slice:P Poc:410 I:20   P:79   SKIP:0    size=10053 bytes PSNR Y:55.67 U:57.06 V:57.40
x264 [debug]: frame= 206 QP=5.00 NAL=2 Slice:P Poc:412 I:19   P:80   SKIP:0    size=9980 bytes PSNR Y:55.69 U:56.98 V:57.11
x264 [debug]: frame= 207 QP=5.00 NAL=2 Slice:P Poc:414 I:17   P:82   SKIP:0    size=9594 bytes PSNR Y:55.62 U:57.53 V:57.34
x264 [debug]: frame= 208 QP=5.00 NAL=2 Slice:P Poc:416 I:18   P:81   SKIP:0    size=9569 bytes PSNR Y:55.63 U:56.92 V:56.97
x264 [debug]: frame= 209 QP=5.00 NAL=2 Slice:P Poc:418 I:13   P:86   SKIP:0    size=10162 bytes PSNR Y:55.63 U:57.40 V:57.25
x264 [debug]: frame= 210 QP=5.00 NAL=2 Slice:P Poc:420 I:13   P:86   SKIP:0    size=10572 bytes PSNR Y:55.71 U:57.27 V:57.61
x264 [debug]: frame= 211 QP=5.00 NAL=2 Slice:P Poc:422 I:12   P:87   SKIP:0    size=10842 bytes PSNR Y:55.80 U:57.38 V:57.07
x264 [debug]: frame= 212 QP=5.00 NAL=2 Slice:P Poc:424 I:5    P:94   SKIP:0    size=10881 bytes PSNR Y:55.73 U:57.13 V:57.39
x264 [debug]: frame= 213 QP=5.00 NAL=2 Slice:P Poc:426 I:6    P:93   SKIP:0    size=10871 bytes PSNR Y:55.73 U:57.07 V:57.68
x264 [debug]: frame= 214 QP=5.00 NAL=2 Slice:P Poc:428 I:3    P:96   SKIP:0    size=11132 bytes PSNR Y:55.65 U:57.23 V:57.22
x264 [debug]: frame= 215 QP=5.00 NAL=2 Slice:P Poc:430 I:4    P:95   SKIP:0    size=11267 bytes PSNR Y:55.70 U:57.20 V:57.35
x264 [debug]: frame= 216 QP=5.00 NAL=2 Slice:P Poc:432 I:2    P:97   SKIP:0    size=11715 bytes PSNR Y:55.87 U:57.31 V:57.56
x264 [debug]: frame= 217 QP=5.00 NAL=2 Slice:P Poc:434 I:2    P:97   SKIP:0    size=12106 bytes PSNR Y:55.74 U:57.19 V:57.17
x264 [debug]: frame= 218 QP=5.00 NAL=2 Slice:P Poc:436 I:1    P:98   SKIP:0    size=12158 bytes PSNR Y:55.89 U:57.31 V:57.29
x264 [debug]: frame= 219 QP=5.00 NAL=2 Slice:P Poc:438 I:2    P:97   SKIP:0    size=12138 bytes PSNR Y:55.84 U:57.38 V:57.50
x264 [debug]: frame= 220 QP=5.00 NAL=2 Slice:P Poc:440 I:1    P:98   SKIP:0    size=12039 bytes PSNR Y:55.85 U:57.13 V:57.24
x264 [debug]: frame= 221 QP=5.00 NAL=2 Slice:P Poc:442 I:1    P:98   SKIP:0    size=12174 bytes PSNR Y:55.84 U:57.35 V:57.30
x264 [debug]: frame= 222 QP=5.00 NAL=2 Slice:P Poc:444 I:1    P:98   SKIP:0    size=12175 bytes PSNR Y:55.88 U:57.43 V:57.54
x264 [debug]: frame= 223 QP=5.00 NAL=2 Slice:P Poc:446 I:1    P:98   SKIP:0    size=11407 bytes PSNR Y:55.70 U:57.47 V:57.16
x264 [debug]: frame= 224 QP=5.00 NAL=2 Slice:P Poc:448 I:1    P:98   SKIP:0    size=11563 bytes PSNR Y:55.75 U:57.34 V:57.30
x264 [debug]: frame= 225 QP=5.00 NAL=2 Slice:P Poc:450 I:1    P:98   SKIP:0    size=11206 bytes PSNR Y:55.82 U:57.54 V:57.39
x264 [debug]: frame= 226 QP=5.00 NAL=2 Slice:P Poc:452 I:0    P:99   SKIP:0    size=11805 bytes PSNR Y:55.72 U:57.52 V:57.45
x264 [debug]: frame= 227 QP=5.00 NAL=2 Slice:P Poc:454 I:0    P:99   SKIP:0    size=11758 bytes PSNR Y:55.73 U:57.12 V:57.32
x264 [debug]: frame= 228 QP=5.00 NAL=2 Slice:P Poc:456 I:0    P:99   SKIP:0    size=11971 bytes PSNR Y:55.79 U:57.61 V:57.75
x264 [debug]: frame= 229 QP=5.00 NAL=2 Slice:P Poc:458 I:0    P:99   SKIP:0    size=12011 bytes PSNR Y:55.87 U:57.40 V:57.58
x264 [debug]: frame= 230 QP=5.00 NAL=2 Slice:P Poc:460 I:0    P:99   SKIP:0    size=12064 bytes PSNR Y:55.81 U:57.60 V:57.22
x264 [debug]: frame= 231 QP=5.00 NAL=2 Slice:P Poc:462 I:0    P:99   SKIP:0    size=11602 bytes PSNR Y:55.83 U:57.21 V:57.57
x264 [debug]: frame= 232 QP=5.00 NAL=2 Slice:P Poc:464 I:0    P:99   SKIP:0    size=11224 bytes PSNR Y:55.79 U:57.28 V:57.47
x264 [debug]: frame= 233 QP=5.00 NAL=2 Slice:P Poc:466 I:0    P:99   SKIP:0    size=11312 bytes PSNR Y:56.06 U:57.19 V:57.55
x264 [debug]: frame= 234 QP=5.00 NAL=2 Slice:P Poc:468 I:0    P:99   SKIP:0    size=11523 bytes PSNR Y:55.81 U:57.53 V:57.36
x264 [debug]: frame= 235 QP=5.00 NAL=2 Slice:P Poc:470 I:0    P:99   SKIP:0    size=11425 bytes PSNR Y:55.85 U:57.49 V:57.64
x264 [debug]: frame= 236 QP=5.00 NAL=2 Slice:P Poc:472 I:0    P:99   SKIP:0    size=11420 bytes PSNR Y:55.79 U:57.58 V:57.26
x264 [debug]: frame= 237 QP=5.00 NAL=2 Slice:P Poc:474 I:0    P:99   SKIP:0    size=10712 bytes PSNR Y:55.72 U:57.55 V:57.53
x264 [debug]: frame= 238 QP=5.00 NAL=2 Slice:P Poc:476 I:0    P:99   SKIP:0    size=12060 bytes PSNR Y:55.91 U:57.26 V:57.54
x264 [debug]: frame= 239 QP=5.00 NAL=2 Slice:P Poc:478 I:0    P:99   SKIP:0    size=12000 bytes PSNR Y:55.96 U:57.51 V:57.71
x264 [debug]: frame= 240 QP=5.00 NAL=2 Slice:P Poc:480 I:0    P:99   SKIP:0    size=12092 bytes PSNR Y:55.71 U:57.43 V:57.66
x264 [debug]: frame= 241 QP=5.00 NAL=2 Slice:P Poc:482 I:0    P:99   SKIP:0    size=12145 bytes PSNR Y:55.89 U:57.54 V:57.44
x264 [debug]: frame= 242 QP=5.00 NAL=2 Slice:P Poc:484 I:0    P:99   SKIP:0    size=11593 bytes PSNR Y:55.84 U:57.65 V:57.48
x264 [debug]: frame= 243 QP=5.00 NAL=2 Slice:P Poc:486 I:0    P:99   SKIP:0    size=11294 bytes PSNR Y:55.87 U:57.52 V:57.36
x264 [debug]: frame= 244 QP=5.00 NAL=2 Slice:P Poc:488 I:0    P:99   SKIP:0    size=11846 bytes PSNR Y:56.03 U:57.43 V:57.53
x264 [debug]: frame= 245 QP=5.00 NAL=2 Slice:P Poc:490 I:0    P:99   SKIP:0    size=12090 bytes PSNR Y:56.00 U:57.51 V:57.59
x264 [debug]: frame= 246 QP=5.00 NAL=2 Slice:P Poc:492 I:0    P:99   SKIP:0    size=11853 bytes PSNR Y:55.86 U:57.48 V:57.56
x264 [debug]: frame= 247 QP=5.00 NAL=2 Slice:P Poc:494 I:0    P:99   SKIP:0    size=11606 bytes PSNR Y:55.98 U:57.38 V:57.47
x264 [debug]: frame= 248 QP=5.00 NAL=2 Slice:P Poc:496 I:0    P:99   SKIP:0    size=11224 bytes PSNR Y:55.91 U:57.37 V:57.32
x264 [debug]: frame= 249 QP=5.00 NAL=2 Slice:P Poc:498 I:0    P:99   SKIP:0    size=11038 bytes PSNR Y:55.85 U:57.24 V:57.49
x264 [debug]: frame= 250 QP=2.00 NAL=3 Slice:I Poc:0   I:99   P:0    SKIP:0    size=24128 bytes PSNR Y:61.59 U:67.17 V:68.51
x264 [debug]: frame= 251 QP=5.00 NAL=2 Slice:P Poc:2   I:0    P:99   SKIP:0    size=11178 bytes PSNR Y:55.87 U:57.47 V:57.35
x264 [debug]: frame= 252 QP=5.00 NAL=2 Slice:P Poc:4   I:0    P:99   SKIP:0    size=9766 bytes PSNR Y:55.70 U:57.09 V:57.07
x264 [debug]: frame= 253 QP=5.00 NAL=2 Slice:P Poc:6   I:0    P:99   SKIP:0    size=10322 bytes PSNR Y:55.87 U:57.19 V:57.18
x264 [debug]: frame= 254 QP=5.00 NAL=2 Slice:P Poc:8   I:0    P:99   SKIP:0    size=10386 bytes PSNR Y:55.82 U:57.27 V:57.16
x264 [debug]: frame= 255 QP=5.00 NAL=2 Slice:P Poc:10  I:0    P:99   SKIP:0    size=10798 bytes PSNR Y:55.89 U:57.26 V:57.35
x264 [debug]: frame= 256 QP=5.00 NAL=2 Slice:P Poc:12  I:0    P:99   SKIP:0    size=11662 bytes PSNR Y:55.85 U:57.52 V:57.34
x264 [debug]: frame= 257 QP=5.00 NAL=2 Slice:P Poc:14  I:0    P:99   SKIP:0    size=11647 bytes PSNR Y:55.97 U:57.50 V:57.50
x264 [debug]: frame= 258 QP=5.00 NAL=2 Slice:P Poc:16  I:0    P:99   SKIP:0    size=10033 bytes PSNR Y:55.87 U:57.36 V:57.23
x264 [debug]: frame= 259 QP=5.00 NAL=2 Slice:P Poc:18  I:0    P:99   SKIP:0    size=10444 bytes PSNR Y:55.78 U:57.25 V:57.19
x264 [debug]: frame= 260 QP=5.00 NAL=2 Slice:P Poc:20  I:0    P:99   SKIP:0    size=11287 bytes PSNR Y:55.96 U:57.38 V:57.16
x264 [debug]: frame= 261 QP=5.00 NAL=2 Slice:P Poc:22  I:0    P:99   SKIP:0    size=11185 bytes PSNR Y:55.95 U:57.36 V:57.27
x264 [debug]: frame= 262 QP=5.00 NAL=2 Slice:P Poc:24  I:0    P:99   SKIP:0    size=11439 bytes PSNR Y:55.99 U:57.18 V:57.61
x264 [debug]: frame= 263 QP=5.00 NAL=2 Slice:P Poc:26  I:0    P:99   SKIP:0    size=10943 bytes PSNR Y:55.78 U:57.51 V:57.35
x264 [debug]: frame= 264 QP=5.00 NAL=2 Slice:P Poc:28  I:0    P:99   SKIP:0    size=10191 bytes PSNR Y:55.87 U:57.40 V:57.39
x264 [debug]: frame= 265 QP=5.00 NAL=2 Slice:P Poc:30  I:0    P:99   SKIP:0    size=10535 bytes PSNR Y:55.82 U:57.40 V:57.53
x264 [debug]: frame= 266 QP=5.00 NAL=2 Slice:P Poc:32  I:0    P:99   SKIP:0    size=10761 bytes PSNR Y:55.90 U:57.17 V:57.46
x264 [debug]: frame= 267 QP=5.00 NAL=2 Slice:P Poc:34  I:0    P:99   SKIP:0    size=10671 bytes PSNR Y:55.87 U:57.09 V:57.22
x264 [debug]: frame= 268 QP=5.00 NAL=2 Slice:P Poc:36  I:0    P:99   SKIP:0    size=10892 bytes PSNR Y:55.86 U:57.39 V:57.33
x264 [debug]: frame= 269 QP=5.00 NAL=2 Slice:P Poc:38  I:0    P:99   SKIP:0    size=10592 bytes PSNR Y:55.87 U:57.23 V:57.35
x264 [debug]: frame= 270 QP=5.00 NAL=2 Slice:P Poc:40  I:0    P:99   SKIP:0    size=9743 bytes PSNR Y:55.76 U:57.35 V:57.19
x264 [debug]: frame= 271 QP=5.00 NAL=2 Slice:P Poc:42  I:0    P:99   SKIP:0    size=9548 bytes PSNR Y:55.67 U:57.27 V:57.10
x264 [debug]: frame= 272 QP=5.00 NAL=2 Slice:P Poc:44  I:0    P:99   SKIP:0    size=10425 bytes PSNR Y:55.92 U:57.48 V:57.21
x264 [debug]: frame= 273 QP=5.00 NAL=2 Slice:P Poc:46  I:0    P:99   SKIP:0    size=10215 bytes PSNR Y:55.74 U:57.27 V:57.24
x264 [debug]: frame= 274 QP=5.00 NAL=2 Slice:P Poc:48  I:0    P:99   SKIP:0    size=9567 bytes PSNR Y:55.78 U:57.21 V:57.13
x264 [debug]: frame= 275 QP=5.00 NAL=2 Slice:P Poc:50  I:0    P:99   SKIP:0    size=9643 bytes PSNR Y:55.68 U:57.28 V:57.02
x264 [debug]: frame= 276 QP=5.00 NAL=2 Slice:P Poc:52  I:0    P:99   SKIP:0    size=9292 bytes PSNR Y:55.73 U:56.88 V:56.97
x264 [debug]: frame= 277 QP=5.00 NAL=2 Slice:P Poc:54  I:0    P:99   SKIP:0    size=9940 bytes PSNR Y:55.79 U:57.26 V:57.35
x264 [debug]: frame= 278 QP=5.00 NAL=2 Slice:P Poc:56  I:0    P:99   SKIP:0    size=10286 bytes PSNR Y:55.89 U:57.28 V:57.43
x264 [debug]: frame= 279 QP=5.00 NAL=2 Slice:P Poc:58  I:0    P:99   SKIP:0    size=10298 bytes PSNR Y:55.78 U:56.93 V:57.59
x264 [debug]: frame= 280 QP=5.00 NAL=2 Slice:P Poc:60  I:0    P:99   SKIP:0    size=10075 bytes PSNR Y:55.88 U:57.38 V:57.28
x264 [debug]: frame= 281 QP=5.00 NAL=2 Slice:P Poc:62  I:0    P:99   SKIP:0    size=9533 bytes PSNR Y:55.82 U:57.18 V:57.24
x264 [debug]: frame= 282 QP=5.00 NAL=2 Slice:P Poc:64  I:0    P:99   SKIP:0    size=10047 bytes PSNR Y:55.81 U:57.32 V:57.16
x264 [debug]: frame= 283 QP=5.00 NAL=2 Slice:P Poc:66  I:0    P:99   SKIP:0    size=10602 bytes PSNR Y:55.77 U:57.32 V:57.61
x264 [debug]: frame= 284 QP=5.00 NAL=2 Slice:P Poc:68  I:0    P:99   SKIP:0    size=10702 bytes PSNR Y:55.81 U:57.35 V:57.23
x264 [debug]: frame= 285 QP=5.00 NAL=2 Slice:P Poc:70  I:0    P:99   SKIP:0    size=10945 bytes PSNR Y:55.90 U:57.58 V:57.33
x264 [debug]: frame= 286 QP=5.00 NAL=2 Slice:P Poc:72  I:0    P:99   SKIP:0    size=11170 bytes PSNR Y:55.86 U:57.26 V:57.45
x264 [debug]: frame= 287 QP=5.00 NAL=2 Slice:P Poc:74  I:0    P:99   SKIP:0    size=10892 bytes PSNR Y:55.83 U:57.64 V:57.24
x264 [debug]: frame= 288 QP=5.00 NAL=2 Slice:P Poc:76  I:0    P:99   SKIP:0    size=10274 bytes PSNR Y:55.70 U:57.39 V:57.50
x264 [debug]: frame= 289 QP=5.00 NAL=2 Slice:P Poc:78  I:0    P:99   SKIP:0    size=10190 bytes PSNR Y:55.75 U:57.20 V:57.06
x264 [debug]: frame= 290 QP=5.00 NAL=2 Slice:P Poc:80  I:0    P:99   SKIP:0    size=10165 bytes PSNR Y:55.77 U:57.04 V:57.24
x264 [debug]: frame= 291 QP=5.00 NAL=2 Slice:P Poc:82  I:0    P:99   SKIP:0    size=10725 bytes PSNR Y:55.81 U:57.27 V:57.49
x264 [debug]: frame= 292 QP=5.00 NAL=2 Slice:P Poc:84  I:0    P:99   SKIP:0    size=10417 bytes PSNR Y:55.77 U:57.04 V:57.08
x264 [debug]: frame= 293 QP=5.00 NAL=2 Slice:P Poc:86  I:0    P:99   SKIP:0    size=9960 bytes PSNR Y:55.75 U:57.56 V:57.38
x264 [debug]: frame= 294 QP=5.00 NAL=2 Slice:P Poc:88  I:0    P:99   SKIP:0    size=10842 bytes PSNR Y:55.93 U:57.42 V:57.38
x264 [debug]: frame= 295 QP=5.00 NAL=2 Slice:P Poc:90  I:0    P:99   SKIP:0    size=11395 bytes PSNR Y:55.85 U:57.21 V:57.72
x264 [debug]: frame= 296 QP=5.00 NAL=2 Slice:P Poc:92  I:0    P:99   SKIP:0    size=11252 bytes PSNR Y:55.96 U:57.44 V:57.58
x264 [debug]: frame= 297 QP=5.00 NAL=2 Slice:P Poc:94  I:0    P:99   SKIP:0    size=11157 bytes PSNR Y:55.91 U:57.06 V:57.23
x264 [debug]: frame= 298 QP=5.00 NAL=2 Slice:P Poc:96  I:0    P:99   SKIP:0    size=10895 bytes PSNR Y:55.81 U:57.50 V:57.44
x264 [debug]: frame= 299 QP=5.00 NAL=2 Slice:P Poc:98  I:0    P:99   SKIP:0    size=10062 bytes PSNR Y:55.78 U:57.35 V:57.36
x264 [info]: frame I:2     Avg QP: 2.00  size: 22136  PSNR Mean Y:61.40 U:67.50 V:68.05 Avg:62.69 Global:62.68
x264 [info]: frame P:298   Avg QP: 5.00  size: 10651  PSNR Mean Y:55.75 U:57.33 V:57.37 Avg:56.22 Global:56.22
x264 [info]: mb I  I16..4:  0.0%  0.5% 99.5%
x264 [info]: mb P  I16..4:  0.2%  2.7%  1.1%  P16..4: 34.7% 31.4% 29.9%  0.0%  0.0%    skip: 0.0%
x264 [info]: 8x8 transform intra:58.3% inter:30.2%
x264 [info]: coded y,uvDC,uvAC intra: 99.8% 99.9% 99.9% inter: 100.0% 100.0% 100.0%
x264 [info]: i16 v,h,dc,p: 21% 10%  8% 60%
x264 [info]: i8 v,h,dc,ddl,ddr,vr,hd,vl,hu: 10% 30% 28%  3%  5%  4%  9%  2%  8%
x264 [info]: i4 v,h,dc,ddl,ddr,vr,hd,vl,hu: 19% 16% 10%  5% 13% 10% 11%  7% 10%
x264 [info]: i8c dc,h,v,p: 56% 19% 18%  7%
x264 [info]: Weighted P-Frames: Y:0.3% UV:0.0%
x264 [info]: ref P L0: 61.5% 16.1% 13.6%  8.7%  0.0%
x264 [info]: PSNR Mean Y:55.785 U:57.395 V:57.442 Avg:56.261 Global:56.239 kb/s:2145.52

encoded 300 frames, 256.46 fps, 2145.52 kb/s
