yuv [info]: 176x144p 0:0 @ 25/1 fps (cfr)
x264 [warning]: --psnr used with psy on: results will be invalid!
x264 [warning]: --tune psnr should be used if attempting to benchmark psnr!
x264 [debug]: using mv_range_thread = 24
x264 [info]: using cpu capabilities: MMX2 SSE2Fast SSSE3 FastShuffle SSE4.2 AVX
x264 [info]: profile High, level 1.1
x264 [debug]: frame=   0 QP=2.00 NAL=3 Slice:I Poc:0   I:99   P:0    SKIP:0    size=16785 bytes PSNR Y:61.54 U:67.70 V:68.16
x264 [debug]: frame=   1 QP=5.00 NAL=2 Slice:P Poc:2   I:37   P:62   SKIP:0    size=10792 bytes PSNR Y:55.74 U:58.01 V:57.84
x264 [debug]: frame=   2 QP=5.00 NAL=2 Slice:P Poc:4   I:33   P:66   SKIP:0    size=10777 bytes PSNR Y:55.79 U:58.19 V:58.13
x264 [debug]: frame=   3 QP=5.00 NAL=2 Slice:P Poc:6   I:34   P:65   SKIP:0    size=10697 bytes PSNR Y:55.78 U:58.23 V:58.07
x264 [debug]: frame=   4 QP=5.00 NAL=2 Slice:P Poc:8   I:42   P:57   SKIP:0    size=10888 bytes PSNR Y:55.80 U:58.33 V:58.30
x264 [debug]: frame=   5 QP=5.00 NAL=2 Slice:P Poc:10  I:32   P:67   SKIP:0    size=10891 bytes PSNR Y:55.76 U:57.93 V:58.06
x264 [debug]: frame=   6 QP=5.00 NAL=2 Slice:P Poc:12  I:38   P:61   SKIP:0    size=10900 bytes PSNR Y:55.76 U:58.37 V:58.02
x264 [debug]: frame=   7 QP=5.00 NAL=2 Slice:P Poc:14  I:32   P:67   SKIP:0    size=10673 bytes PSNR Y:55.82 U:58.13 V:57.98
x264 [debug]: frame=   8 QP=5.00 NAL=2 Slice:P Poc:16  I:38   P:61   SKIP:0    size=10774 bytes PSNR Y:55.80 U:58.26 V:58.33
x264 [debug]: frame=   9 QP=5.00 NAL=2 Slice:P Poc:18  I:30   P:69   SKIP:0    size=10571 bytes PSNR Y:55.76 U:58.19 V:58.27
x264 [debug]: frame=  10 QP=5.00 NAL=2 Slice:P Poc:20  I:32   P:67   SKIP:0    size=10630 bytes PSNR Y:55.70 U:58.13 V:58.11
x264 [debug]: frame=  11 QP=5.00 NAL=2 Slice:P Poc:22  I:32   P:67   SKIP:0    size=10640 bytes PSNR Y:55.77 U:58.07 V:58.00
x264 [debug]: frame=  12 QP=5.00 NAL=2 Slice:P Poc:24  I:37   P:62   SKIP:0    size=10507 bytes PSNR Y:55.73 U:58.46 V:58.15
x264 [debug]: frame=  13 QP=5.00 NAL=2 Slice:P Poc:26  I:35   P:64   SKIP:0    size=10505 bytes PSNR Y:55.81 U:57.74 V:58.00
x264 [debug]: frame=  14 QP=5.00 NAL=2 Slice:P Poc:28  I:34   P:65   SKIP:0    size=10626 bytes PSNR Y:55.78 U:58.23 V:58.16
x264 [debug]: frame=  15 QP=5.00 NAL=2 Slice:P Poc:30  I:35   P:64   SKIP:0    size=10734 bytes PSNR Y:55.73 U:58.09 V:58.08
x264 [debug]: frame=  16 QP=5.00 NAL=2 Slice:P Poc:32  I:34   P:65   SKIP:0    size=10776 bytes PSNR Y:55.75 U:58.21 V:58.26
x264 [debug]: frame=  17 QP=5.00 NAL=2 Slice:P Poc:34  I:34   P:65   SKIP:0    size=10845 bytes PSNR Y:55.60 U:58.02 V:57.92
x264 [debug]: frame=  18 QP=5.00 NAL=2 Slice:P Poc:36  I:33   P:66   SKIP:0    size=10820 bytes PSNR Y:55.69 U:58.33 V:58.13
x264 [debug]: frame=  19 QP=5.00 NAL=2 Slice:P Poc:38  I:38   P:61   SKIP:0    size=10723 bytes PSNR Y:55.80 U:57.89 V:58.28
x264 [debug]: frame=  20 QP=5.00 NAL=2 Slice:P Poc:40  I:38   P:61   SKIP:0    size=10710 bytes PSNR Y:55.69 U:58.14 V:58.48
x264 [debug]: frame=  21 QP=5.00 NAL=2 Slice:P Poc:42  I:35   P:64   SKIP:0    size=10567 bytes PSNR Y:55.79 U:58.07 V:57.98
x264 [debug]: frame=  22 QP=5.00 NAL=2 Slice:P Poc:44  I:38   P:61   SKIP:0    size=10522 bytes PSNR Y:55.77 U:57.98 V:58.01
x264 [debug]: frame=  23 QP=5.00 NAL=2 Slice:P Poc:46  I:33   P:66   SKIP:0    size=10607 bytes PSNR Y:55.63 U:58.13 V:58.10
x264 [debug]: frame=  24 QP=5.00 NAL=2 Slice:P Poc:48  I:32   P:67   SKIP:0    size=10607 bytes PSNR Y:55.83 U:57.83 V:57.99
x264 [debug]: frame=  25 QP=5.00 NAL=2 Slice:P Poc:50  I:35   P:64   SKIP:0    size=10625 bytes PSNR Y:55.72 U:58.18 V:58.16
x264 [debug]: frame=  26 QP=5.00 NAL=2 Slice:P Poc:52  I:37   P:62   SKIP:0    size=10650 bytes PSNR Y:55.85 U:58.21 V:58.26
x264 [debug]: frame=  27 QP=5.00 NAL=2 Slice:P Poc:54  I:33   P:66   SKIP:0    size=10528 bytes PSNR Y:55.67 U:58.36 V:58.13
x264 [debug]: frame=  28 QP=5.00 NAL=2 Slice:P Poc:56  I:33   P:66   SKIP:0    size=10592 bytes PSNR Y:55.77 U:58.15 V:58.07
x264 [debug]: frame=  29 QP=5.00 NAL=2 Slice:P Poc:58  I:33   P:66   SKIP:0    size=10586 bytes PSNR Y:55.76 U:58.23 V:58.18
x264 [debug]: frame=  30 QP=5.00 NAL=2 Slice:P Poc:60  I:35   P:64   SKIP:0    size=10614 bytes PSNR Y:55.69 U:58.25 V:58.09
x264 [debug]: frame=  31 QP=5.00 NAL=2 Slice:P Poc:62  I:35   P:64   SKIP:0    size=10574 bytes PSNR Y:55.71 U:58.17 V:58.30
x264 [debug]: frame=  32 QP=5.00 NAL=2 Slice:P Poc:64  I:39   P:60   SKIP:0    size=10572 bytes PSNR Y:55.70 U:58.18 V:58.36
x264 [debug]: frame=  33 QP=5.00 NAL=2 Slice:P Poc:66  I:32   P:67   SKIP:0    size=10598 bytes PSNR Y:55.83 U:58.14 V:58.35
x264 [debug]: frame=  34 QP=5.00 NAL=2 Slice:P Poc:68  I:39   P:60   SKIP:0    size=10644 bytes PSNR Y:55.77 U:58.11 V:57.96
x264 [debug]: frame=  35 QP=5.00 NAL=2 Slice:P Poc:70  I:34   P:65   SKIP:0    size=10507 bytes PSNR Y:55.79 U:58.12 V:58.11
x264 [debug]: frame=  36 QP=5.00 NAL=2 Slice:P Poc:72  I:32   P:67   SKIP:0    size=10441 bytes PSNR Y:55.78 U:57.92 V:58.00
x264 [debug]: frame=  37 QP=5.00 NAL=2 Slice:P Poc:74  I:38   P:61   SKIP:0    size=10626 bytes PSNR Y:55.75 U:58.23 V:57.86
x264 [debug]: frame=  38 QP=5.00 NAL=2 Slice:P Poc:76  I:37   P:62   SKIP:0    size=10698 bytes PSNR Y:55.88 U:57.92 V:58.09
x264 [debug]: frame=  39 QP=5.00 NAL=2 Slice:P Poc:78  I:34   P:65   SKIP:0    size=10713 bytes PSNR Y:55.74 U:58.21 V:57.88
x264 [debug]: frame=  40 QP=5.00 NAL=2 Slice:P Poc:80  I:40   P:59   SKIP:0    size=10888 bytes PSNR Y:55.79 U:58.40 V:58.20
x264 [debug]: frame=  41 QP=5.00 NAL=2 Slice:P Poc:82  I:28   P:71   SKIP:0    size=10786 bytes PSNR Y:55.81 U:57.87 V:57.91
x264 [debug]: frame=  42 QP=5.00 NAL=2 Slice:P Poc:84  I:36   P:63   SKIP:0    size=10875 bytes PSNR Y:55.74 U:58.25 V:57.99
x264 [debug]: frame=  43 QP=5.00 NAL=2 Slice:P Poc:86  I:33   P:66   SKIP:0    size=10613 bytes PSNR Y:55.81 U:58.06 V:58.26
x264 [debug]: frame=  44 QP=5.00 NAL=2 Slice:P Poc:88  I:37   P:62   SKIP:0    size=10667 bytes PSNR Y:55.80 U:58.31 V:58.07
x264 [debug]: frame=  45 QP=5.00 NAL=2 Slice:P Poc:90  I:35   P:64   SKIP:0    size=10702 bytes PSNR Y:55.78 U:57.96 V:58.18
x264 [debug]: frame=  46 QP=5.00 NAL=2 Slice:P Poc:92  I:37   P:62   SKIP:0    size=10636 bytes PSNR Y:55.77 U:58.38 V:58.05
x264 [debug]: frame=  47 QP=5.00 NAL=2 Slice:P Poc:94  I:33   P:66   SKIP:0    size=10720 bytes PSNR Y:55.79 U:58.05 V:58.31
x264 [debug]: frame=  48 QP=5.00 NAL=2 Slice:P Poc:96  I:30   P:69   SKIP:0    size=10728 bytes PSNR Y:55.68 U:58.13 V:57.87
x264 [debug]: frame=  49 QP=5.00 NAL=2 Slice:P Poc:98  I:36   P:63   SKIP:0    size=10749 bytes PSNR Y:55.78 U:58.01 V:58.25
x264 [debug]: frame=  50 QP=5.00 NAL=2 Slice:P Poc:100 I:34   P:65   SKIP:0    size=10704 bytes PSNR Y:55.78 U:58.05 V:57.97
x264 [debug]: frame=  51 QP=5.00 NAL=2 Slice:P Poc:102 I:31   P:68   SKIP:0    size=10734 bytes PSNR Y:55.75 U:58.05 V:58.11
x264 [debug]: frame=  52 QP=5.00 NAL=2 Slice:P Poc:104 I:30   P:69   SKIP:0    size=10662 bytes PSNR Y:55.72 U:58.09 V:58.30
x264 [debug]: frame=  53 QP=5.00 NAL=2 Slice:P Poc:106 I:37   P:62   SKIP:0    size=10660 bytes PSNR Y:55.74 U:58.12 V:58.01
x264 [debug]: frame=  54 QP=5.00 NAL=2 Slice:P Poc:108 I:37   P:62   SKIP:0    size=10632 bytes PSNR Y:55.65 U:58.18 V:58.29
x264 [debug]: frame=  55 QP=5.00 NAL=2 Slice:P Poc:110 I:38   P:61   SKIP:0    size=10694 bytes PSNR Y:55.68 U:58.18 V:58.16
x264 [debug]: frame=  56 QP=5.00 NAL=2 Slice:P Poc:112 I:35   P:64   SKIP:0    size=10689 bytes PSNR Y:55.75 U:58.33 V:58.14
x264 [debug]: frame=  57 QP=5.00 NAL=2 Slice:P Poc:114 I:24   P:75   SKIP:0    size=10691 bytes PSNR Y:55.80 U:58.12 V:58.18
x264 [debug]: frame=  58 QP=5.00 NAL=2 Slice:P Poc:116 I:37   P:62   SKIP:0    size=10589 bytes PSNR Y:55.69 U:57.79 V:57.96
x264 [debug]: frame=  59 QP=5.00 NAL=2 Slice:P Poc:118 I:34   P:65   SKIP:0    size=10778 bytes PSNR Y:55.67 U:58.20 V:58.20
x264 [debug]: frame=  60 QP=5.00 NAL=2 Slice:P Poc:120 I:36   P:63   SKIP:0    size=10725 bytes PSNR Y:55.80 U:58.27 V:58.10
x264 [debug]: frame=  61 QP=5.00 NAL=2 Slice:P Poc:122 I:32   P:67   SKIP:0    size=10892 bytes PSNR Y:55.72 U:58.16 V:58.05
x264 [debug]: frame=  62 QP=5.00 NAL=2 Slice:P Poc:124 I:30   P:69   SKIP:0    size=10932 bytes PSNR Y:55.76 U:58.05 V:57.99
x264 [debug]: frame=  63 QP=5.00 NAL=2 Slice:P Poc:126 I:33   P:66   SKIP:0    size=11005 bytes PSNR Y:55.79 U:58.21 V:58.09
x264 [debug]: frame=  64 QP=5.00 NAL=2 Slice:P Poc:128 I:37   P:62   SKIP:0    size=10886 bytes PSNR Y:55.88 U:58.37 V:58.07
x264 [debug]: frame=  65 QP=5.00 NAL=2 Slice:P Poc:130 I:40   P:59   SKIP:0    size=10914 bytes PSNR Y:55.83 U:58.05 V:58.32
x264 [debug]: frame=  66 QP=5.00 NAL=2 Slice:P Poc:132 I:39   P:60   SKIP:0    size=10900 bytes PSNR Y:55.79 U:57.90 V:58.07
x264 [debug]: frame=  67 QP=5.00 NAL=2 Slice:P Poc:134 I:37   P:62   SKIP:0    size=10840 bytes PSNR Y:55.84 U:58.30 V:58.07
x264 [debug]: frame=  68 QP=5.00 NAL=2 Slice:P Poc:136 I:33   P:66   SKIP:0    size=10693 bytes PSNR Y:55.70 U:58.22 V:58.36
x264 [debug]: frame=  69 QP=5.00 NAL=2 Slice:P Poc:138 I:39   P:60   SKIP:0    size=10787 bytes PSNR Y:55.80 U:58.01 V:57.91
x264 [debug]: frame=  70 QP=5.00 NAL=2 Slice:P Poc:140 I:35   P:64   SKIP:0    size=10754 bytes PSNR Y:55.72 U:58.13 V:57.79
x264 [debug]: frame=  71 QP=5.00 NAL=2 Slice:P Poc:142 I:35   P:64   SKIP:0    size=10810 bytes PSNR Y:55.74 U:58.29 V:58.20
x264 [debug]: frame=  72 QP=5.00 NAL=2 Slice:P Poc:144 I:35   P:64   SKIP:0    size=10953 bytes PSNR Y:55.72 U:58.27 V:58.08
x264 [debug]: frame=  73 QP=5.00 NAL=2 Slice:P Poc:146 I:34   P:65   SKIP:0    size=10928 bytes PSNR Y:55.81 U:58.46 V:57.92
x264 [debug]: frame=  74 QP=5.00 NAL=2 Slice:P Poc:148 I:36   P:63   SKIP:0    size=10866 bytes PSNR Y:55.66 U:58.13 V:57.97
x264 [debug]: frame=  75 QP=5.00 NAL=2 Slice:P Poc:150 I:41   P:58   SKIP:0    size=10807 bytes PSNR Y:55.71 U:57.99 V:58.08
x264 [debug]: frame=  76 QP=5.00 NAL=2 Slice:P Poc:152 I:36   P:63   SKIP:0    size=10897 bytes PSNR Y:55.78 U:58.06 V:58.07
x264 [debug]: frame=  77 QP=5.00 NAL=2 Slice:P Poc:154 I:30   P:69   SKIP:0    size=10788 bytes PSNR Y:55.81 U:58.07 V:58.23
x264 [debug]: frame=  78 QP=5.00 NAL=2 Slice:P Poc:156 I:31   P:68   SKIP:0    size=10788 bytes PSNR Y:55.75 U:58.18 V:58.12
x264 [debug]: frame=  79 QP=5.00 NAL=2 Slice:P Poc:158 I:30   P:69   SKIP:0    size=10845 bytes PSNR Y:55.77 U:58.23 V:58.06
x264 [debug]: frame=  80 QP=5.00 NAL=2 Slice:P Poc:160 I:36   P:63   SKIP:0    size=10798 bytes PSNR Y:55.77 U:58.17 V:58.25
x264 [debug]: frame=  81 QP=5.00 NAL=2 Slice:P Poc:162 I:34   P:65   SKIP:0    size=10849 bytes PSNR Y:55.75 U:58.25 V:58.17
x264 [debug]: frame=  82 QP=5.00 NAL=2 Slice:P Poc:164 I:34   P:65   SKIP:0    size=10753 bytes PSNR Y:55.75 U:58.42 V:58.34
x264 [debug]: frame=  83 QP=5.00 NAL=2 Slice:P Poc:166 I:39   P:60   SKIP:0    size=10698 bytes PSNR Y:55.74 U:58.06 V:58.09
x264 [debug]: frame=  84 QP=5.00 NAL=2 Slice:P Poc:168 I:34   P:65   SKIP:0    size=10760 bytes PSNR Y:55.70 U:58.05 V:58.19
x264 [debug]: frame=  85 QP=5.00 NAL=2 Slice:P Poc:170 I:36   P:63   SKIP:0    size=10891 bytes PSNR Y:55.84 U:58.24 V:57.92
x264 [debug]: frame=  86 QP=5.00 NAL=2 Slice:P Poc:172 I:36   P:63   SKIP:0    size=10976 bytes PSNR Y:55.78 U:58.09 V:58.07
x264 [debug]: frame=  87 QP=5.00 NAL=2 Slice:P Poc:174 I:34   P:65   SKIP:0    size=11097 bytes PSNR Y:55.79 U:57.97 V:57.91
x264 [debug]: frame=  88 QP=5.00 NAL=2 Slice:P Poc:176 I:33   P:66   SKIP:0    size=10977 bytes PSNR Y:55.79 U:58.05 V:57.95
x264 [debug]: frame=  89 QP=5.00 NAL=2 Slice:P Poc:178 I:37   P:62   SKIP:0    size=11046 bytes PSNR Y:55.79 U:58.07 V:57.83
x264 [debug]: frame=  90 QP=5.00 NAL=2 Slice:P Poc:180 I:37   P:62   SKIP:0    size=10909 bytes PSNR Y:55.86 U:58.17 V:58.13
x264 [debug]: frame=  91 QP=5.00 NAL=2 Slice:P Poc:182 I:33   P:66   SKIP:0    size=10820 bytes PSNR Y:55.86 U:58.24 V:58.10
x264 [debug]: frame=  92 QP=5.00 NAL=2 Slice:P Poc:184 I:32   P:67   SKIP:0    size=10767 bytes PSNR Y:55.75 U:58.57 V:57.90
x264 [debug]: frame=  93 QP=5.00 NAL=2 Slice:P Poc:186 I:30   P:69   SKIP:0    size=10765 bytes PSNR Y:55.75 U:58.11 V:58.18
x264 [debug]: frame=  94 QP=5.00 NAL=2 Slice:P Poc:188 I:36   P:63   SKIP:0    size=10703 bytes PSNR Y:55.81 U:58.18 V:58.17
x264 [debug]: frame=  95 QP=5.00 NAL=2 Slice:P Poc:190 I:35   P:64   SKIP:0    size=10744 bytes PSNR Y:55.79 U:57.95 V:58.05
x264 [debug]: frame=  96 QP=5.00 NAL=2 Slice:P Poc:192 I:34   P:65   SKIP:0    size=11001 bytes PSNR Y:55.68 U:58.22 V:58.14
x264 [debug]: frame=  97 QP=5.00 NAL=2 Slice:P Poc:194 I:35   P:64   SKIP:0    size=10861 bytes PSNR Y:55.64 U:58.13 V:58.28
x264 [debug]: frame=  98 QP=5.00 NAL=2 Slice:P Poc:196 I:39   P:60   SKIP:0    size=10807 bytes PSNR Y:55.80 U:58.03 V:57.93
x264 [debug]: frame=  99 QP=5.00 NAL=2 Slice:P Poc:198 I:39   P:60   SKIP:0    size=10883 bytes PSNR Y:55.79 U:58.01 V:57.99
x264 [debug]: frame= 100 QP=5.00 NAL=2 Slice:P Poc:200 I:44   P:55   SKIP:0    size=11032 bytes PSNR Y:55.73 U:58.18 V:58.08
x264 [debug]: frame= 101 QP=5.00 NAL=2 Slice:P Poc:202 I:41   P:58   SKIP:0    size=10990 bytes PSNR Y:55.68 U:57.93 V:58.08
x264 [debug]: frame= 102 QP=5.00 NAL=2 Slice:P Poc:204 I:34   P:65   SKIP:0    size=10892 bytes PSNR Y:55.76 U:58.05 V:58.14
x264 [debug]: frame= 103 QP=5.00 NAL=2 Slice:P Poc:206 I:33   P:66   SKIP:0    size=10846 bytes PSNR Y:55.79 U:58.05 V:58.02
x264 [debug]: frame= 104 QP=5.00 NAL=2 Slice:P Poc:208 I:36   P:63   SKIP:0    size=10683 bytes PSNR Y:55.86 U:57.97 V:58.00
x264 [debug]: frame= 105 QP=5.00 NAL=2 Slice:P Poc:210 I:39   P:60   SKIP:0    size=10713 bytes PSNR Y:55.75 U:57.91 V:58.15
x264 [debug]: frame= 106 QP=5.00 NAL=2 Slice:P Poc:212 I:34   P:65   SKIP:0    size=10593 bytes PSNR Y:55.80 U:57.82 V:58.20
x264 [debug]: frame= 107 QP=5.00 NAL=2 Slice:P Poc:214 I:34   P:65   SKIP:0    size=10655 bytes PSNR Y:55.80 U:58.46 V:58.08
x264 [debug]: frame= 108 QP=5.00 NAL=2 Slice:P Poc:216 I:38   P:61   SKIP:0    size=10739 bytes PSNR Y:55.75 U:58.35 V:58.36
x264 [debug]: frame= 109 QP=5.00 NAL=2 Slice:P Poc:218 I:36   P:63   SKIP:0    size=10894 bytes PSNR Y:55.77 U:58.12 V:58.20
x264 [debug]: frame= 110 QP=5.00 NAL=2 Slice:P Poc:220 I:34   P:65   SKIP:0    size=10981 bytes PSNR Y:55.83 U:58.32 V:58.15
x264 [debug]: frame= 111 QP=5.00 NAL=2 Slice:P Poc:222 I:39   P:60   SKIP:0    size=10880 bytes PSNR Y:55.75 U:57.98 V:58.01
x264 [debug]: frame= 112 QP=5.00 NAL=2 Slice:P Poc:224 I:32   P:67   SKIP:0    size=10841 bytes PSNR Y:55.71 U:58.05 V:58.03
x264 [debug]: frame= 113 QP=5.00 NAL=2 Slice:P Poc:226 I:34   P:65   SKIP:0    size=10961 bytes PSNR Y:55.80 U:58.09 V:58.11
x264 [debug]: frame= 114 QP=5.00 NAL=2 Slice:P Poc:228 I:33   P:66   SKIP:0    size=10917 bytes PSNR Y:55.79 U:57.86 V:57.91
x264 [debug]: frame= 115 QP=5.00 NAL=2 Slice:P Poc:230 I:37   P:62   SKIP:0    size=10959 bytes PSNR Y:55.74 U:58.06 V:58.46
x264 [debug]: frame= 116 QP=5.00 NAL=2 Slice:P Poc:232 I:30   P:69   SKIP:0    size=10933 bytes PSNR Y:55.72 U:58.32 V:57.97
x264 [debug]: frame= 117 QP=5.00 NAL=2 Slice:P Poc:234 I:32   P:67   SKIP:0    size=10756 bytes PSNR Y:55.65 U:58.06 V:58.07
x264 [debug]: frame= 118 QP=5.00 NAL=2 Slice:P Poc:236 I:35   P:64   SKIP:0    size=10797 bytes PSNR Y:55.91 U:58.07 V:57.69
x264 [debug]: frame= 119 QP=5.00 NAL=2 Slice:P Poc:238 I:34   P:65   SKIP:0    size=10843 bytes PSNR Y:55.74 U:57.84 V:58.26
x264 [debug]: frame= 120 QP=5.00 NAL=2 Slice:P Poc:240 I:37   P:62   SKIP:0    size=10634 bytes PSNR Y:55.79 U:58.18 V:57.96
x264 [debug]: frame= 121 QP=5.00 NAL=2 Slice:P Poc:242 I:34   P:65   SKIP:0    size=10761 bytes PSNR Y:55.74 U:58.23 V:57.97
x264 [debug]: frame= 122 QP=5.00 NAL=2 Slice:P Poc:244 I:32   P:67   SKIP:0    size=10712 bytes PSNR Y:55.75 U:58.22 V:58.33
x264 [debug]: frame= 123 QP=5.00 NAL=2 Slice:P Poc:246 I:38   P:61   SKIP:0    size=10783 bytes PSNR Y:55.73 U:58.18 V:58.20
x264 [debug]: frame= 124 QP=5.00 NAL=2 Slice:P Poc:248 I:42   P:57   SKIP:0    size=10606 bytes PSNR Y:55.66 U:58.09 V:58.25
x264 [debug]: frame= 125 QP=5.00 NAL=2 Slice:P Poc:250 I:39   P:60   SKIP:0    size=10566 bytes PSNR Y:55.76 U:58.03 V:58.21
x264 [debug]: frame= 126 QP=5.00 NAL=2 Slice:P Poc:252 I:40   P:59   SKIP:0    size=10524 bytes PSNR Y:55.68 U:58.10 V:57.91
x264 [debug]: frame= 127 QP=5.00 NAL=2 Slice:P Poc:254 I:42   P:57   SKIP:0    size=10407 bytes PSNR Y:55.78 U:58.21 V:58.23
x264 [debug]: frame= 128 QP=5.00 NAL=2 Slice:P Poc:256 I:36   P:63   SKIP:0    size=10495 bytes PSNR Y:55.84 U:58.37 V:58.03
x264 [debug]: frame= 129 QP=5.00 NAL=2 Slice:P Poc:258 I:35   P:64   SKIP:0    size=10727 bytes PSNR Y:55.67 U:58.13 V:58.43
x264 [debug]: frame= 130 QP=5.00 NAL=2 Slice:P Poc:260 I:39   P:60   SKIP:0    size=10771 bytes PSNR Y:55.80 U:58.26 V:58.64
x264 [debug]: frame= 131 QP=5.00 NAL=2 Slice:P Poc:262 I:36   P:63   SKIP:0    size=10690 bytes PSNR Y:55.79 U:57.90 V:58.11
x264 [debug]: frame= 132 QP=5.00 NAL=2 Slice:P Poc:264 I:37   P:62   SKIP:0    size=10688 bytes PSNR Y:55.73 U:58.20 V:58.35
x264 [debug]: frame= 133 QP=5.00 NAL=2 Slice:P Poc:266 I:35   P:64   SKIP:0    size=10526 bytes PSNR Y:55.79 U:58.27 V:58.11
x264 [debug]: frame= 134 QP=5.00 NAL=2 Slice:P Poc:268 I:34   P:65   SKIP:0    size=10624 bytes PSNR Y:55.72 U:58.08 V:58.05
x264 [debug]: frame= 135 QP=5.00 NAL=2 Slice:P Poc:270 I:40   P:59   SKIP:0    size=10752 bytes PSNR Y:55.89 U:58.01 V:58.08
x264 [debug]: frame= 136 QP=5.00 NAL=2 Slice:P Poc:272 I:37   P:62   SKIP:0    size=10693 bytes PSNR Y:55.75 U:58.30 V:58.21
x264 [debug]: frame= 137 QP=5.00 NAL=2 Slice:P Poc:274 I:35   P:64   SKIP:0    size=10564 bytes PSNR Y:55.79 U:58.26 V:58.01
x264 [debug]: frame= 138 QP=5.00 NAL=2 Slice:P Poc:276 I:37   P:62   SKIP:0    size=10493 bytes PSNR Y:55.68 U:58.28 V:58.24
x264 [debug]: frame= 139 QP=5.00 NAL=2 Slice:P Poc:278 I:37   P:62   SKIP:0    size=10499 bytes PSNR Y:55.68 U:58.31 V:58.27
x264 [debug]: frame= 140 QP=5.00 NAL=2 Slice:P Poc:280 I:27   P:72   SKIP:0    size=10705 bytes PSNR Y:55.73 U:58.18 V:58.07
x264 [debug]: frame= 141 QP=5.00 NAL=2 Slice:P Poc:282 I:30   P:69   SKIP:0    size=10625 bytes PSNR Y:55.62 U:58.23 V:57.82
x264 [debug]: frame= 142 QP=5.00 NAL=2 Slice:P Poc:284 I:36   P:63   SKIP:0    size=10650 bytes PSNR Y:55.75 U:58.37 V:58.13
x264 [debug]: frame= 143 QP=5.00 NAL=2 Slice:P Poc:286 I:40   P:59   SKIP:0    size=10595 bytes PSNR Y:55.74 U:58.23 V:58.13
x264 [debug]: frame= 144 QP=5.00 NAL=2 Slice:P Poc:288 I:35   P:64   SKIP:0    size=10569 bytes PSNR Y:55.80 U:58.26 V:58.07
x264 [debug]: frame= 145 QP=5.00 NAL=2 Slice:P Poc:290 I:33   P:66   SKIP:0    size=10496 bytes PSNR Y:55.70 U:58.05 V:58.12
x264 [debug]: frame= 146 QP=5.00 NAL=2 Slice:P Poc:292 I:33   P:66   SKIP:0    size=10592 bytes PSNR Y:55.83 U:58.01 V:58.08
x264 [debug]: frame= 147 QP=5.00 NAL=2 Slice:P Poc:294 I:30   P:69   SKIP:0    size=10489 bytes PSNR Y:55.79 U:58.03 V:57.93
x264 [debug]: frame= 148 QP=5.00 NAL=2 Slice:P Poc:296 I:34   P:65   SKIP:0    size=10645 bytes PSNR Y:55.73 U:58.06 V:58.11
x264 [debug]: frame= 149 QP=5.00 NAL=2 Slice:P Poc:298 I:34   P:65   SKIP:0    size=10606 bytes PSNR Y:55.73 U:58.05 V:58.11
x264 [info]: frame I:1     Avg QP: 2.00  size: 16785  PSNR Mean Y:61.54 U:67.70 V:68.16 Avg:62.82 Global:62.82
x264 [info]: frame P:149   Avg QP: 5.00  size: 10735  PSNR Mean Y:55.76 U:58.14 V:58.11 Avg:56.41 Global:56.41
x264 [info]: mb I  I16..4: 34.3%  1.0% 64.6%
x264 [info]: mb P  I16..4:  1.5% 28.4%  5.6%  P16..4: 17.9% 26.3% 20.4%  0.0%  0.0%    skip: 0.0%
x264 [info]: 8x8 transform intra:78.6% inter:27.5%
x264 [info]: coded y,uvDC,uvAC intra: 100.0% 100.0% 100.0% inter: 100.0% 100.0% 100.0%
x264 [info]: i16 v,h,dc,p: 25% 40% 15% 19%
x264 [info]: i8 v,h,dc,ddl,ddr,vr,hd,vl,hu: 20% 30% 30%  3%  3%  3%  3%  4%  5%
x264 [info]: i4 v,h,dc,ddl,ddr,vr,hd,vl,hu: 12% 26% 27%  6%  6%  5%  5%  5%  7%
x264 [info]: i8c dc,h,v,p: 63% 21%  7% 10%
x264 [info]: Weighted P-Frames: Y:0.0% UV:0.0%
x264 [info]: ref P L0: 54.7% 10.8% 23.0% 11.5%
x264 [info]: PSNR Mean Y:55.797 U:58.203 V:58.175 Avg:56.456 Global:56.435 kb/s:2154.99

encoded 150 frames, 184.44 fps, 2154.99 kb/s
